[INFO]: Preparing LEF files for the nom corner...
[INFO]: Preparing LEF files for the min corner...
[INFO]: Preparing LEF files for the max corner...
[INFO]: Running Synthesis...
[INFO]: Running Single-Corner Static Timing Analysis...
[ERROR]: during executing openroad script /openlane/scripts/openroad/sta.tcl
[ERROR]: Exit code: 1
[ERROR]: full log: designs/usb/runs/prueba15/logs/synthesis/2-sta.log
[ERROR]: Last 10 lines:
min_report_end
REPORTE_ANA

===========================================================================
report_checks -path_delay FF MIN (Hold)
============================================================================
[WARNING STA-0322] instance 'sky130_fd_sc_hd__dfbbn_1' not found.
Error: sta.tcl, 113 missing operator at _@_
in expression "0_@_{"
child process exited abnormally

[INFO]: Saving runtime environment...
[INFO]: Creating reproducible...
[ERROR]: Failed to package reproducible.
[INFO]: Saving current set of views in 'designs/usb/runs/prueba15/results/final'...
[INFO]: Generating final set of reports...
[INFO]: Created manufacturability report at 'designs/usb/runs/prueba15/reports/manufacturability.rpt'.
[INFO]: Created metrics report at 'designs/usb/runs/prueba15/reports/metrics.csv'.
[INFO]: Saving runtime environment...
[ERROR]: Flow failed.
