Instance name,  X location,  Y location,  Voltage 
PHY_864, 5.4, 1188.64, 1.8
PHY_865, 1193.4, 1188.64, 1.8
PHY_860, 5.4, 1183.2, 1.8
PHY_862, 5.4, 1183.2, 1.8
PHY_861, 1193.4, 1183.2, 1.8
PHY_863, 1193.4, 1183.2, 1.8
PHY_856, 5.4, 1177.76, 1.8
PHY_858, 5.4, 1177.76, 1.8
PHY_857, 1193.4, 1177.76, 1.8
PHY_859, 1193.4, 1177.76, 1.8
PHY_852, 5.4, 1172.32, 1.8
PHY_854, 5.4, 1172.32, 1.8
PHY_853, 1193.4, 1172.32, 1.8
PHY_855, 1193.4, 1172.32, 1.8
PHY_848, 5.4, 1166.88, 1.8
PHY_850, 5.4, 1166.88, 1.8
PHY_849, 1193.4, 1166.88, 1.8
PHY_851, 1193.4, 1166.88, 1.8
PHY_844, 5.4, 1161.44, 1.8
PHY_846, 5.4, 1161.44, 1.8
PHY_845, 1193.4, 1161.44, 1.8
PHY_847, 1193.4, 1161.44, 1.8
PHY_840, 5.4, 1156, 1.8
PHY_842, 5.4, 1156, 1.8
PHY_841, 1193.4, 1156, 1.8
PHY_843, 1193.4, 1156, 1.8
PHY_836, 5.4, 1150.56, 1.8
PHY_838, 5.4, 1150.56, 1.8
PHY_837, 1193.4, 1150.56, 1.8
PHY_839, 1193.4, 1150.56, 1.8
PHY_832, 5.4, 1145.12, 1.8
PHY_834, 5.4, 1145.12, 1.8
PHY_833, 1193.4, 1145.12, 1.8
PHY_835, 1193.4, 1145.12, 1.8
PHY_828, 5.4, 1139.68, 1.8
PHY_830, 5.4, 1139.68, 1.8
PHY_829, 1193.4, 1139.68, 1.8
PHY_831, 1193.4, 1139.68, 1.8
PHY_824, 5.4, 1134.24, 1.8
PHY_826, 5.4, 1134.24, 1.8
PHY_825, 1193.4, 1134.24, 1.8
PHY_827, 1193.4, 1134.24, 1.8
PHY_820, 5.4, 1128.8, 1.8
PHY_822, 5.4, 1128.8, 1.8
PHY_821, 1193.4, 1128.8, 1.8
PHY_823, 1193.4, 1128.8, 1.8
PHY_816, 5.4, 1123.36, 1.8
PHY_818, 5.4, 1123.36, 1.8
PHY_817, 1193.4, 1123.36, 1.8
PHY_819, 1193.4, 1123.36, 1.8
PHY_812, 5.4, 1117.92, 1.8
PHY_814, 5.4, 1117.92, 1.8
PHY_813, 1193.4, 1117.92, 1.8
PHY_815, 1193.4, 1117.92, 1.8
PHY_808, 5.4, 1112.48, 1.8
PHY_810, 5.4, 1112.48, 1.8
PHY_809, 1193.4, 1112.48, 1.8
PHY_811, 1193.4, 1112.48, 1.8
PHY_804, 5.4, 1107.04, 1.8
PHY_806, 5.4, 1107.04, 1.8
PHY_805, 1193.4, 1107.04, 1.8
PHY_807, 1193.4, 1107.04, 1.8
PHY_800, 5.4, 1101.6, 1.8
PHY_802, 5.4, 1101.6, 1.8
PHY_801, 1193.4, 1101.6, 1.8
PHY_803, 1193.4, 1101.6, 1.8
PHY_796, 5.4, 1096.16, 1.8
PHY_798, 5.4, 1096.16, 1.8
PHY_797, 1193.4, 1096.16, 1.8
PHY_799, 1193.4, 1096.16, 1.8
PHY_792, 5.4, 1090.72, 1.8
PHY_794, 5.4, 1090.72, 1.8
PHY_793, 1193.4, 1090.72, 1.8
PHY_795, 1193.4, 1090.72, 1.8
PHY_788, 5.4, 1085.28, 1.8
PHY_790, 5.4, 1085.28, 1.8
PHY_789, 1193.4, 1085.28, 1.8
PHY_791, 1193.4, 1085.28, 1.8
PHY_784, 5.4, 1079.84, 1.8
PHY_786, 5.4, 1079.84, 1.8
PHY_785, 1193.4, 1079.84, 1.8
PHY_787, 1193.4, 1079.84, 1.8
PHY_780, 5.4, 1074.4, 1.8
PHY_782, 5.4, 1074.4, 1.8
PHY_781, 1193.4, 1074.4, 1.8
PHY_783, 1193.4, 1074.4, 1.8
PHY_776, 5.4, 1068.96, 1.8
PHY_778, 5.4, 1068.96, 1.8
PHY_777, 1193.4, 1068.96, 1.8
PHY_779, 1193.4, 1068.96, 1.8
PHY_772, 5.4, 1063.52, 1.8
PHY_774, 5.4, 1063.52, 1.8
PHY_773, 1193.4, 1063.52, 1.8
PHY_775, 1193.4, 1063.52, 1.8
PHY_768, 5.4, 1058.08, 1.8
PHY_770, 5.4, 1058.08, 1.8
PHY_769, 1193.4, 1058.08, 1.8
PHY_771, 1193.4, 1058.08, 1.8
PHY_764, 5.4, 1052.64, 1.8
PHY_766, 5.4, 1052.64, 1.8
PHY_765, 1193.4, 1052.64, 1.8
PHY_767, 1193.4, 1052.64, 1.8
PHY_760, 5.4, 1047.2, 1.8
PHY_762, 5.4, 1047.2, 1.8
PHY_761, 1193.4, 1047.2, 1.8
PHY_763, 1193.4, 1047.2, 1.8
PHY_756, 5.4, 1041.76, 1.8
PHY_758, 5.4, 1041.76, 1.8
PHY_757, 1193.4, 1041.76, 1.8
PHY_759, 1193.4, 1041.76, 1.8
PHY_752, 5.4, 1036.32, 1.8
PHY_754, 5.4, 1036.32, 1.8
PHY_753, 1193.4, 1036.32, 1.8
PHY_755, 1193.4, 1036.32, 1.8
PHY_748, 5.4, 1030.88, 1.8
PHY_750, 5.4, 1030.88, 1.8
PHY_749, 1193.4, 1030.88, 1.8
PHY_751, 1193.4, 1030.88, 1.8
PHY_744, 5.4, 1025.44, 1.8
PHY_746, 5.4, 1025.44, 1.8
PHY_745, 1193.4, 1025.44, 1.8
PHY_747, 1193.4, 1025.44, 1.8
PHY_740, 5.4, 1020, 1.8
PHY_742, 5.4, 1020, 1.8
PHY_741, 1193.4, 1020, 1.8
PHY_743, 1193.4, 1020, 1.8
PHY_736, 5.4, 1014.56, 1.8
PHY_738, 5.4, 1014.56, 1.8
PHY_737, 1193.4, 1014.56, 1.8
PHY_739, 1193.4, 1014.56, 1.8
PHY_732, 5.4, 1009.12, 1.8
PHY_734, 5.4, 1009.12, 1.8
PHY_733, 1193.4, 1009.12, 1.8
PHY_735, 1193.4, 1009.12, 1.8
PHY_728, 5.4, 1003.68, 1.8
PHY_730, 5.4, 1003.68, 1.8
PHY_729, 1193.4, 1003.68, 1.8
PHY_731, 1193.4, 1003.68, 1.8
PHY_724, 5.4, 998.24, 1.8
PHY_726, 5.4, 998.24, 1.8
PHY_725, 1193.4, 998.24, 1.8
PHY_727, 1193.4, 998.24, 1.8
PHY_720, 5.4, 992.8, 1.8
PHY_722, 5.4, 992.8, 1.8
PHY_721, 1193.4, 992.8, 1.8
PHY_723, 1193.4, 992.8, 1.8
PHY_716, 5.4, 987.36, 1.8
PHY_718, 5.4, 987.36, 1.8
PHY_717, 1193.4, 987.36, 1.8
PHY_719, 1193.4, 987.36, 1.8
PHY_712, 5.4, 981.92, 1.8
PHY_714, 5.4, 981.92, 1.8
PHY_713, 1193.4, 981.92, 1.8
PHY_715, 1193.4, 981.92, 1.8
PHY_708, 5.4, 976.48, 1.8
PHY_710, 5.4, 976.48, 1.8
PHY_709, 1193.4, 976.48, 1.8
PHY_711, 1193.4, 976.48, 1.8
PHY_704, 5.4, 971.04, 1.8
PHY_706, 5.4, 971.04, 1.8
PHY_705, 1193.4, 971.04, 1.8
PHY_707, 1193.4, 971.04, 1.8
PHY_700, 5.4, 965.6, 1.8
PHY_702, 5.4, 965.6, 1.8
PHY_701, 1193.4, 965.6, 1.8
PHY_703, 1193.4, 965.6, 1.8
PHY_696, 5.4, 960.16, 1.8
PHY_698, 5.4, 960.16, 1.8
PHY_697, 1193.4, 960.16, 1.8
PHY_699, 1193.4, 960.16, 1.8
PHY_692, 5.4, 954.72, 1.8
PHY_694, 5.4, 954.72, 1.8
PHY_693, 1193.4, 954.72, 1.8
PHY_695, 1193.4, 954.72, 1.8
PHY_688, 5.4, 949.28, 1.8
PHY_690, 5.4, 949.28, 1.8
PHY_689, 1193.4, 949.28, 1.8
PHY_691, 1193.4, 949.28, 1.8
PHY_684, 5.4, 943.84, 1.8
PHY_686, 5.4, 943.84, 1.8
PHY_685, 1193.4, 943.84, 1.8
PHY_687, 1193.4, 943.84, 1.8
PHY_680, 5.4, 938.4, 1.8
PHY_682, 5.4, 938.4, 1.8
PHY_681, 1193.4, 938.4, 1.8
PHY_683, 1193.4, 938.4, 1.8
PHY_676, 5.4, 932.96, 1.8
PHY_678, 5.4, 932.96, 1.8
PHY_677, 1193.4, 932.96, 1.8
PHY_679, 1193.4, 932.96, 1.8
PHY_672, 5.4, 927.52, 1.8
PHY_674, 5.4, 927.52, 1.8
PHY_673, 1193.4, 927.52, 1.8
PHY_675, 1193.4, 927.52, 1.8
PHY_668, 5.4, 922.08, 1.8
PHY_670, 5.4, 922.08, 1.8
PHY_669, 1193.4, 922.08, 1.8
PHY_671, 1193.4, 922.08, 1.8
PHY_664, 5.4, 916.64, 1.8
PHY_666, 5.4, 916.64, 1.8
PHY_665, 1193.4, 916.64, 1.8
PHY_667, 1193.4, 916.64, 1.8
PHY_660, 5.4, 911.2, 1.8
PHY_662, 5.4, 911.2, 1.8
PHY_661, 1193.4, 911.2, 1.8
PHY_663, 1193.4, 911.2, 1.8
PHY_656, 5.4, 905.76, 1.8
PHY_658, 5.4, 905.76, 1.8
PHY_657, 1193.4, 905.76, 1.8
PHY_659, 1193.4, 905.76, 1.8
PHY_652, 5.4, 900.32, 1.8
PHY_654, 5.4, 900.32, 1.8
PHY_653, 1193.4, 900.32, 1.8
PHY_655, 1193.4, 900.32, 1.8
PHY_648, 5.4, 894.88, 1.8
PHY_650, 5.4, 894.88, 1.8
PHY_649, 1193.4, 894.88, 1.8
PHY_651, 1193.4, 894.88, 1.8
PHY_644, 5.4, 889.44, 1.8
PHY_646, 5.4, 889.44, 1.8
PHY_645, 1193.4, 889.44, 1.8
PHY_647, 1193.4, 889.44, 1.8
PHY_640, 5.4, 884, 1.8
PHY_642, 5.4, 884, 1.8
PHY_641, 1193.4, 884, 1.8
PHY_643, 1193.4, 884, 1.8
PHY_636, 5.4, 878.56, 1.8
PHY_638, 5.4, 878.56, 1.8
PHY_637, 1193.4, 878.56, 1.8
PHY_639, 1193.4, 878.56, 1.8
PHY_632, 5.4, 873.12, 1.8
PHY_634, 5.4, 873.12, 1.8
PHY_633, 1193.4, 873.12, 1.8
PHY_635, 1193.4, 873.12, 1.8
PHY_628, 5.4, 867.68, 1.8
PHY_630, 5.4, 867.68, 1.8
PHY_629, 1193.4, 867.68, 1.8
PHY_631, 1193.4, 867.68, 1.8
PHY_624, 5.4, 862.24, 1.8
PHY_626, 5.4, 862.24, 1.8
PHY_625, 1193.4, 862.24, 1.8
PHY_627, 1193.4, 862.24, 1.8
PHY_620, 5.4, 856.8, 1.8
PHY_622, 5.4, 856.8, 1.8
PHY_621, 1193.4, 856.8, 1.8
PHY_623, 1193.4, 856.8, 1.8
PHY_616, 5.4, 851.36, 1.8
PHY_618, 5.4, 851.36, 1.8
PHY_617, 1193.4, 851.36, 1.8
PHY_619, 1193.4, 851.36, 1.8
PHY_612, 5.4, 845.92, 1.8
PHY_614, 5.4, 845.92, 1.8
PHY_613, 1193.4, 845.92, 1.8
PHY_615, 1193.4, 845.92, 1.8
PHY_608, 5.4, 840.48, 1.8
PHY_610, 5.4, 840.48, 1.8
PHY_609, 1193.4, 840.48, 1.8
PHY_611, 1193.4, 840.48, 1.8
PHY_604, 5.4, 835.04, 1.8
PHY_606, 5.4, 835.04, 1.8
PHY_605, 1193.4, 835.04, 1.8
PHY_607, 1193.4, 835.04, 1.8
PHY_600, 5.4, 829.6, 1.8
PHY_602, 5.4, 829.6, 1.8
PHY_601, 1193.4, 829.6, 1.8
PHY_603, 1193.4, 829.6, 1.8
PHY_596, 5.4, 824.16, 1.8
PHY_598, 5.4, 824.16, 1.8
PHY_597, 1193.4, 824.16, 1.8
PHY_599, 1193.4, 824.16, 1.8
PHY_592, 5.4, 818.72, 1.8
PHY_594, 5.4, 818.72, 1.8
PHY_593, 1193.4, 818.72, 1.8
PHY_595, 1193.4, 818.72, 1.8
PHY_588, 5.4, 813.28, 1.8
PHY_590, 5.4, 813.28, 1.8
PHY_589, 1193.4, 813.28, 1.8
PHY_591, 1193.4, 813.28, 1.8
PHY_584, 5.4, 807.84, 1.8
PHY_586, 5.4, 807.84, 1.8
PHY_585, 1193.4, 807.84, 1.8
PHY_587, 1193.4, 807.84, 1.8
PHY_580, 5.4, 802.4, 1.8
PHY_582, 5.4, 802.4, 1.8
PHY_581, 1193.4, 802.4, 1.8
PHY_583, 1193.4, 802.4, 1.8
PHY_576, 5.4, 796.96, 1.8
PHY_578, 5.4, 796.96, 1.8
PHY_577, 1193.4, 796.96, 1.8
PHY_579, 1193.4, 796.96, 1.8
PHY_572, 5.4, 791.52, 1.8
PHY_574, 5.4, 791.52, 1.8
PHY_573, 1193.4, 791.52, 1.8
PHY_575, 1193.4, 791.52, 1.8
PHY_568, 5.4, 786.08, 1.8
PHY_570, 5.4, 786.08, 1.8
PHY_569, 1193.4, 786.08, 1.8
PHY_571, 1193.4, 786.08, 1.8
PHY_564, 5.4, 780.64, 1.8
PHY_566, 5.4, 780.64, 1.8
PHY_565, 1193.4, 780.64, 1.8
PHY_567, 1193.4, 780.64, 1.8
PHY_560, 5.4, 775.2, 1.8
PHY_562, 5.4, 775.2, 1.8
PHY_561, 1193.4, 775.2, 1.8
PHY_563, 1193.4, 775.2, 1.8
PHY_556, 5.4, 769.76, 1.8
PHY_558, 5.4, 769.76, 1.8
PHY_557, 1193.4, 769.76, 1.8
PHY_559, 1193.4, 769.76, 1.8
PHY_552, 5.4, 764.32, 1.8
PHY_554, 5.4, 764.32, 1.8
PHY_553, 1193.4, 764.32, 1.8
PHY_555, 1193.4, 764.32, 1.8
PHY_548, 5.4, 758.88, 1.8
PHY_550, 5.4, 758.88, 1.8
PHY_549, 1193.4, 758.88, 1.8
PHY_551, 1193.4, 758.88, 1.8
PHY_544, 5.4, 753.44, 1.8
PHY_546, 5.4, 753.44, 1.8
PHY_545, 1193.4, 753.44, 1.8
PHY_547, 1193.4, 753.44, 1.8
PHY_540, 5.4, 748, 1.8
PHY_542, 5.4, 748, 1.8
PHY_541, 1193.4, 748, 1.8
PHY_543, 1193.4, 748, 1.8
PHY_536, 5.4, 742.56, 1.8
PHY_538, 5.4, 742.56, 1.8
PHY_537, 1193.4, 742.56, 1.8
PHY_539, 1193.4, 742.56, 1.8
PHY_532, 5.4, 737.12, 1.8
PHY_534, 5.4, 737.12, 1.8
PHY_533, 1193.4, 737.12, 1.8
PHY_535, 1193.4, 737.12, 1.8
PHY_528, 5.4, 731.68, 1.8
PHY_530, 5.4, 731.68, 1.8
PHY_529, 1193.4, 731.68, 1.8
PHY_531, 1193.4, 731.68, 1.8
PHY_524, 5.4, 726.24, 1.8
PHY_526, 5.4, 726.24, 1.8
PHY_525, 1193.4, 726.24, 1.8
PHY_527, 1193.4, 726.24, 1.8
PHY_520, 5.4, 720.8, 1.8
PHY_522, 5.4, 720.8, 1.8
PHY_521, 1193.4, 720.8, 1.8
PHY_523, 1193.4, 720.8, 1.8
PHY_516, 5.4, 715.36, 1.8
PHY_518, 5.4, 715.36, 1.8
PHY_517, 1193.4, 715.36, 1.8
PHY_519, 1193.4, 715.36, 1.8
PHY_512, 5.4, 709.92, 1.8
PHY_514, 5.4, 709.92, 1.8
PHY_513, 1193.4, 709.92, 1.8
PHY_515, 1193.4, 709.92, 1.8
PHY_508, 5.4, 704.48, 1.8
PHY_510, 5.4, 704.48, 1.8
PHY_509, 1193.4, 704.48, 1.8
PHY_511, 1193.4, 704.48, 1.8
PHY_504, 5.4, 699.04, 1.8
PHY_506, 5.4, 699.04, 1.8
PHY_505, 1193.4, 699.04, 1.8
PHY_507, 1193.4, 699.04, 1.8
PHY_500, 5.4, 693.6, 1.8
PHY_502, 5.4, 693.6, 1.8
PHY_501, 1193.4, 693.6, 1.8
PHY_503, 1193.4, 693.6, 1.8
PHY_496, 5.4, 688.16, 1.8
PHY_498, 5.4, 688.16, 1.8
PHY_497, 1193.4, 688.16, 1.8
PHY_499, 1193.4, 688.16, 1.8
PHY_492, 5.4, 682.72, 1.8
PHY_494, 5.4, 682.72, 1.8
PHY_493, 1193.4, 682.72, 1.8
PHY_495, 1193.4, 682.72, 1.8
PHY_488, 5.4, 677.28, 1.8
PHY_490, 5.4, 677.28, 1.8
PHY_489, 1193.4, 677.28, 1.8
PHY_491, 1193.4, 677.28, 1.8
PHY_484, 5.4, 671.84, 1.8
PHY_486, 5.4, 671.84, 1.8
PHY_485, 1193.4, 671.84, 1.8
PHY_487, 1193.4, 671.84, 1.8
PHY_480, 5.4, 666.4, 1.8
PHY_482, 5.4, 666.4, 1.8
PHY_481, 1193.4, 666.4, 1.8
PHY_483, 1193.4, 666.4, 1.8
PHY_476, 5.4, 660.96, 1.8
PHY_478, 5.4, 660.96, 1.8
PHY_477, 1193.4, 660.96, 1.8
PHY_479, 1193.4, 660.96, 1.8
PHY_472, 5.4, 655.52, 1.8
PHY_474, 5.4, 655.52, 1.8
PHY_473, 1193.4, 655.52, 1.8
PHY_475, 1193.4, 655.52, 1.8
PHY_468, 5.4, 650.08, 1.8
PHY_470, 5.4, 650.08, 1.8
PHY_469, 1193.4, 650.08, 1.8
PHY_471, 1193.4, 650.08, 1.8
PHY_464, 5.4, 644.64, 1.8
PHY_466, 5.4, 644.64, 1.8
PHY_465, 1193.4, 644.64, 1.8
PHY_467, 1193.4, 644.64, 1.8
PHY_460, 5.4, 639.2, 1.8
PHY_462, 5.4, 639.2, 1.8
PHY_461, 1193.4, 639.2, 1.8
PHY_463, 1193.4, 639.2, 1.8
PHY_456, 5.4, 633.76, 1.8
PHY_458, 5.4, 633.76, 1.8
PHY_457, 1193.4, 633.76, 1.8
PHY_459, 1193.4, 633.76, 1.8
PHY_452, 5.4, 628.32, 1.8
PHY_454, 5.4, 628.32, 1.8
PHY_453, 1193.4, 628.32, 1.8
PHY_455, 1193.4, 628.32, 1.8
PHY_448, 5.4, 622.88, 1.8
PHY_450, 5.4, 622.88, 1.8
PHY_449, 1193.4, 622.88, 1.8
PHY_451, 1193.4, 622.88, 1.8
PHY_444, 5.4, 617.44, 1.8
PHY_446, 5.4, 617.44, 1.8
PHY_445, 1193.4, 617.44, 1.8
PHY_447, 1193.4, 617.44, 1.8
PHY_440, 5.4, 612, 1.8
PHY_442, 5.4, 612, 1.8
PHY_441, 1193.4, 612, 1.8
PHY_443, 1193.4, 612, 1.8
PHY_436, 5.4, 606.56, 1.8
PHY_438, 5.4, 606.56, 1.8
PHY_437, 1193.4, 606.56, 1.8
PHY_439, 1193.4, 606.56, 1.8
PHY_432, 5.4, 601.12, 1.8
PHY_434, 5.4, 601.12, 1.8
PHY_433, 1193.4, 601.12, 1.8
PHY_435, 1193.4, 601.12, 1.8
PHY_428, 5.4, 595.68, 1.8
PHY_430, 5.4, 595.68, 1.8
PHY_429, 1193.4, 595.68, 1.8
PHY_431, 1193.4, 595.68, 1.8
PHY_424, 5.4, 590.24, 1.8
PHY_426, 5.4, 590.24, 1.8
PHY_425, 1193.4, 590.24, 1.8
PHY_427, 1193.4, 590.24, 1.8
PHY_420, 5.4, 584.8, 1.8
PHY_422, 5.4, 584.8, 1.8
PHY_421, 1193.4, 584.8, 1.8
PHY_423, 1193.4, 584.8, 1.8
PHY_416, 5.4, 579.36, 1.8
PHY_418, 5.4, 579.36, 1.8
PHY_417, 1193.4, 579.36, 1.8
PHY_419, 1193.4, 579.36, 1.8
PHY_412, 5.4, 573.92, 1.8
PHY_414, 5.4, 573.92, 1.8
PHY_413, 1193.4, 573.92, 1.8
PHY_415, 1193.4, 573.92, 1.8
PHY_408, 5.4, 568.48, 1.8
PHY_410, 5.4, 568.48, 1.8
PHY_409, 1193.4, 568.48, 1.8
PHY_411, 1193.4, 568.48, 1.8
PHY_404, 5.4, 563.04, 1.8
PHY_406, 5.4, 563.04, 1.8
PHY_405, 1193.4, 563.04, 1.8
PHY_407, 1193.4, 563.04, 1.8
PHY_400, 5.4, 557.6, 1.8
PHY_402, 5.4, 557.6, 1.8
PHY_401, 1193.4, 557.6, 1.8
PHY_403, 1193.4, 557.6, 1.8
PHY_396, 5.4, 552.16, 1.8
PHY_398, 5.4, 552.16, 1.8
PHY_397, 1193.4, 552.16, 1.8
PHY_399, 1193.4, 552.16, 1.8
PHY_392, 5.4, 546.72, 1.8
PHY_394, 5.4, 546.72, 1.8
PHY_393, 1193.4, 546.72, 1.8
PHY_395, 1193.4, 546.72, 1.8
PHY_388, 5.4, 541.28, 1.8
PHY_390, 5.4, 541.28, 1.8
PHY_389, 1193.4, 541.28, 1.8
PHY_391, 1193.4, 541.28, 1.8
PHY_384, 5.4, 535.84, 1.8
PHY_386, 5.4, 535.84, 1.8
PHY_385, 1193.4, 535.84, 1.8
PHY_387, 1193.4, 535.84, 1.8
PHY_380, 5.4, 530.4, 1.8
PHY_382, 5.4, 530.4, 1.8
PHY_381, 1193.4, 530.4, 1.8
PHY_383, 1193.4, 530.4, 1.8
PHY_376, 5.4, 524.96, 1.8
PHY_378, 5.4, 524.96, 1.8
PHY_377, 1193.4, 524.96, 1.8
PHY_379, 1193.4, 524.96, 1.8
PHY_372, 5.4, 519.52, 1.8
PHY_374, 5.4, 519.52, 1.8
PHY_373, 1193.4, 519.52, 1.8
PHY_375, 1193.4, 519.52, 1.8
PHY_368, 5.4, 514.08, 1.8
PHY_370, 5.4, 514.08, 1.8
PHY_369, 1193.4, 514.08, 1.8
PHY_371, 1193.4, 514.08, 1.8
PHY_364, 5.4, 508.64, 1.8
PHY_366, 5.4, 508.64, 1.8
PHY_365, 1193.4, 508.64, 1.8
PHY_367, 1193.4, 508.64, 1.8
PHY_360, 5.4, 503.2, 1.8
PHY_362, 5.4, 503.2, 1.8
PHY_361, 1193.4, 503.2, 1.8
PHY_363, 1193.4, 503.2, 1.8
PHY_356, 5.4, 497.76, 1.8
PHY_358, 5.4, 497.76, 1.8
PHY_357, 1193.4, 497.76, 1.8
PHY_359, 1193.4, 497.76, 1.8
PHY_352, 5.4, 492.32, 1.8
PHY_354, 5.4, 492.32, 1.8
PHY_353, 1193.4, 492.32, 1.8
PHY_355, 1193.4, 492.32, 1.8
PHY_348, 5.4, 486.88, 1.8
PHY_350, 5.4, 486.88, 1.8
PHY_349, 1193.4, 486.88, 1.8
PHY_351, 1193.4, 486.88, 1.8
PHY_344, 5.4, 481.44, 1.8
PHY_346, 5.4, 481.44, 1.8
PHY_345, 1193.4, 481.44, 1.8
PHY_347, 1193.4, 481.44, 1.8
PHY_340, 5.4, 476, 1.8
PHY_342, 5.4, 476, 1.8
PHY_341, 1193.4, 476, 1.8
PHY_343, 1193.4, 476, 1.8
PHY_336, 5.4, 470.56, 1.8
PHY_338, 5.4, 470.56, 1.8
PHY_337, 1193.4, 470.56, 1.8
PHY_339, 1193.4, 470.56, 1.8
PHY_332, 5.4, 465.12, 1.8
PHY_334, 5.4, 465.12, 1.8
PHY_333, 1193.4, 465.12, 1.8
PHY_335, 1193.4, 465.12, 1.8
PHY_328, 5.4, 459.68, 1.8
PHY_330, 5.4, 459.68, 1.8
PHY_329, 1193.4, 459.68, 1.8
PHY_331, 1193.4, 459.68, 1.8
PHY_324, 5.4, 454.24, 1.8
PHY_326, 5.4, 454.24, 1.8
PHY_325, 1193.4, 454.24, 1.8
PHY_327, 1193.4, 454.24, 1.8
PHY_320, 5.4, 448.8, 1.8
PHY_322, 5.4, 448.8, 1.8
PHY_321, 1193.4, 448.8, 1.8
PHY_323, 1193.4, 448.8, 1.8
PHY_316, 5.4, 443.36, 1.8
PHY_318, 5.4, 443.36, 1.8
PHY_317, 1193.4, 443.36, 1.8
PHY_319, 1193.4, 443.36, 1.8
PHY_312, 5.4, 437.92, 1.8
PHY_314, 5.4, 437.92, 1.8
PHY_313, 1193.4, 437.92, 1.8
PHY_315, 1193.4, 437.92, 1.8
PHY_308, 5.4, 432.48, 1.8
PHY_310, 5.4, 432.48, 1.8
PHY_309, 1193.4, 432.48, 1.8
PHY_311, 1193.4, 432.48, 1.8
PHY_304, 5.4, 427.04, 1.8
PHY_306, 5.4, 427.04, 1.8
PHY_305, 1193.4, 427.04, 1.8
PHY_307, 1193.4, 427.04, 1.8
PHY_300, 5.4, 421.6, 1.8
PHY_302, 5.4, 421.6, 1.8
PHY_301, 1193.4, 421.6, 1.8
PHY_303, 1193.4, 421.6, 1.8
PHY_296, 5.4, 416.16, 1.8
PHY_298, 5.4, 416.16, 1.8
PHY_297, 1193.4, 416.16, 1.8
PHY_299, 1193.4, 416.16, 1.8
PHY_292, 5.4, 410.72, 1.8
PHY_294, 5.4, 410.72, 1.8
PHY_293, 1193.4, 410.72, 1.8
PHY_295, 1193.4, 410.72, 1.8
PHY_288, 5.4, 405.28, 1.8
PHY_290, 5.4, 405.28, 1.8
PHY_289, 1193.4, 405.28, 1.8
PHY_291, 1193.4, 405.28, 1.8
PHY_284, 5.4, 399.84, 1.8
PHY_286, 5.4, 399.84, 1.8
PHY_285, 1193.4, 399.84, 1.8
PHY_287, 1193.4, 399.84, 1.8
PHY_280, 5.4, 394.4, 1.8
PHY_282, 5.4, 394.4, 1.8
PHY_281, 1193.4, 394.4, 1.8
PHY_283, 1193.4, 394.4, 1.8
PHY_276, 5.4, 388.96, 1.8
PHY_278, 5.4, 388.96, 1.8
PHY_277, 1193.4, 388.96, 1.8
PHY_279, 1193.4, 388.96, 1.8
PHY_272, 5.4, 383.52, 1.8
PHY_274, 5.4, 383.52, 1.8
PHY_273, 1193.4, 383.52, 1.8
PHY_275, 1193.4, 383.52, 1.8
PHY_268, 5.4, 378.08, 1.8
PHY_270, 5.4, 378.08, 1.8
PHY_269, 1193.4, 378.08, 1.8
PHY_271, 1193.4, 378.08, 1.8
PHY_264, 5.4, 372.64, 1.8
PHY_266, 5.4, 372.64, 1.8
PHY_265, 1193.4, 372.64, 1.8
PHY_267, 1193.4, 372.64, 1.8
PHY_260, 5.4, 367.2, 1.8
PHY_262, 5.4, 367.2, 1.8
PHY_261, 1193.4, 367.2, 1.8
PHY_263, 1193.4, 367.2, 1.8
PHY_256, 5.4, 361.76, 1.8
PHY_258, 5.4, 361.76, 1.8
PHY_257, 1193.4, 361.76, 1.8
PHY_259, 1193.4, 361.76, 1.8
PHY_252, 5.4, 356.32, 1.8
PHY_254, 5.4, 356.32, 1.8
PHY_253, 1193.4, 356.32, 1.8
PHY_255, 1193.4, 356.32, 1.8
PHY_248, 5.4, 350.88, 1.8
PHY_250, 5.4, 350.88, 1.8
PHY_249, 1193.4, 350.88, 1.8
PHY_251, 1193.4, 350.88, 1.8
PHY_244, 5.4, 345.44, 1.8
PHY_246, 5.4, 345.44, 1.8
PHY_245, 1193.4, 345.44, 1.8
PHY_247, 1193.4, 345.44, 1.8
PHY_240, 5.4, 340, 1.8
PHY_242, 5.4, 340, 1.8
PHY_241, 1193.4, 340, 1.8
PHY_243, 1193.4, 340, 1.8
PHY_236, 5.4, 334.56, 1.8
PHY_238, 5.4, 334.56, 1.8
PHY_237, 1193.4, 334.56, 1.8
PHY_239, 1193.4, 334.56, 1.8
PHY_232, 5.4, 329.12, 1.8
PHY_234, 5.4, 329.12, 1.8
PHY_233, 1193.4, 329.12, 1.8
PHY_235, 1193.4, 329.12, 1.8
PHY_228, 5.4, 323.68, 1.8
PHY_230, 5.4, 323.68, 1.8
PHY_229, 1193.4, 323.68, 1.8
PHY_231, 1193.4, 323.68, 1.8
PHY_224, 5.4, 318.24, 1.8
PHY_226, 5.4, 318.24, 1.8
PHY_225, 1193.4, 318.24, 1.8
PHY_227, 1193.4, 318.24, 1.8
PHY_220, 5.4, 312.8, 1.8
PHY_222, 5.4, 312.8, 1.8
PHY_221, 1193.4, 312.8, 1.8
PHY_223, 1193.4, 312.8, 1.8
PHY_216, 5.4, 307.36, 1.8
PHY_218, 5.4, 307.36, 1.8
PHY_217, 1193.4, 307.36, 1.8
PHY_219, 1193.4, 307.36, 1.8
PHY_212, 5.4, 301.92, 1.8
PHY_214, 5.4, 301.92, 1.8
PHY_213, 1193.4, 301.92, 1.8
PHY_215, 1193.4, 301.92, 1.8
PHY_208, 5.4, 296.48, 1.8
PHY_210, 5.4, 296.48, 1.8
PHY_209, 1193.4, 296.48, 1.8
PHY_211, 1193.4, 296.48, 1.8
PHY_204, 5.4, 291.04, 1.8
PHY_206, 5.4, 291.04, 1.8
PHY_205, 1193.4, 291.04, 1.8
PHY_207, 1193.4, 291.04, 1.8
PHY_200, 5.4, 285.6, 1.8
PHY_202, 5.4, 285.6, 1.8
PHY_201, 1193.4, 285.6, 1.8
PHY_203, 1193.4, 285.6, 1.8
PHY_196, 5.4, 280.16, 1.8
PHY_198, 5.4, 280.16, 1.8
PHY_197, 1193.4, 280.16, 1.8
PHY_199, 1193.4, 280.16, 1.8
PHY_192, 5.4, 274.72, 1.8
PHY_194, 5.4, 274.72, 1.8
PHY_193, 1193.4, 274.72, 1.8
PHY_195, 1193.4, 274.72, 1.8
PHY_188, 5.4, 269.28, 1.8
PHY_190, 5.4, 269.28, 1.8
PHY_189, 1193.4, 269.28, 1.8
PHY_191, 1193.4, 269.28, 1.8
PHY_184, 5.4, 263.84, 1.8
PHY_186, 5.4, 263.84, 1.8
PHY_185, 1193.4, 263.84, 1.8
PHY_187, 1193.4, 263.84, 1.8
PHY_180, 5.4, 258.4, 1.8
PHY_182, 5.4, 258.4, 1.8
PHY_181, 1193.4, 258.4, 1.8
PHY_183, 1193.4, 258.4, 1.8
PHY_176, 5.4, 252.96, 1.8
PHY_178, 5.4, 252.96, 1.8
PHY_177, 1193.4, 252.96, 1.8
PHY_179, 1193.4, 252.96, 1.8
PHY_172, 5.4, 247.52, 1.8
PHY_174, 5.4, 247.52, 1.8
PHY_173, 1193.4, 247.52, 1.8
PHY_175, 1193.4, 247.52, 1.8
PHY_168, 5.4, 242.08, 1.8
PHY_170, 5.4, 242.08, 1.8
PHY_169, 1193.4, 242.08, 1.8
PHY_171, 1193.4, 242.08, 1.8
PHY_164, 5.4, 236.64, 1.8
PHY_166, 5.4, 236.64, 1.8
PHY_165, 1193.4, 236.64, 1.8
PHY_167, 1193.4, 236.64, 1.8
PHY_160, 5.4, 231.2, 1.8
PHY_162, 5.4, 231.2, 1.8
PHY_161, 1193.4, 231.2, 1.8
PHY_163, 1193.4, 231.2, 1.8
PHY_156, 5.4, 225.76, 1.8
PHY_158, 5.4, 225.76, 1.8
PHY_157, 1193.4, 225.76, 1.8
PHY_159, 1193.4, 225.76, 1.8
PHY_152, 5.4, 220.32, 1.8
PHY_154, 5.4, 220.32, 1.8
PHY_153, 1193.4, 220.32, 1.8
PHY_155, 1193.4, 220.32, 1.8
PHY_148, 5.4, 214.88, 1.8
PHY_150, 5.4, 214.88, 1.8
PHY_149, 1193.4, 214.88, 1.8
PHY_151, 1193.4, 214.88, 1.8
PHY_144, 5.4, 209.44, 1.8
PHY_146, 5.4, 209.44, 1.8
PHY_145, 1193.4, 209.44, 1.8
PHY_147, 1193.4, 209.44, 1.8
PHY_140, 5.4, 204, 1.8
PHY_142, 5.4, 204, 1.8
PHY_141, 1193.4, 204, 1.8
PHY_143, 1193.4, 204, 1.8
PHY_136, 5.4, 198.56, 1.8
PHY_138, 5.4, 198.56, 1.8
PHY_137, 1193.4, 198.56, 1.8
PHY_139, 1193.4, 198.56, 1.8
PHY_132, 5.4, 193.12, 1.8
PHY_134, 5.4, 193.12, 1.8
PHY_133, 1193.4, 193.12, 1.8
PHY_135, 1193.4, 193.12, 1.8
PHY_128, 5.4, 187.68, 1.8
PHY_130, 5.4, 187.68, 1.8
PHY_129, 1193.4, 187.68, 1.8
PHY_131, 1193.4, 187.68, 1.8
PHY_124, 5.4, 182.24, 1.8
PHY_126, 5.4, 182.24, 1.8
PHY_125, 1193.4, 182.24, 1.8
PHY_127, 1193.4, 182.24, 1.8
PHY_120, 5.4, 176.8, 1.8
PHY_122, 5.4, 176.8, 1.8
PHY_121, 1193.4, 176.8, 1.8
PHY_123, 1193.4, 176.8, 1.8
PHY_116, 5.4, 171.36, 1.8
PHY_118, 5.4, 171.36, 1.8
PHY_117, 1193.4, 171.36, 1.8
PHY_119, 1193.4, 171.36, 1.8
PHY_112, 5.4, 165.92, 1.8
PHY_114, 5.4, 165.92, 1.8
PHY_113, 1193.4, 165.92, 1.8
PHY_115, 1193.4, 165.92, 1.8
PHY_108, 5.4, 160.48, 1.8
PHY_110, 5.4, 160.48, 1.8
PHY_109, 1193.4, 160.48, 1.8
PHY_111, 1193.4, 160.48, 1.8
PHY_104, 5.4, 155.04, 1.8
PHY_106, 5.4, 155.04, 1.8
PHY_105, 1193.4, 155.04, 1.8
PHY_107, 1193.4, 155.04, 1.8
PHY_100, 5.4, 149.6, 1.8
PHY_102, 5.4, 149.6, 1.8
PHY_101, 1193.4, 149.6, 1.8
PHY_103, 1193.4, 149.6, 1.8
PHY_96, 5.4, 144.16, 1.8
PHY_98, 5.4, 144.16, 1.8
PHY_97, 1193.4, 144.16, 1.8
PHY_99, 1193.4, 144.16, 1.8
PHY_92, 5.4, 138.72, 1.8
PHY_94, 5.4, 138.72, 1.8
PHY_93, 1193.4, 138.72, 1.8
PHY_95, 1193.4, 138.72, 1.8
PHY_88, 5.4, 133.28, 1.8
PHY_90, 5.4, 133.28, 1.8
PHY_89, 1193.4, 133.28, 1.8
PHY_91, 1193.4, 133.28, 1.8
PHY_84, 5.4, 127.84, 1.8
PHY_86, 5.4, 127.84, 1.8
PHY_85, 1193.4, 127.84, 1.8
PHY_87, 1193.4, 127.84, 1.8
PHY_80, 5.4, 122.4, 1.8
PHY_82, 5.4, 122.4, 1.8
PHY_81, 1193.4, 122.4, 1.8
PHY_83, 1193.4, 122.4, 1.8
PHY_76, 5.4, 116.96, 1.8
PHY_78, 5.4, 116.96, 1.8
PHY_77, 1193.4, 116.96, 1.8
PHY_79, 1193.4, 116.96, 1.8
PHY_72, 5.4, 111.52, 1.8
PHY_74, 5.4, 111.52, 1.8
PHY_73, 1193.4, 111.52, 1.8
PHY_75, 1193.4, 111.52, 1.8
PHY_68, 5.4, 106.08, 1.8
PHY_70, 5.4, 106.08, 1.8
PHY_69, 1193.4, 106.08, 1.8
PHY_71, 1193.4, 106.08, 1.8
PHY_64, 5.4, 100.64, 1.8
PHY_66, 5.4, 100.64, 1.8
PHY_65, 1193.4, 100.64, 1.8
PHY_67, 1193.4, 100.64, 1.8
PHY_60, 5.4, 95.2, 1.8
PHY_62, 5.4, 95.2, 1.8
PHY_61, 1193.4, 95.2, 1.8
PHY_63, 1193.4, 95.2, 1.8
PHY_56, 5.4, 89.76, 1.8
PHY_58, 5.4, 89.76, 1.8
PHY_57, 1193.4, 89.76, 1.8
PHY_59, 1193.4, 89.76, 1.8
PHY_52, 5.4, 84.32, 1.8
PHY_54, 5.4, 84.32, 1.8
PHY_53, 1193.4, 84.32, 1.8
PHY_55, 1193.4, 84.32, 1.8
PHY_48, 5.4, 78.88, 1.8
PHY_50, 5.4, 78.88, 1.8
PHY_49, 1193.4, 78.88, 1.8
PHY_51, 1193.4, 78.88, 1.8
PHY_44, 5.4, 73.44, 1.8
PHY_46, 5.4, 73.44, 1.8
PHY_45, 1193.4, 73.44, 1.8
PHY_47, 1193.4, 73.44, 1.8
PHY_40, 5.4, 68, 1.8
PHY_42, 5.4, 68, 1.8
PHY_41, 1193.4, 68, 1.8
PHY_43, 1193.4, 68, 1.8
PHY_36, 5.4, 62.56, 1.8
PHY_38, 5.4, 62.56, 1.8
PHY_37, 1193.4, 62.56, 1.8
PHY_39, 1193.4, 62.56, 1.8
PHY_32, 5.4, 57.12, 1.8
PHY_34, 5.4, 57.12, 1.8
PHY_33, 1193.4, 57.12, 1.8
PHY_35, 1193.4, 57.12, 1.8
PHY_28, 5.4, 51.68, 1.8
PHY_30, 5.4, 51.68, 1.8
PHY_29, 1193.4, 51.68, 1.8
PHY_31, 1193.4, 51.68, 1.8
PHY_24, 5.4, 46.24, 1.8
PHY_26, 5.4, 46.24, 1.8
PHY_25, 1193.4, 46.24, 1.8
PHY_27, 1193.4, 46.24, 1.8
PHY_20, 5.4, 40.8, 1.8
PHY_22, 5.4, 40.8, 1.8
PHY_21, 1193.4, 40.8, 1.8
PHY_23, 1193.4, 40.8, 1.8
PHY_16, 5.4, 35.36, 1.8
PHY_18, 5.4, 35.36, 1.8
PHY_17, 1193.4, 35.36, 1.8
PHY_19, 1193.4, 35.36, 1.8
PHY_12, 5.4, 29.92, 1.8
PHY_14, 5.4, 29.92, 1.8
PHY_13, 1193.4, 29.92, 1.8
PHY_15, 1193.4, 29.92, 1.8
PHY_10, 5.4, 24.48, 1.8
PHY_8, 5.4, 24.48, 1.8
PHY_11, 1193.4, 24.48, 1.8
PHY_9, 1193.4, 24.48, 1.8
PHY_4, 5.4, 19.04, 1.8
PHY_6, 5.4, 19.04, 1.8
PHY_5, 1193.4, 19.04, 1.8
PHY_7, 1193.4, 19.04, 1.8
PHY_0, 5.4, 13.6, 1.8
PHY_2, 5.4, 13.6, 1.8
PHY_1, 1193.4, 13.6, 1.8
PHY_3, 1193.4, 13.6, 1.8

