OpenROAD 0b8b7ae255f8fbbbefa57d443949b84e73eed757 
This program is licensed under the BSD-3 license. See the LICENSE file for details.
Components of this program may be licensed under more restrictive licenses which must be honored.
[INFO ODB-0222] Reading LEF file: /openlane/designs/blabla/runs/mod4/tmp/merged.unpadded.nom.lef
[INFO ODB-0223]     Created 13 technology layers
[INFO ODB-0224]     Created 25 technology vias
[INFO ODB-0225]     Created 441 library cells
[INFO ODB-0226] Finished LEF file:  /openlane/designs/blabla/runs/mod4/tmp/merged.unpadded.nom.lef
[INFO ODB-0127] Reading DEF file: /openlane/designs/blabla/runs/mod4/tmp/routing/14-resizer_timing.def
[INFO ODB-0128] Design: blabla
[INFO ODB-0130]     Created 1422 pins.
[INFO ODB-0131]     Created 35094 components and 146330 component-terminals.
[INFO ODB-0132]     Created 2 special nets and 100356 connections.
[INFO ODB-0133]     Created 15124 nets and 45974 connections.
[INFO ODB-0134] Finished DEF file: /openlane/designs/blabla/runs/mod4/tmp/routing/14-resizer_timing.def
Placement Analysis
---------------------------------
total displacement        530.3 u
average displacement        0.0 u
max displacement            7.3 u
original HPWL         2290146.7 u
legalized HPWL        2304616.5 u
delta HPWL                    1 %

[INFO DPL-0020] Mirrored 5929 instances
[INFO DPL-0021] HPWL before          2304616.5 u
[INFO DPL-0022] HPWL after           2290414.6 u
[INFO DPL-0023] HPWL delta               -0.6 %
