Wed May 10 21:43:14 UTC 2023 - Executing "openroad -python /openlane/scripts/odbpy/lefutil.py get_metal_layers -o /openlane/designs/usb/runs/prueba60/tmp/layers.list /home/licit/OpenLane/pdks/sky130A/libs.ref/sky130_fd_sc_hd/techlef/sky130_fd_sc_hd__nom.tlef"

Wed May 10 21:43:15 UTC 2023 - Executing "/openlane/scripts/mergeLef.py -o /openlane/designs/usb/runs/prueba60/tmp/merged.unpadded.nom.lef -i /home/licit/OpenLane/pdks/sky130A/libs.ref/sky130_fd_sc_hd/techlef/sky130_fd_sc_hd__nom.tlef /home/licit/OpenLane/pdks/sky130A/libs.ref/sky130_fd_sc_hd/lef/sky130_fd_sc_hd.lef |& tee /dev/null"

Wed May 10 21:43:15 UTC 2023 - Executing "/openlane/scripts/mergeLef.py -o /openlane/designs/usb/runs/prueba60/tmp/merged.unpadded.min.lef -i /home/licit/OpenLane/pdks/sky130A/libs.ref/sky130_fd_sc_hd/techlef/sky130_fd_sc_hd__min.tlef /home/licit/OpenLane/pdks/sky130A/libs.ref/sky130_fd_sc_hd/lef/sky130_fd_sc_hd.lef |& tee /dev/null"

Wed May 10 21:43:15 UTC 2023 - Executing "/openlane/scripts/mergeLef.py -o /openlane/designs/usb/runs/prueba60/tmp/merged.unpadded.max.lef -i /home/licit/OpenLane/pdks/sky130A/libs.ref/sky130_fd_sc_hd/techlef/sky130_fd_sc_hd__max.tlef /home/licit/OpenLane/pdks/sky130A/libs.ref/sky130_fd_sc_hd/lef/sky130_fd_sc_hd.lef |& tee /dev/null"

Wed May 10 21:43:15 UTC 2023 - Executing "openroad -python /openlane/scripts/mergeLib.py --output /openlane/designs/usb/runs/prueba60/tmp/synthesis/merged.lib --name sky130A_merged /home/licit/OpenLane/pdks/sky130A/libs.ref/sky130_fd_sc_hd/lib/sky130_fd_sc_hd__tt_025C_1v80.lib"

Wed May 10 21:43:15 UTC 2023 - Executing "openroad -python /openlane/scripts/libtrim.py --cell-file /openlane/designs/usb/runs/prueba60/tmp/synthesis/trimmed.lib.exclude.list --output /openlane/designs/usb/runs/prueba60/tmp/synthesis/trimmed.lib /openlane/designs/usb/runs/prueba60/tmp/synthesis/merged.lib"

Wed May 10 21:43:16 UTC 2023 - Executing "openroad -python /openlane/scripts/new_tracks.py -i /home/licit/OpenLane/pdks/sky130A/libs.tech/openlane/sky130_fd_sc_hd/tracks.info -o /openlane/designs/usb/runs/prueba60/tmp/routing/config.tracks"

Wed May 10 21:43:16 UTC 2023 - Executing "echo {openlane ebad315d1def25d9d253eb2ec1c56d7b4e59d7ca} > /openlane/designs/usb/runs/prueba60/OPENLANE_VERSION"

Wed May 10 21:43:16 UTC 2023 - Executing "sed -E {s/^([[:space:]]+)pg_pin(.*)/\1pin\2\n\1    direction : "inout";/g} /home/licit/OpenLane/pdks/sky130A/libs.ref/sky130_fd_sc_hd/lib/sky130_fd_sc_hd__tt_025C_1v80.lib > /openlane/designs/usb/runs/prueba60/tmp/synthesis/1-sky130_fd_sc_hd__tt_025C_1v80.no_pg.lib"

Wed May 10 21:43:16 UTC 2023 - Executing "sed -E {s/^([[:space:]]+)pg_pin(.*)/\1pin\2\n\1    direction : "inout";/g} /openlane/designs/usb/runs/prueba60/tmp/synthesis/trimmed.lib > /openlane/designs/usb/runs/prueba60/tmp/synthesis/1-trimmed.no_pg.lib"

Wed May 10 21:43:16 UTC 2023 - Executing "yosys -c /openlane/scripts/yosys/synth.tcl -l /openlane/designs/usb/runs/prueba60/logs/synthesis/1-synthesis.log |& tee /dev/null"

Wed May 10 21:43:18 UTC 2023 - Executing "sed -i -e {s/\(set ::env(CURRENT_NETLIST)\).*/\1 \/openlane\/designs\/usb\/runs\/prueba60\/results\/synthesis\/usb.v/} /openlane/designs/usb/runs/prueba60/config.tcl"

Wed May 10 21:43:18 UTC 2023 - Executing "sed -i -e {s/\(set ::env(PREV_NETLIST)\).*/\1 0/} /openlane/designs/usb/runs/prueba60/config.tcl"

Wed May 10 21:43:18 UTC 2023 - Executing "sed -i /defparam/d /openlane/designs/usb/runs/prueba60/results/synthesis/usb.v"

Wed May 10 21:43:18 UTC 2023 - Executing "openroad -exit /openlane/scripts/openroad/sta.tcl |& tee /dev/null /openlane/designs/usb/runs/prueba60/logs/synthesis/2-sta.log"

Wed May 10 21:43:19 UTC 2023 - Executing "openroad -exit /openlane/scripts/openroad/sta_ana.tcl |& tee /dev/null /openlane/designs/usb/runs/prueba60/logs/synthesis/3-sta_ana.log"

Wed May 10 21:43:20 UTC 2023 - Executing "openroad -exit /openlane/scripts/openroad/floorplan.tcl |& tee /dev/null /openlane/designs/usb/runs/prueba60/logs/floorplan/4-initial_fp.log"

Wed May 10 21:43:20 UTC 2023 - Executing "openroad -python /openlane/scripts/odbpy/defutil.py extract_core_dims --output-data /openlane/designs/usb/runs/prueba60/tmp/dimensions.txt --input-lef /openlane/designs/usb/runs/prueba60/tmp/merged.nom.lef /openlane/designs/usb/runs/prueba60/tmp/floorplan/4-initial_fp.def"

Wed May 10 21:43:20 UTC 2023 - Executing "openroad -exit /openlane/scripts/openroad/ioplacer.tcl |& tee /dev/null /openlane/designs/usb/runs/prueba60/logs/floorplan/5-io.log"

Wed May 10 21:43:21 UTC 2023 - Executing "openroad -exit /openlane/scripts/openroad/tapcell.tcl |& tee /dev/null /openlane/designs/usb/runs/prueba60/logs/floorplan/6-tap.log"

Wed May 10 21:43:21 UTC 2023 - Executing "openroad -exit /openlane/scripts/openroad/pdn.tcl |& tee /dev/null /openlane/designs/usb/runs/prueba60/logs/floorplan/7-pdn.log"

Wed May 10 21:43:22 UTC 2023 - Executing "openroad -exit /openlane/scripts/openroad/replace.tcl |& tee /dev/null /openlane/designs/usb/runs/prueba60/logs/placement/8-global.log"

Wed May 10 21:43:25 UTC 2023 - Executing "openroad -exit /openlane/scripts/openroad/resizer.tcl |& tee /dev/null /openlane/designs/usb/runs/prueba60/logs/placement/9-resizer.log"

Wed May 10 21:43:26 UTC 2023 - Executing "openroad -exit /openlane/scripts/openroad/write_verilog.tcl |& tee /dev/null /openlane/designs/usb/runs/prueba60/logs/placement/10-write_verilog.log"

Wed May 10 21:43:26 UTC 2023 - Executing "sed -i -e {s/\(set ::env(CURRENT_NETLIST)\).*/\1 \/openlane\/designs\/usb\/runs\/prueba60\/results\/placement\/usb.resized.v/} /openlane/designs/usb/runs/prueba60/config.tcl"

Wed May 10 21:43:26 UTC 2023 - Executing "sed -i -e {s/\(set ::env(PREV_NETLIST)\).*/\1 \/openlane\/designs\/usb\/runs\/prueba60\/results\/synthesis\/usb.v/} /openlane/designs/usb/runs/prueba60/config.tcl"

Wed May 10 21:43:26 UTC 2023 - Executing "openroad -exit /openlane/scripts/openroad/opendp.tcl |& tee /dev/null /openlane/designs/usb/runs/prueba60/logs/placement/11-detailed.log"

Wed May 10 21:43:27 UTC 2023 - Executing "openroad -python /openlane/scripts/libtrim.py --cell-file /openlane/designs/usb/runs/prueba60/tmp/cts/cts.lib.exclude.list --output /openlane/designs/usb/runs/prueba60/tmp/cts/cts.lib /home/licit/OpenLane/pdks/sky130A/libs.ref/sky130_fd_sc_hd/lib/sky130_fd_sc_hd__tt_025C_1v80.lib"

Wed May 10 21:43:27 UTC 2023 - Executing "openroad -exit /openlane/scripts/openroad/cts.tcl |& tee /dev/null /openlane/designs/usb/runs/prueba60/logs/cts/12-cts.log"

Wed May 10 21:43:58 UTC 2023 - Executing "openroad -exit /openlane/scripts/openroad/write_verilog.tcl |& tee /dev/null /openlane/designs/usb/runs/prueba60/logs/cts/13-write_verilog.log"

Wed May 10 21:43:58 UTC 2023 - Executing "sed -i -e {s/\(set ::env(CURRENT_NETLIST)\).*/\1 \/openlane\/designs\/usb\/runs\/prueba60\/results\/cts\/usb.v/} /openlane/designs/usb/runs/prueba60/config.tcl"

Wed May 10 21:43:58 UTC 2023 - Executing "sed -i -e {s/\(set ::env(PREV_NETLIST)\).*/\1 \/openlane\/designs\/usb\/runs\/prueba60\/results\/placement\/usb.resized.v/} /openlane/designs/usb/runs/prueba60/config.tcl"

Wed May 10 21:43:58 UTC 2023 - Executing "openroad -exit /openlane/scripts/openroad/resizer_timing.tcl |& tee /dev/null /openlane/designs/usb/runs/prueba60/logs/cts/14-resizer.log"

Wed May 10 21:43:59 UTC 2023 - Executing "openroad -exit /openlane/scripts/openroad/write_verilog.tcl |& tee /dev/null /openlane/designs/usb/runs/prueba60/logs/cts/15-write_verilog.log"

Wed May 10 21:44:00 UTC 2023 - Executing "sed -i -e {s/\(set ::env(CURRENT_NETLIST)\).*/\1 \/openlane\/designs\/usb\/runs\/prueba60\/results\/cts\/usb.resized.v/} /openlane/designs/usb/runs/prueba60/config.tcl"

Wed May 10 21:44:00 UTC 2023 - Executing "sed -i -e {s/\(set ::env(PREV_NETLIST)\).*/\1 \/openlane\/designs\/usb\/runs\/prueba60\/results\/cts\/usb.v/} /openlane/designs/usb/runs/prueba60/config.tcl"

Wed May 10 21:44:00 UTC 2023 - Executing "openroad -exit /openlane/scripts/openroad/resizer_routing_timing.tcl |& tee /dev/null /openlane/designs/usb/runs/prueba60/logs/routing/16-resizer.log"

Wed May 10 21:44:01 UTC 2023 - Executing "openroad -exit /openlane/scripts/openroad/write_verilog.tcl |& tee /dev/null /openlane/designs/usb/runs/prueba60/logs/routing/17-write_verilog.log"

Wed May 10 21:44:01 UTC 2023 - Executing "sed -i -e {s/\(set ::env(CURRENT_NETLIST)\).*/\1 \/openlane\/designs\/usb\/runs\/prueba60\/results\/routing\/usb.resized.v/} /openlane/designs/usb/runs/prueba60/config.tcl"

Wed May 10 21:44:01 UTC 2023 - Executing "sed -i -e {s/\(set ::env(PREV_NETLIST)\).*/\1 \/openlane\/designs\/usb\/runs\/prueba60\/results\/cts\/usb.resized.v/} /openlane/designs/usb/runs/prueba60/config.tcl"

Wed May 10 21:44:01 UTC 2023 - Executing "openroad -exit /openlane/scripts/openroad/opendp.tcl |& tee /dev/null /openlane/designs/usb/runs/prueba60/logs/routing/18-diode_legalization.log"

Wed May 10 21:44:01 UTC 2023 - Executing "openroad -exit /openlane/scripts/openroad/groute.tcl |& tee /dev/null /openlane/designs/usb/runs/prueba60/logs/routing/19-global.log"

Wed May 10 21:44:03 UTC 2023 - Executing "openroad -exit /openlane/scripts/openroad/fill.tcl |& tee /dev/null /openlane/designs/usb/runs/prueba60/logs/routing/20-fill.log"

Wed May 10 21:44:03 UTC 2023 - Executing "openroad -exit /openlane/scripts/openroad/write_verilog.tcl |& tee /dev/null /openlane/designs/usb/runs/prueba60/logs/routing/21-write_verilog_global.log"

Wed May 10 21:44:03 UTC 2023 - Executing "sed -i -e {s/\(set ::env(CURRENT_NETLIST)\).*/\1 \/openlane\/designs\/usb\/runs\/prueba60\/tmp\/routing\/20-global.v/} /openlane/designs/usb/runs/prueba60/config.tcl"

Wed May 10 21:44:03 UTC 2023 - Executing "sed -i -e {s/\(set ::env(PREV_NETLIST)\).*/\1 \/openlane\/designs\/usb\/runs\/prueba60\/results\/routing\/usb.resized.v/} /openlane/designs/usb/runs/prueba60/config.tcl"

Wed May 10 21:44:03 UTC 2023 - Executing "openroad -exit /openlane/scripts/openroad/droute.tcl |& tee /dev/null /openlane/designs/usb/runs/prueba60/logs/routing/22-detailed.log"

Wed May 10 21:44:44 UTC 2023 - Executing "openroad -python /openlane/scripts/drc_rosetta.py tr to_klayout -o /openlane/designs/usb/runs/prueba60/reports/routing/detailed.klayout.xml --design-name usb /openlane/designs/usb/runs/prueba60/reports/routing/detailed.drc"

Wed May 10 21:44:44 UTC 2023 - Executing "openroad -exit /openlane/scripts/openroad/write_verilog.tcl |& tee /dev/null /openlane/designs/usb/runs/prueba60/logs/routing/23-write_verilog_detailed.log"

Wed May 10 21:44:45 UTC 2023 - Executing "sed -i -e {s/\(set ::env(CURRENT_NETLIST)\).*/\1 \/openlane\/designs\/usb\/runs\/prueba60\/tmp\/routing\/22-detailed.v/} /openlane/designs/usb/runs/prueba60/config.tcl"

Wed May 10 21:44:45 UTC 2023 - Executing "sed -i -e {s/\(set ::env(PREV_NETLIST)\).*/\1 \/openlane\/designs\/usb\/runs\/prueba60\/tmp\/routing\/20-global.v/} /openlane/designs/usb/runs/prueba60/config.tcl"

Wed May 10 21:44:45 UTC 2023 - Executing "openroad -exit /openlane/scripts/openroad/rcx.tcl |& tee /dev/null /openlane/designs/usb/runs/prueba60/logs/signoff/24-parasitics_extraction.min.log"

Wed May 10 21:44:46 UTC 2023 - Executing "openroad -exit /openlane/scripts/openroad/sta_multi_corner.tcl |& tee /dev/null /openlane/designs/usb/runs/prueba60/logs/signoff/25-parasitics_multi_corner_sta.min.log"

Wed May 10 21:44:49 UTC 2023 - Executing "openroad -exit /openlane/scripts/openroad/rcx.tcl |& tee /dev/null /openlane/designs/usb/runs/prueba60/logs/signoff/27-parasitics_extraction.max.log"

Wed May 10 21:44:49 UTC 2023 - Executing "openroad -exit /openlane/scripts/openroad/sta_multi_corner.tcl |& tee /dev/null /openlane/designs/usb/runs/prueba60/logs/signoff/28-parasitics_multi_corner_sta.max.log"

Wed May 10 21:44:53 UTC 2023 - Executing "openroad -exit /openlane/scripts/openroad/rcx.tcl |& tee /dev/null /openlane/designs/usb/runs/prueba60/logs/signoff/30-parasitics_extraction.nom.log"

Wed May 10 21:44:53 UTC 2023 - Executing "openroad -exit /openlane/scripts/openroad/sta.tcl |& tee /dev/null /openlane/designs/usb/runs/prueba60/logs/signoff/31-parasitics_sta.log"

Wed May 10 21:44:54 UTC 2023 - Executing "openroad -exit /openlane/scripts/openroad/sta_multi_corner.tcl |& tee /dev/null /openlane/designs/usb/runs/prueba60/logs/signoff/32-parasitics_multi_corner_sta.log"

Wed May 10 21:44:57 UTC 2023 - Executing "magic -noconsole -dnull -rcfile /home/licit/OpenLane/pdks/sky130A/libs.tech/magic/sky130A.magicrc < /openlane/scripts/magic/mag_gds.tcl |& tee /dev/null /openlane/designs/usb/runs/prueba60/logs/signoff/34-gdsii.log"

Wed May 10 21:44:58 UTC 2023 - Executing "magic -noconsole -dnull -rcfile /home/licit/OpenLane/pdks/sky130A/libs.tech/magic/sky130A.magicrc < /openlane/scripts/magic/gds_pointers.tcl |& tee /dev/null /openlane/designs/usb/runs/prueba60/logs/signoff/34-gds_ptrs.log"

Wed May 10 21:44:59 UTC 2023 - Executing "sed -i -n {/^<< properties >>/,/^<< end >>/p} /openlane/designs/usb/runs/prueba60/tmp/signoff/gds_ptrs.mag"

Wed May 10 21:44:59 UTC 2023 - Executing "magic -noconsole -dnull -rcfile /home/licit/OpenLane/pdks/sky130A/libs.tech/magic/sky130A.magicrc < /openlane/scripts/magic/lef.tcl |& tee /dev/null /openlane/designs/usb/runs/prueba60/logs/signoff/34-lef.log"

Wed May 10 21:45:00 UTC 2023 - Executing "magic -noconsole -dnull -rcfile /home/licit/OpenLane/pdks/sky130A/libs.tech/magic/sky130A.magicrc < /openlane/scripts/magic/maglef.tcl |& tee /dev/null /openlane/designs/usb/runs/prueba60/logs/signoff/34-maglef.log"

Wed May 10 21:45:00 UTC 2023 - Executing "klayout -b -rm /openlane/scripts/klayout/def2gds.py -rd out_gds=/openlane/designs/usb/runs/prueba60/results/signoff/usb.klayout.gds -rd tech_file=/home/licit/OpenLane/pdks/sky130A/libs.tech/klayout/sky130A.lyt -rd design_name=usb -rd in_def=/openlane/designs/usb/runs/prueba60/results/routing/usb.def -rd {in_gds=/home/licit/OpenLane/pdks/sky130A/libs.ref/sky130_fd_sc_hd/gds/sky130_fd_sc_hd.gds } -rd config_file= -rd seal_gds= -rd lef_file=/openlane/designs/usb/runs/prueba60/tmp/merged.nom.lef |& tee /dev/null /openlane/designs/usb/runs/prueba60/logs/signoff/35-gdsii-klayout.log"

Wed May 10 21:45:00 UTC 2023 - Executing "bash /openlane/scripts/klayout/xor.sh /openlane/designs/usb/runs/prueba60/results/signoff/usb.gds /openlane/designs/usb/runs/prueba60/results/signoff/usb.klayout.gds usb /openlane/designs/usb/runs/prueba60/reports/signoff/usb.xor.gds |& tee /dev/null /openlane/designs/usb/runs/prueba60/logs/signoff/36-xor.log"

Wed May 10 21:45:03 UTC 2023 - Executing "openroad -python /openlane/scripts/parse_klayout_xor_log.py -l /openlane/designs/usb/runs/prueba60/logs/signoff/36-xor.log -o /openlane/designs/usb/runs/prueba60/reports/signoff/36-xor.rpt"

Wed May 10 21:45:03 UTC 2023 - Executing "bash /openlane/scripts/klayout/xor.sh /openlane/designs/usb/runs/prueba60/results/signoff/usb.gds /openlane/designs/usb/runs/prueba60/results/signoff/usb.klayout.gds usb /openlane/designs/usb/runs/prueba60/reports/signoff/usb.xor.xml |& tee /dev/null /openlane/designs/usb/runs/prueba60/logs/signoff/36-xor.log"

Wed May 10 21:45:05 UTC 2023 - Executing "openroad -python /openlane/scripts/parse_klayout_xor_log.py -l /openlane/designs/usb/runs/prueba60/logs/signoff/36-xor.log -o /openlane/designs/usb/runs/prueba60/reports/signoff/36-xor.rpt"

Wed May 10 21:45:05 UTC 2023 - Executing "magic -noconsole -dnull -rcfile /home/licit/OpenLane/pdks/sky130A/libs.tech/magic/sky130A.magicrc < /openlane/scripts/magic/extract_spice.tcl |& tee /dev/null /openlane/designs/usb/runs/prueba60/logs/signoff/37-spice.log"

Wed May 10 21:45:07 UTC 2023 - Executing "openroad -python /openlane/scripts/odbpy/power_utils.py write_powered_def --input-lef /openlane/designs/usb/runs/prueba60/tmp/merged.nom.lef --power-port VPWR --ground-port VGND --powered-netlist {} --output /openlane/designs/usb/runs/prueba60/tmp/signoff/37-powered_def.def /openlane/designs/usb/runs/prueba60/results/routing/usb.def |& tee /dev/null /openlane/designs/usb/runs/prueba60/logs/signoff/38-write_powered_def.log"

Wed May 10 21:45:07 UTC 2023 - Executing "openroad -exit /openlane/scripts/openroad/write_verilog.tcl |& tee /dev/null /dev/null"

Wed May 10 21:45:08 UTC 2023 - Executing "sed -i -e {s/\(set ::env(CURRENT_NETLIST)\).*/\1 \/openlane\/designs\/usb\/runs\/prueba60\/tmp\/signoff\/37-powered_netlist.v/} /openlane/designs/usb/runs/prueba60/config.tcl"

Wed May 10 21:45:08 UTC 2023 - Executing "sed -i -e {s/\(set ::env(PREV_NETLIST)\).*/\1 \/openlane\/designs\/usb\/runs\/prueba60\/tmp\/routing\/22-detailed.v/} /openlane/designs/usb/runs/prueba60/config.tcl"

Wed May 10 21:45:08 UTC 2023 - Executing "netgen -batch source /openlane/designs/usb/runs/prueba60/tmp/signoff/40-setup_file.lef.lvs |& tee /dev/null /openlane/designs/usb/runs/prueba60/logs/signoff/40-lef.log"

Wed May 10 21:45:08 UTC 2023 - Executing "magic -noconsole -dnull -rcfile /home/licit/OpenLane/pdks/sky130A/libs.tech/magic/sky130A.magicrc < /openlane/scripts/magic/drc.tcl |& tee /dev/null /openlane/designs/usb/runs/prueba60/logs/signoff/41-drc.log"

Wed May 10 21:45:14 UTC 2023 - Executing "openroad -python /openlane/scripts/drc_rosetta.py magic to_tcl -o /openlane/designs/usb/runs/prueba60/reports/signoff/drc.tcl /openlane/designs/usb/runs/prueba60/reports/signoff/drc.rpt"

Wed May 10 21:45:14 UTC 2023 - Executing "openroad -python /openlane/scripts/drc_rosetta.py magic to_tr -o /openlane/designs/usb/runs/prueba60/reports/signoff/drc.tr /openlane/designs/usb/runs/prueba60/reports/signoff/drc.rpt"

Wed May 10 21:45:14 UTC 2023 - Executing "openroad -python /openlane/scripts/drc_rosetta.py tr to_klayout -o /openlane/designs/usb/runs/prueba60/reports/signoff/drc.klayout.xml --design-name usb /openlane/designs/usb/runs/prueba60/reports/signoff/drc.tr"

Wed May 10 21:45:15 UTC 2023 - Executing "openroad -python /openlane/scripts/drc_rosetta.py magic to_tr -o /openlane/designs/usb/runs/prueba60/reports/signoff/drc.rdb /openlane/designs/usb/runs/prueba60/reports/signoff/drc.rpt"

Wed May 10 21:45:15 UTC 2023 - Executing "openroad -exit /openlane/scripts/openroad/antenna_check.tcl |& tee /dev/null /openlane/designs/usb/runs/prueba60/logs/signoff/42-antenna.log"

Wed May 10 21:45:15 UTC 2023 - Executing "openroad -python /openlane/scripts/extract_antenna_violators.py --output /openlane/designs/usb/runs/prueba60/reports/signoff/42-antenna_violators.rpt /openlane/designs/usb/runs/prueba60/reports/signoff/42-antenna.rpt"

Wed May 10 21:45:15 UTC 2023 - Executing "awk -v vdd=VPWR -v gnd=VGND -f /openlane/scripts/cvc/sky130A/power.awk /openlane/designs/usb/runs/prueba60/tmp/signoff/37-powered_netlist.v > /openlane/designs/usb/runs/prueba60/tmp/signoff/usb.power"

Wed May 10 21:45:15 UTC 2023 - Executing "awk -f /openlane/scripts/cvc/sky130A/cdl.awk /home/licit/OpenLane/pdks/sky130A/libs.ref/sky130_fd_sc_hd/cdl/sky130_fd_sc_hd.cdl /openlane/designs/usb/runs/prueba60/results/signoff/usb.lef.spice > /openlane/designs/usb/runs/prueba60/tmp/signoff/usb.cdl"

Wed May 10 21:45:15 UTC 2023 - Executing "cvc /openlane/scripts/cvc/sky130A/cvcrc.sky130A |& tee /dev/null /openlane/designs/usb/runs/prueba60/logs/signoff/43-erc_screen.log"

Wed May 10 21:45:16 UTC 2023 - Executing "openroad -python /openlane/scripts/generate_reports.py -d /openlane/designs/usb --design_name usb --tag prueba60 --output_file /openlane/designs/usb/runs/prueba60/reports/metrics.csv --man_report /openlane/designs/usb/runs/prueba60/reports/manufacturability.rpt --run_path /openlane/designs/usb/runs/prueba60"

