Fri May 19 18:06:27 UTC 2023 - Executing "openroad -python /openlane/scripts/odbpy/lefutil.py get_metal_layers -o /openlane/designs/usb/runs/prueba110/tmp/layers.list /home/licit/OpenLane/pdks/sky130A/libs.ref/sky130_fd_sc_hd/techlef/sky130_fd_sc_hd__nom.tlef"

Fri May 19 18:06:27 UTC 2023 - Executing "/openlane/scripts/mergeLef.py -o /openlane/designs/usb/runs/prueba110/tmp/merged.unpadded.nom.lef -i /home/licit/OpenLane/pdks/sky130A/libs.ref/sky130_fd_sc_hd/techlef/sky130_fd_sc_hd__nom.tlef /home/licit/OpenLane/pdks/sky130A/libs.ref/sky130_fd_sc_hd/lef/sky130_fd_sc_hd.lef |& tee /dev/null"

Fri May 19 18:06:27 UTC 2023 - Executing "/openlane/scripts/mergeLef.py -o /openlane/designs/usb/runs/prueba110/tmp/merged.unpadded.min.lef -i /home/licit/OpenLane/pdks/sky130A/libs.ref/sky130_fd_sc_hd/techlef/sky130_fd_sc_hd__min.tlef /home/licit/OpenLane/pdks/sky130A/libs.ref/sky130_fd_sc_hd/lef/sky130_fd_sc_hd.lef |& tee /dev/null"

Fri May 19 18:06:27 UTC 2023 - Executing "/openlane/scripts/mergeLef.py -o /openlane/designs/usb/runs/prueba110/tmp/merged.unpadded.max.lef -i /home/licit/OpenLane/pdks/sky130A/libs.ref/sky130_fd_sc_hd/techlef/sky130_fd_sc_hd__max.tlef /home/licit/OpenLane/pdks/sky130A/libs.ref/sky130_fd_sc_hd/lef/sky130_fd_sc_hd.lef |& tee /dev/null"

Fri May 19 18:06:27 UTC 2023 - Executing "openroad -python /openlane/scripts/mergeLib.py --output /openlane/designs/usb/runs/prueba110/tmp/synthesis/merged.lib --name sky130A_merged /home/licit/OpenLane/pdks/sky130A/libs.ref/sky130_fd_sc_hd/lib/sky130_fd_sc_hd__tt_025C_1v80.lib"

Fri May 19 18:06:27 UTC 2023 - Executing "openroad -python /openlane/scripts/libtrim.py --cell-file /openlane/designs/usb/runs/prueba110/tmp/synthesis/trimmed.lib.exclude.list --output /openlane/designs/usb/runs/prueba110/tmp/synthesis/trimmed.lib /openlane/designs/usb/runs/prueba110/tmp/synthesis/merged.lib"

Fri May 19 18:06:28 UTC 2023 - Executing "openroad -python /openlane/scripts/new_tracks.py -i /home/licit/OpenLane/pdks/sky130A/libs.tech/openlane/sky130_fd_sc_hd/tracks.info -o /openlane/designs/usb/runs/prueba110/tmp/routing/config.tracks"

Fri May 19 18:06:28 UTC 2023 - Executing "echo {openlane ebad315d1def25d9d253eb2ec1c56d7b4e59d7ca} > /openlane/designs/usb/runs/prueba110/OPENLANE_VERSION"

Fri May 19 18:06:28 UTC 2023 - Executing "sed -E {s/^([[:space:]]+)pg_pin(.*)/\1pin\2\n\1    direction : "inout";/g} /home/licit/OpenLane/pdks/sky130A/libs.ref/sky130_fd_sc_hd/lib/sky130_fd_sc_hd__tt_025C_1v80.lib > /openlane/designs/usb/runs/prueba110/tmp/synthesis/1-sky130_fd_sc_hd__tt_025C_1v80.no_pg.lib"

Fri May 19 18:06:28 UTC 2023 - Executing "sed -E {s/^([[:space:]]+)pg_pin(.*)/\1pin\2\n\1    direction : "inout";/g} /openlane/designs/usb/runs/prueba110/tmp/synthesis/trimmed.lib > /openlane/designs/usb/runs/prueba110/tmp/synthesis/1-trimmed.no_pg.lib"

Fri May 19 18:06:28 UTC 2023 - Executing "yosys -c /openlane/scripts/yosys/synth.tcl -l /openlane/designs/usb/runs/prueba110/logs/synthesis/1-synthesis.log |& tee /dev/null"

Fri May 19 18:06:30 UTC 2023 - Executing "sed -i -e {s/\(set ::env(CURRENT_NETLIST)\).*/\1 \/openlane\/designs\/usb\/runs\/prueba110\/results\/synthesis\/usb.v/} /openlane/designs/usb/runs/prueba110/config.tcl"

Fri May 19 18:06:31 UTC 2023 - Executing "sed -i -e {s/\(set ::env(PREV_NETLIST)\).*/\1 0/} /openlane/designs/usb/runs/prueba110/config.tcl"

Fri May 19 18:06:31 UTC 2023 - Executing "sed -i /defparam/d /openlane/designs/usb/runs/prueba110/results/synthesis/usb.v"

Fri May 19 18:06:31 UTC 2023 - Executing "openroad -exit /openlane/scripts/openroad/sta.tcl |& tee /dev/null /openlane/designs/usb/runs/prueba110/logs/synthesis/2-sta.log"

Fri May 19 18:06:31 UTC 2023 - Executing "openroad -exit /openlane/scripts/openroad/sta_ana.tcl |& tee /dev/null /openlane/designs/usb/runs/prueba110/logs/synthesis/3-sta_ana.log"

Fri May 19 18:06:32 UTC 2023 - Executing "openroad -exit /openlane/scripts/openroad/floorplan.tcl |& tee /dev/null /openlane/designs/usb/runs/prueba110/logs/floorplan/4-initial_fp.log"

Fri May 19 18:06:33 UTC 2023 - Executing "openroad -python /openlane/scripts/odbpy/defutil.py extract_core_dims --output-data /openlane/designs/usb/runs/prueba110/tmp/dimensions.txt --input-lef /openlane/designs/usb/runs/prueba110/tmp/merged.nom.lef /openlane/designs/usb/runs/prueba110/tmp/floorplan/4-initial_fp.def"

Fri May 19 18:06:33 UTC 2023 - Executing "openroad -exit /openlane/scripts/openroad/ioplacer.tcl |& tee /dev/null /openlane/designs/usb/runs/prueba110/logs/floorplan/5-io.log"

Fri May 19 18:06:33 UTC 2023 - Executing "openroad -exit /openlane/scripts/openroad/tapcell.tcl |& tee /dev/null /openlane/designs/usb/runs/prueba110/logs/floorplan/6-tap.log"

Fri May 19 18:06:33 UTC 2023 - Executing "openroad -exit /openlane/scripts/openroad/pdn.tcl |& tee /dev/null /openlane/designs/usb/runs/prueba110/logs/floorplan/7-pdn.log"

Fri May 19 18:06:34 UTC 2023 - Executing "openroad -exit /openlane/scripts/openroad/replace.tcl |& tee /dev/null /openlane/designs/usb/runs/prueba110/logs/placement/8-global.log"

Fri May 19 18:06:37 UTC 2023 - Executing "openroad -exit /openlane/scripts/openroad/replace_ana.tcl |& tee /dev/null /openlane/designs/usb/runs/prueba110/logs/placement/8-global_ana.log"

Fri May 19 18:06:41 UTC 2023 - Executing "openroad -exit /openlane/scripts/openroad/resizer.tcl |& tee /dev/null /openlane/designs/usb/runs/prueba110/logs/placement/9-resizer.log"

Fri May 19 18:06:42 UTC 2023 - Executing "openroad -exit /openlane/scripts/openroad/write_verilog.tcl |& tee /dev/null /openlane/designs/usb/runs/prueba110/logs/placement/10-write_verilog.log"

Fri May 19 18:06:42 UTC 2023 - Executing "sed -i -e {s/\(set ::env(CURRENT_NETLIST)\).*/\1 \/openlane\/designs\/usb\/runs\/prueba110\/results\/placement\/usb.resized.v/} /openlane/designs/usb/runs/prueba110/config.tcl"

Fri May 19 18:06:42 UTC 2023 - Executing "sed -i -e {s/\(set ::env(PREV_NETLIST)\).*/\1 \/openlane\/designs\/usb\/runs\/prueba110\/results\/synthesis\/usb.v/} /openlane/designs/usb/runs/prueba110/config.tcl"

Fri May 19 18:06:42 UTC 2023 - Executing "openroad -exit /openlane/scripts/openroad/opendp.tcl |& tee /dev/null /openlane/designs/usb/runs/prueba110/logs/placement/11-detailed.log"

Fri May 19 18:06:42 UTC 2023 - Executing "openroad -python /openlane/scripts/libtrim.py --cell-file /openlane/designs/usb/runs/prueba110/tmp/cts/cts.lib.exclude.list --output /openlane/designs/usb/runs/prueba110/tmp/cts/cts.lib /home/licit/OpenLane/pdks/sky130A/libs.ref/sky130_fd_sc_hd/lib/sky130_fd_sc_hd__tt_025C_1v80.lib"

Fri May 19 18:06:43 UTC 2023 - Executing "openroad -exit /openlane/scripts/openroad/cts.tcl |& tee /dev/null /openlane/designs/usb/runs/prueba110/logs/cts/12-cts.log"

Fri May 19 18:07:14 UTC 2023 - Executing "openroad -exit /openlane/scripts/openroad/cts_ana.tcl |& tee /dev/null /openlane/designs/usb/runs/prueba110/logs/cts/12-cts_ana.log"

Fri May 19 18:07:45 UTC 2023 - Executing "openroad -exit /openlane/scripts/openroad/write_verilog.tcl |& tee /dev/null /openlane/designs/usb/runs/prueba110/logs/cts/13-write_verilog.log"

Fri May 19 18:07:45 UTC 2023 - Executing "sed -i -e {s/\(set ::env(CURRENT_NETLIST)\).*/\1 \/openlane\/designs\/usb\/runs\/prueba110\/results\/cts\/usb.v/} /openlane/designs/usb/runs/prueba110/config.tcl"

Fri May 19 18:07:45 UTC 2023 - Executing "sed -i -e {s/\(set ::env(PREV_NETLIST)\).*/\1 \/openlane\/designs\/usb\/runs\/prueba110\/results\/placement\/usb.resized.v/} /openlane/designs/usb/runs/prueba110/config.tcl"

Fri May 19 18:07:45 UTC 2023 - Executing "openroad -exit /openlane/scripts/openroad/resizer_timing.tcl |& tee /dev/null /openlane/designs/usb/runs/prueba110/logs/cts/14-resizer.log"

Fri May 19 18:07:46 UTC 2023 - Executing "openroad -exit /openlane/scripts/openroad/write_verilog.tcl |& tee /dev/null /openlane/designs/usb/runs/prueba110/logs/cts/15-write_verilog.log"

Fri May 19 18:07:47 UTC 2023 - Executing "sed -i -e {s/\(set ::env(CURRENT_NETLIST)\).*/\1 \/openlane\/designs\/usb\/runs\/prueba110\/results\/cts\/usb.resized.v/} /openlane/designs/usb/runs/prueba110/config.tcl"

Fri May 19 18:07:47 UTC 2023 - Executing "sed -i -e {s/\(set ::env(PREV_NETLIST)\).*/\1 \/openlane\/designs\/usb\/runs\/prueba110\/results\/cts\/usb.v/} /openlane/designs/usb/runs/prueba110/config.tcl"

Fri May 19 18:07:47 UTC 2023 - Executing "openroad -exit /openlane/scripts/openroad/resizer_routing_timing.tcl |& tee /dev/null /openlane/designs/usb/runs/prueba110/logs/routing/16-resizer.log"

Fri May 19 18:07:48 UTC 2023 - Executing "openroad -exit /openlane/scripts/openroad/write_verilog.tcl |& tee /dev/null /openlane/designs/usb/runs/prueba110/logs/routing/17-write_verilog.log"

Fri May 19 18:07:48 UTC 2023 - Executing "sed -i -e {s/\(set ::env(CURRENT_NETLIST)\).*/\1 \/openlane\/designs\/usb\/runs\/prueba110\/results\/routing\/usb.resized.v/} /openlane/designs/usb/runs/prueba110/config.tcl"

Fri May 19 18:07:48 UTC 2023 - Executing "sed -i -e {s/\(set ::env(PREV_NETLIST)\).*/\1 \/openlane\/designs\/usb\/runs\/prueba110\/results\/cts\/usb.resized.v/} /openlane/designs/usb/runs/prueba110/config.tcl"

Fri May 19 18:07:48 UTC 2023 - Executing "openroad -exit /openlane/scripts/openroad/opendp.tcl |& tee /dev/null /openlane/designs/usb/runs/prueba110/logs/routing/18-diode_legalization.log"

Fri May 19 18:07:48 UTC 2023 - Executing "openroad -exit /openlane/scripts/openroad/groute.tcl |& tee /dev/null /openlane/designs/usb/runs/prueba110/logs/routing/19-global.log"

Fri May 19 18:07:50 UTC 2023 - Executing "openroad -exit /openlane/scripts/openroad/fill.tcl |& tee /dev/null /openlane/designs/usb/runs/prueba110/logs/routing/20-fill.log"

Fri May 19 18:07:50 UTC 2023 - Executing "openroad -exit /openlane/scripts/openroad/write_verilog.tcl |& tee /dev/null /openlane/designs/usb/runs/prueba110/logs/routing/21-write_verilog_global.log"

Fri May 19 18:07:50 UTC 2023 - Executing "sed -i -e {s/\(set ::env(CURRENT_NETLIST)\).*/\1 \/openlane\/designs\/usb\/runs\/prueba110\/tmp\/routing\/20-global.v/} /openlane/designs/usb/runs/prueba110/config.tcl"

Fri May 19 18:07:50 UTC 2023 - Executing "sed -i -e {s/\(set ::env(PREV_NETLIST)\).*/\1 \/openlane\/designs\/usb\/runs\/prueba110\/results\/routing\/usb.resized.v/} /openlane/designs/usb/runs/prueba110/config.tcl"

Fri May 19 18:07:50 UTC 2023 - Executing "openroad -exit /openlane/scripts/openroad/droute.tcl |& tee /dev/null /openlane/designs/usb/runs/prueba110/logs/routing/22-detailed.log"

Fri May 19 18:08:31 UTC 2023 - Executing "openroad -python /openlane/scripts/drc_rosetta.py tr to_klayout -o /openlane/designs/usb/runs/prueba110/reports/routing/detailed.klayout.xml --design-name usb /openlane/designs/usb/runs/prueba110/reports/routing/detailed.drc"

Fri May 19 18:08:31 UTC 2023 - Executing "openroad -exit /openlane/scripts/openroad/write_verilog.tcl |& tee /dev/null /openlane/designs/usb/runs/prueba110/logs/routing/23-write_verilog_detailed.log"

Fri May 19 18:08:31 UTC 2023 - Executing "sed -i -e {s/\(set ::env(CURRENT_NETLIST)\).*/\1 \/openlane\/designs\/usb\/runs\/prueba110\/tmp\/routing\/22-detailed.v/} /openlane/designs/usb/runs/prueba110/config.tcl"

Fri May 19 18:08:31 UTC 2023 - Executing "sed -i -e {s/\(set ::env(PREV_NETLIST)\).*/\1 \/openlane\/designs\/usb\/runs\/prueba110\/tmp\/routing\/20-global.v/} /openlane/designs/usb/runs/prueba110/config.tcl"

Fri May 19 18:08:31 UTC 2023 - Executing "openroad -exit /openlane/scripts/openroad/rcx.tcl |& tee /dev/null /openlane/designs/usb/runs/prueba110/logs/signoff/24-parasitics_extraction.min.log"

Fri May 19 18:08:32 UTC 2023 - Executing "openroad -exit /openlane/scripts/openroad/sta_multi_corner.tcl |& tee /dev/null /openlane/designs/usb/runs/prueba110/logs/signoff/25-parasitics_multi_corner_sta.min.log"

Fri May 19 18:08:35 UTC 2023 - Executing "openroad -exit /openlane/scripts/openroad/sta_ana.tcl |& tee /dev/null /openlane/designs/usb/runs/prueba110/logs/signoff/26-parasitics_multi_corner_sta.min.log"

Fri May 19 18:08:36 UTC 2023 - Executing "openroad -exit /openlane/scripts/openroad/rcx.tcl |& tee /dev/null /openlane/designs/usb/runs/prueba110/logs/signoff/27-parasitics_extraction.max.log"

Fri May 19 18:08:36 UTC 2023 - Executing "openroad -exit /openlane/scripts/openroad/sta_multi_corner.tcl |& tee /dev/null /openlane/designs/usb/runs/prueba110/logs/signoff/28-parasitics_multi_corner_sta.max.log"

Fri May 19 18:08:39 UTC 2023 - Executing "openroad -exit /openlane/scripts/openroad/sta_ana.tcl |& tee /dev/null /openlane/designs/usb/runs/prueba110/logs/signoff/29-parasitics_multi_corner_sta.max.log"

Fri May 19 18:08:40 UTC 2023 - Executing "openroad -exit /openlane/scripts/openroad/rcx.tcl |& tee /dev/null /openlane/designs/usb/runs/prueba110/logs/signoff/30-parasitics_extraction.nom.log"

Fri May 19 18:08:41 UTC 2023 - Executing "openroad -exit /openlane/scripts/openroad/sta.tcl |& tee /dev/null /openlane/designs/usb/runs/prueba110/logs/signoff/31-parasitics_sta.log"

Fri May 19 18:08:42 UTC 2023 - Executing "openroad -exit /openlane/scripts/openroad/sta_ana.tcl |& tee /dev/null /openlane/designs/usb/runs/prueba110/logs/signoff/32-parasitics_sta_ana.log"

Fri May 19 18:08:43 UTC 2023 - Executing "openroad -exit /openlane/scripts/openroad/sta_multi_corner.tcl |& tee /dev/null /openlane/designs/usb/runs/prueba110/logs/signoff/33-parasitics_multi_corner_sta.log"

Fri May 19 18:08:46 UTC 2023 - Executing "openroad -exit /openlane/scripts/openroad/sta_ana.tcl |& tee /dev/null /openlane/designs/usb/runs/prueba110/logs/signoff/34-parasitics_multi_corner_sta.log"

Fri May 19 18:08:47 UTC 2023 - Executing "magic -noconsole -dnull -rcfile /home/licit/OpenLane/pdks/sky130A/libs.tech/magic/sky130A.magicrc < /openlane/scripts/magic/mag_gds.tcl |& tee /dev/null /openlane/designs/usb/runs/prueba110/logs/signoff/35-gdsii.log"

Fri May 19 18:08:48 UTC 2023 - Executing "magic -noconsole -dnull -rcfile /home/licit/OpenLane/pdks/sky130A/libs.tech/magic/sky130A.magicrc < /openlane/scripts/magic/gds_pointers.tcl |& tee /dev/null /openlane/designs/usb/runs/prueba110/logs/signoff/35-gds_ptrs.log"

Fri May 19 18:08:48 UTC 2023 - Executing "sed -i -n {/^<< properties >>/,/^<< end >>/p} /openlane/designs/usb/runs/prueba110/tmp/signoff/gds_ptrs.mag"

Fri May 19 18:08:48 UTC 2023 - Executing "magic -noconsole -dnull -rcfile /home/licit/OpenLane/pdks/sky130A/libs.tech/magic/sky130A.magicrc < /openlane/scripts/magic/lef.tcl |& tee /dev/null /openlane/designs/usb/runs/prueba110/logs/signoff/35-lef.log"

Fri May 19 18:08:49 UTC 2023 - Executing "magic -noconsole -dnull -rcfile /home/licit/OpenLane/pdks/sky130A/libs.tech/magic/sky130A.magicrc < /openlane/scripts/magic/maglef.tcl |& tee /dev/null /openlane/designs/usb/runs/prueba110/logs/signoff/35-maglef.log"

Fri May 19 18:08:49 UTC 2023 - Executing "klayout -b -rm /openlane/scripts/klayout/def2gds.py -rd out_gds=/openlane/designs/usb/runs/prueba110/results/signoff/usb.klayout.gds -rd tech_file=/home/licit/OpenLane/pdks/sky130A/libs.tech/klayout/sky130A.lyt -rd design_name=usb -rd in_def=/openlane/designs/usb/runs/prueba110/results/routing/usb.def -rd {in_gds=/home/licit/OpenLane/pdks/sky130A/libs.ref/sky130_fd_sc_hd/gds/sky130_fd_sc_hd.gds } -rd config_file= -rd seal_gds= -rd lef_file=/openlane/designs/usb/runs/prueba110/tmp/merged.nom.lef |& tee /dev/null /openlane/designs/usb/runs/prueba110/logs/signoff/36-gdsii-klayout.log"

Fri May 19 18:08:50 UTC 2023 - Executing "bash /openlane/scripts/klayout/xor.sh /openlane/designs/usb/runs/prueba110/results/signoff/usb.gds /openlane/designs/usb/runs/prueba110/results/signoff/usb.klayout.gds usb /openlane/designs/usb/runs/prueba110/reports/signoff/usb.xor.gds |& tee /dev/null /openlane/designs/usb/runs/prueba110/logs/signoff/37-xor.log"

Fri May 19 18:08:52 UTC 2023 - Executing "openroad -python /openlane/scripts/parse_klayout_xor_log.py -l /openlane/designs/usb/runs/prueba110/logs/signoff/37-xor.log -o /openlane/designs/usb/runs/prueba110/reports/signoff/37-xor.rpt"

Fri May 19 18:08:52 UTC 2023 - Executing "bash /openlane/scripts/klayout/xor.sh /openlane/designs/usb/runs/prueba110/results/signoff/usb.gds /openlane/designs/usb/runs/prueba110/results/signoff/usb.klayout.gds usb /openlane/designs/usb/runs/prueba110/reports/signoff/usb.xor.xml |& tee /dev/null /openlane/designs/usb/runs/prueba110/logs/signoff/37-xor.log"

Fri May 19 18:08:54 UTC 2023 - Executing "openroad -python /openlane/scripts/parse_klayout_xor_log.py -l /openlane/designs/usb/runs/prueba110/logs/signoff/37-xor.log -o /openlane/designs/usb/runs/prueba110/reports/signoff/37-xor.rpt"

Fri May 19 18:08:55 UTC 2023 - Executing "magic -noconsole -dnull -rcfile /home/licit/OpenLane/pdks/sky130A/libs.tech/magic/sky130A.magicrc < /openlane/scripts/magic/extract_spice.tcl |& tee /dev/null /openlane/designs/usb/runs/prueba110/logs/signoff/38-spice.log"

Fri May 19 18:08:57 UTC 2023 - Executing "openroad -python /openlane/scripts/odbpy/power_utils.py write_powered_def --input-lef /openlane/designs/usb/runs/prueba110/tmp/merged.nom.lef --power-port VPWR --ground-port VGND --powered-netlist {} --output /openlane/designs/usb/runs/prueba110/tmp/signoff/38-powered_def.def /openlane/designs/usb/runs/prueba110/results/routing/usb.def |& tee /dev/null /openlane/designs/usb/runs/prueba110/logs/signoff/39-write_powered_def.log"

Fri May 19 18:08:57 UTC 2023 - Executing "openroad -exit /openlane/scripts/openroad/write_verilog.tcl |& tee /dev/null /dev/null"

Fri May 19 18:08:57 UTC 2023 - Executing "sed -i -e {s/\(set ::env(CURRENT_NETLIST)\).*/\1 \/openlane\/designs\/usb\/runs\/prueba110\/tmp\/signoff\/38-powered_netlist.v/} /openlane/designs/usb/runs/prueba110/config.tcl"

Fri May 19 18:08:57 UTC 2023 - Executing "sed -i -e {s/\(set ::env(PREV_NETLIST)\).*/\1 \/openlane\/designs\/usb\/runs\/prueba110\/tmp\/routing\/22-detailed.v/} /openlane/designs/usb/runs/prueba110/config.tcl"

Fri May 19 18:08:57 UTC 2023 - Executing "netgen -batch source /openlane/designs/usb/runs/prueba110/tmp/signoff/41-setup_file.lef.lvs |& tee /dev/null /openlane/designs/usb/runs/prueba110/logs/signoff/41-lef.log"

Fri May 19 18:08:58 UTC 2023 - Executing "magic -noconsole -dnull -rcfile /home/licit/OpenLane/pdks/sky130A/libs.tech/magic/sky130A.magicrc < /openlane/scripts/magic/drc.tcl |& tee /dev/null /openlane/designs/usb/runs/prueba110/logs/signoff/42-drc.log"

Fri May 19 18:09:03 UTC 2023 - Executing "openroad -python /openlane/scripts/drc_rosetta.py magic to_tcl -o /openlane/designs/usb/runs/prueba110/reports/signoff/drc.tcl /openlane/designs/usb/runs/prueba110/reports/signoff/drc.rpt"

Fri May 19 18:09:04 UTC 2023 - Executing "openroad -python /openlane/scripts/drc_rosetta.py magic to_tr -o /openlane/designs/usb/runs/prueba110/reports/signoff/drc.tr /openlane/designs/usb/runs/prueba110/reports/signoff/drc.rpt"

Fri May 19 18:09:04 UTC 2023 - Executing "openroad -python /openlane/scripts/drc_rosetta.py tr to_klayout -o /openlane/designs/usb/runs/prueba110/reports/signoff/drc.klayout.xml --design-name usb /openlane/designs/usb/runs/prueba110/reports/signoff/drc.tr"

Fri May 19 18:09:04 UTC 2023 - Executing "openroad -python /openlane/scripts/drc_rosetta.py magic to_tr -o /openlane/designs/usb/runs/prueba110/reports/signoff/drc.rdb /openlane/designs/usb/runs/prueba110/reports/signoff/drc.rpt"

Fri May 19 18:09:04 UTC 2023 - Executing "openroad -exit /openlane/scripts/openroad/antenna_check.tcl |& tee /dev/null /openlane/designs/usb/runs/prueba110/logs/signoff/43-antenna.log"

Fri May 19 18:09:04 UTC 2023 - Executing "openroad -python /openlane/scripts/extract_antenna_violators.py --output /openlane/designs/usb/runs/prueba110/reports/signoff/43-antenna_violators.rpt /openlane/designs/usb/runs/prueba110/reports/signoff/43-antenna.rpt"

Fri May 19 18:09:05 UTC 2023 - Executing "awk -v vdd=VPWR -v gnd=VGND -f /openlane/scripts/cvc/sky130A/power.awk /openlane/designs/usb/runs/prueba110/tmp/signoff/38-powered_netlist.v > /openlane/designs/usb/runs/prueba110/tmp/signoff/usb.power"

Fri May 19 18:09:05 UTC 2023 - Executing "awk -f /openlane/scripts/cvc/sky130A/cdl.awk /home/licit/OpenLane/pdks/sky130A/libs.ref/sky130_fd_sc_hd/cdl/sky130_fd_sc_hd.cdl /openlane/designs/usb/runs/prueba110/results/signoff/usb.lef.spice > /openlane/designs/usb/runs/prueba110/tmp/signoff/usb.cdl"

Fri May 19 18:09:05 UTC 2023 - Executing "cvc /openlane/scripts/cvc/sky130A/cvcrc.sky130A |& tee /dev/null /openlane/designs/usb/runs/prueba110/logs/signoff/44-erc_screen.log"

Fri May 19 18:09:05 UTC 2023 - Executing "openroad -python /openlane/scripts/generate_reports.py -d /openlane/designs/usb --design_name usb --tag prueba110 --output_file /openlane/designs/usb/runs/prueba110/reports/metrics.csv --man_report /openlane/designs/usb/runs/prueba110/reports/manufacturability.rpt --run_path /openlane/designs/usb/runs/prueba110"

