OpenROAD 0b8b7ae255f8fbbbefa57d443949b84e73eed757 
This program is licensed under the BSD-3 license. See the LICENSE file for details.
Components of this program may be licensed under more restrictive licenses which must be honored.
[INFO ODB-0222] Reading LEF file: /openlane/designs/usb/runs/prueba111/tmp/merged.nom.lef
[INFO ODB-0223]     Created 13 technology layers
[INFO ODB-0224]     Created 25 technology vias
[INFO ODB-0225]     Created 441 library cells
[INFO ODB-0226] Finished LEF file:  /openlane/designs/usb/runs/prueba111/tmp/merged.nom.lef
[INFO ODB-0127] Reading DEF file: /openlane/designs/usb/runs/prueba111/results/routing/usb.def
[INFO ODB-0128] Design: usb
[INFO ODB-0130]     Created 46 pins.
[INFO ODB-0131]     Created 3559 components and 17014 component-terminals.
[INFO ODB-0132]     Created 2 special nets and 13492 connections.
[INFO ODB-0133]     Created 1032 nets and 3522 connections.
[INFO ODB-0134] Finished DEF file: /openlane/designs/usb/runs/prueba111/results/routing/usb.def
Top-level design name: usb
Default power net:  VPWR
Default ground net: VGND
Found a total of 1 power ports.
Found a total of 1 ground ports.
Modified power connections of 3559 cells (Remaining: 0 ).
<odb.dbBlock; proxy of <Swig Object of type 'odb::dbBlock *' at 0x7f67c26d97e0> > /openlane/designs/usb/runs/prueba111/tmp/signoff/38-powered_def.def
