
===========================================================================
report_checks -path_delay max (Setup)
============================================================================
Startpoint: rst_n (input port clocked by clk_48)
Endpoint: _1450_ (recovery check against rising-edge clock clk_48)
Path Group: **async_default**
Path Type: max

Fanout     Cap    Slew   Delay    Time   Description
-----------------------------------------------------------------------------
                  0.15    0.00    0.00   clock clk_48 (rise edge)
                          0.00    0.00   clock network delay (ideal)
                          3.00    3.00 ^ input external delay
                  0.03    0.02    3.02 ^ rst_n (in)
     1    0.01                           rst_n (net)
                  0.03    0.00    3.02 ^ input13/A (sky130_fd_sc_hd__buf_6)
                  0.05    0.11    3.13 ^ input13/X (sky130_fd_sc_hd__buf_6)
     4    0.02                           net13 (net)
                  0.05    0.00    3.13 ^ repeater75/A (sky130_fd_sc_hd__clkbuf_2)
                  0.13    0.17    3.30 ^ repeater75/X (sky130_fd_sc_hd__clkbuf_2)
     5    0.02                           net75 (net)
                  0.13    0.00    3.30 ^ repeater74/A (sky130_fd_sc_hd__clkbuf_2)
                  0.11    0.19    3.49 ^ repeater74/X (sky130_fd_sc_hd__clkbuf_2)
     5    0.02                           net74 (net)
                  0.11    0.00    3.49 ^ repeater73/A (sky130_fd_sc_hd__clkbuf_1)
                  0.15    0.18    3.67 ^ repeater73/X (sky130_fd_sc_hd__clkbuf_1)
     3    0.01                           net73 (net)
                  0.15    0.00    3.67 ^ repeater72/A (sky130_fd_sc_hd__clkbuf_2)
                  0.12    0.20    3.88 ^ repeater72/X (sky130_fd_sc_hd__clkbuf_2)
     5    0.02                           net72 (net)
                  0.12    0.00    3.88 ^ repeater71/A (sky130_fd_sc_hd__clkbuf_2)
                  0.12    0.20    4.07 ^ repeater71/X (sky130_fd_sc_hd__clkbuf_2)
     5    0.02                           net71 (net)
                  0.12    0.00    4.07 ^ repeater70/A (sky130_fd_sc_hd__clkbuf_2)
                  0.13    0.20    4.28 ^ repeater70/X (sky130_fd_sc_hd__clkbuf_2)
     5    0.02                           net70 (net)
                  0.13    0.00    4.28 ^ _0932_/B1 (sky130_fd_sc_hd__o31a_2)
                  0.14    0.25    4.52 ^ _0932_/X (sky130_fd_sc_hd__o31a_2)
     5    0.02                           tx.tx_crc.rst_n (net)
                  0.14    0.00    4.53 ^ repeater50/A (sky130_fd_sc_hd__clkbuf_2)
                  0.10    0.19    4.72 ^ repeater50/X (sky130_fd_sc_hd__clkbuf_2)
     5    0.02                           net50 (net)
                  0.10    0.00    4.72 ^ repeater48/A (sky130_fd_sc_hd__clkbuf_2)
                  0.12    0.19    4.91 ^ repeater48/X (sky130_fd_sc_hd__clkbuf_2)
     5    0.02                           net48 (net)
                  0.12    0.00    4.91 ^ _1450_/SET_B (sky130_fd_sc_hd__dfstp_1)
                                  4.91   data arrival time

                  0.15   15.00   15.00   clock clk_48 (rise edge)
                          0.00   15.00   clock network delay (ideal)
                         -0.25   14.75   clock uncertainty
                          0.00   14.75   clock reconvergence pessimism
                                 14.75 ^ _1450_/CLK (sky130_fd_sc_hd__dfstp_1)
                          0.16   14.91   library recovery time
                                 14.91   data required time
-----------------------------------------------------------------------------
                                 14.91   data required time
                                 -4.91   data arrival time
-----------------------------------------------------------------------------
                                 10.00   slack (MET)


Startpoint: rst_n (input port clocked by clk_48)
Endpoint: _1472_ (rising edge-triggered flip-flop clocked by clk_48)
Path Group: clk_48
Path Type: max

Fanout     Cap    Slew   Delay    Time   Description
-----------------------------------------------------------------------------
                  0.15    0.00    0.00   clock clk_48 (rise edge)
                          0.00    0.00   clock network delay (ideal)
                          3.00    3.00 ^ input external delay
                  0.03    0.02    3.02 ^ rst_n (in)
     1    0.01                           rst_n (net)
                  0.03    0.00    3.02 ^ input13/A (sky130_fd_sc_hd__buf_6)
                  0.05    0.11    3.13 ^ input13/X (sky130_fd_sc_hd__buf_6)
     4    0.02                           net13 (net)
                  0.05    0.00    3.13 ^ repeater75/A (sky130_fd_sc_hd__clkbuf_2)
                  0.13    0.17    3.30 ^ repeater75/X (sky130_fd_sc_hd__clkbuf_2)
     5    0.02                           net75 (net)
                  0.13    0.00    3.30 ^ repeater74/A (sky130_fd_sc_hd__clkbuf_2)
                  0.11    0.19    3.49 ^ repeater74/X (sky130_fd_sc_hd__clkbuf_2)
     5    0.02                           net74 (net)
                  0.11    0.00    3.49 ^ repeater69/A (sky130_fd_sc_hd__clkbuf_2)
                  0.12    0.19    3.68 ^ repeater69/X (sky130_fd_sc_hd__clkbuf_2)
     5    0.02                           net69 (net)
                  0.12    0.00    3.68 ^ repeater68/A (sky130_fd_sc_hd__clkbuf_2)
                  0.12    0.20    3.88 ^ repeater68/X (sky130_fd_sc_hd__clkbuf_2)
     5    0.02                           net68 (net)
                  0.12    0.00    3.88 ^ repeater67/A (sky130_fd_sc_hd__clkbuf_2)
                  0.11    0.19    4.06 ^ repeater67/X (sky130_fd_sc_hd__clkbuf_2)
     5    0.02                           net67 (net)
                  0.11    0.00    4.06 ^ _1053_/B1 (sky130_fd_sc_hd__o31a_1)
                  0.13    0.21    4.27 ^ _1053_/X (sky130_fd_sc_hd__o31a_1)
     3    0.01                           _0536_ (net)
                  0.13    0.00    4.27 ^ _1055_/B1 (sky130_fd_sc_hd__o211ai_2)
                  0.08    0.13    4.40 v _1055_/Y (sky130_fd_sc_hd__o211ai_2)
     3    0.01                           _0538_ (net)
                  0.08    0.00    4.40 v _1056_/A (sky130_fd_sc_hd__clkbuf_2)
                  0.08    0.17    4.57 v _1056_/X (sky130_fd_sc_hd__clkbuf_2)
     6    0.02                           _0539_ (net)
                  0.08    0.00    4.57 v _1076_/B1 (sky130_fd_sc_hd__a21o_1)
                  0.04    0.17    4.74 v _1076_/X (sky130_fd_sc_hd__a21o_1)
     1    0.00                           _0555_ (net)
                  0.04    0.00    4.74 v _1077_/B2 (sky130_fd_sc_hd__a22o_1)
                  0.04    0.20    4.94 v _1077_/X (sky130_fd_sc_hd__a22o_1)
     1    0.00                           _0045_ (net)
                  0.04    0.00    4.94 v _1472_/D (sky130_fd_sc_hd__dfxtp_1)
                                  4.94   data arrival time

                  0.15   15.00   15.00   clock clk_48 (rise edge)
                          0.00   15.00   clock network delay (ideal)
                         -0.25   14.75   clock uncertainty
                          0.00   14.75   clock reconvergence pessimism
                                 14.75 ^ _1472_/CLK (sky130_fd_sc_hd__dfxtp_1)
                         -0.08   14.67   library setup time
                                 14.67   data required time
-----------------------------------------------------------------------------
                                 14.67   data required time
                                 -4.94   data arrival time
-----------------------------------------------------------------------------
                                  9.72   slack (MET)


