
===========================================================================
report_checks -path_delay min (Hold)
============================================================================
Startpoint: _1601_ (rising edge-triggered flip-flop clocked by clk_48)
Endpoint: _1443_ (removal check against rising-edge clock clk_48)
Path Group: **async_default**
Path Type: min

Fanout     Cap    Slew   Delay    Time   Description
-----------------------------------------------------------------------------
                  0.15    0.00    0.00   clock clk_48 (rise edge)
                          0.00    0.00   clock network delay (ideal)
                  0.15    0.00    0.00 ^ _1601_/CLK (sky130_fd_sc_hd__dfrtp_2)
                  0.11    0.41    0.41 ^ _1601_/Q (sky130_fd_sc_hd__dfrtp_2)
     6    0.02                           tx.state[0] (net)
                  0.11    0.00    0.41 ^ _0870_/A (sky130_fd_sc_hd__buf_1)
                  0.17    0.18    0.59 ^ _0870_/X (sky130_fd_sc_hd__buf_1)
     6    0.01                           _0400_ (net)
                  0.17    0.00    0.60 ^ _0930_/A (sky130_fd_sc_hd__buf_1)
                  0.19    0.20    0.79 ^ _0930_/X (sky130_fd_sc_hd__buf_1)
     6    0.02                           _0452_ (net)
                  0.19    0.00    0.80 ^ _0932_/A2 (sky130_fd_sc_hd__o31a_2)
                  0.31    0.35    1.15 ^ _0932_/X (sky130_fd_sc_hd__o31a_2)
    16    0.06                           tx.tx_crc.rst_n (net)
                  0.31    0.00    1.15 ^ _1443_/SET_B (sky130_fd_sc_hd__dfstp_2)
                                  1.15   data arrival time

                  0.15    0.00    0.00   clock clk_48 (rise edge)
                          0.00    0.00   clock network delay (ideal)
                          0.25    0.25   clock uncertainty
                          0.00    0.25   clock reconvergence pessimism
                                  0.25 ^ _1443_/CLK (sky130_fd_sc_hd__dfstp_2)
                          0.16    0.41   library removal time
                                  0.41   data required time
-----------------------------------------------------------------------------
                                  0.41   data required time
                                 -1.15   data arrival time
-----------------------------------------------------------------------------
                                  0.74   slack (MET)


Startpoint: _1601_ (rising edge-triggered flip-flop clocked by clk_48)
Endpoint: _1444_ (removal check against rising-edge clock clk_48)
Path Group: **async_default**
Path Type: min

Fanout     Cap    Slew   Delay    Time   Description
-----------------------------------------------------------------------------
                  0.15    0.00    0.00   clock clk_48 (rise edge)
                          0.00    0.00   clock network delay (ideal)
                  0.15    0.00    0.00 ^ _1601_/CLK (sky130_fd_sc_hd__dfrtp_2)
                  0.11    0.41    0.41 ^ _1601_/Q (sky130_fd_sc_hd__dfrtp_2)
     6    0.02                           tx.state[0] (net)
                  0.11    0.00    0.41 ^ _0870_/A (sky130_fd_sc_hd__buf_1)
                  0.17    0.18    0.59 ^ _0870_/X (sky130_fd_sc_hd__buf_1)
     6    0.01                           _0400_ (net)
                  0.17    0.00    0.60 ^ _0930_/A (sky130_fd_sc_hd__buf_1)
                  0.19    0.20    0.79 ^ _0930_/X (sky130_fd_sc_hd__buf_1)
     6    0.02                           _0452_ (net)
                  0.19    0.00    0.80 ^ _0932_/A2 (sky130_fd_sc_hd__o31a_2)
                  0.31    0.35    1.15 ^ _0932_/X (sky130_fd_sc_hd__o31a_2)
    16    0.06                           tx.tx_crc.rst_n (net)
                  0.31    0.00    1.15 ^ _1444_/SET_B (sky130_fd_sc_hd__dfstp_2)
                                  1.15   data arrival time

                  0.15    0.00    0.00   clock clk_48 (rise edge)
                          0.00    0.00   clock network delay (ideal)
                          0.25    0.25   clock uncertainty
                          0.00    0.25   clock reconvergence pessimism
                                  0.25 ^ _1444_/CLK (sky130_fd_sc_hd__dfstp_2)
                          0.16    0.41   library removal time
                                  0.41   data required time
-----------------------------------------------------------------------------
                                  0.41   data required time
                                 -1.15   data arrival time
-----------------------------------------------------------------------------
                                  0.74   slack (MET)


Startpoint: _1601_ (rising edge-triggered flip-flop clocked by clk_48)
Endpoint: _1445_ (removal check against rising-edge clock clk_48)
Path Group: **async_default**
Path Type: min

Fanout     Cap    Slew   Delay    Time   Description
-----------------------------------------------------------------------------
                  0.15    0.00    0.00   clock clk_48 (rise edge)
                          0.00    0.00   clock network delay (ideal)
                  0.15    0.00    0.00 ^ _1601_/CLK (sky130_fd_sc_hd__dfrtp_2)
                  0.11    0.41    0.41 ^ _1601_/Q (sky130_fd_sc_hd__dfrtp_2)
     6    0.02                           tx.state[0] (net)
                  0.11    0.00    0.41 ^ _0870_/A (sky130_fd_sc_hd__buf_1)
                  0.17    0.18    0.59 ^ _0870_/X (sky130_fd_sc_hd__buf_1)
     6    0.01                           _0400_ (net)
                  0.17    0.00    0.60 ^ _0930_/A (sky130_fd_sc_hd__buf_1)
                  0.19    0.20    0.79 ^ _0930_/X (sky130_fd_sc_hd__buf_1)
     6    0.02                           _0452_ (net)
                  0.19    0.00    0.80 ^ _0932_/A2 (sky130_fd_sc_hd__o31a_2)
                  0.31    0.35    1.15 ^ _0932_/X (sky130_fd_sc_hd__o31a_2)
    16    0.06                           tx.tx_crc.rst_n (net)
                  0.31    0.00    1.15 ^ _1445_/SET_B (sky130_fd_sc_hd__dfstp_2)
                                  1.15   data arrival time

                  0.15    0.00    0.00   clock clk_48 (rise edge)
                          0.00    0.00   clock network delay (ideal)
                          0.25    0.25   clock uncertainty
                          0.00    0.25   clock reconvergence pessimism
                                  0.25 ^ _1445_/CLK (sky130_fd_sc_hd__dfstp_2)
                          0.16    0.41   library removal time
                                  0.41   data required time
-----------------------------------------------------------------------------
                                  0.41   data required time
                                 -1.15   data arrival time
-----------------------------------------------------------------------------
                                  0.74   slack (MET)


Startpoint: _1601_ (rising edge-triggered flip-flop clocked by clk_48)
Endpoint: _1446_ (removal check against rising-edge clock clk_48)
Path Group: **async_default**
Path Type: min

Fanout     Cap    Slew   Delay    Time   Description
-----------------------------------------------------------------------------
                  0.15    0.00    0.00   clock clk_48 (rise edge)
                          0.00    0.00   clock network delay (ideal)
                  0.15    0.00    0.00 ^ _1601_/CLK (sky130_fd_sc_hd__dfrtp_2)
                  0.11    0.41    0.41 ^ _1601_/Q (sky130_fd_sc_hd__dfrtp_2)
     6    0.02                           tx.state[0] (net)
                  0.11    0.00    0.41 ^ _0870_/A (sky130_fd_sc_hd__buf_1)
                  0.17    0.18    0.59 ^ _0870_/X (sky130_fd_sc_hd__buf_1)
     6    0.01                           _0400_ (net)
                  0.17    0.00    0.60 ^ _0930_/A (sky130_fd_sc_hd__buf_1)
                  0.19    0.20    0.79 ^ _0930_/X (sky130_fd_sc_hd__buf_1)
     6    0.02                           _0452_ (net)
                  0.19    0.00    0.80 ^ _0932_/A2 (sky130_fd_sc_hd__o31a_2)
                  0.31    0.35    1.15 ^ _0932_/X (sky130_fd_sc_hd__o31a_2)
    16    0.06                           tx.tx_crc.rst_n (net)
                  0.31    0.00    1.15 ^ _1446_/SET_B (sky130_fd_sc_hd__dfstp_2)
                                  1.15   data arrival time

                  0.15    0.00    0.00   clock clk_48 (rise edge)
                          0.00    0.00   clock network delay (ideal)
                          0.25    0.25   clock uncertainty
                          0.00    0.25   clock reconvergence pessimism
                                  0.25 ^ _1446_/CLK (sky130_fd_sc_hd__dfstp_2)
                          0.16    0.41   library removal time
                                  0.41   data required time
-----------------------------------------------------------------------------
                                  0.41   data required time
                                 -1.15   data arrival time
-----------------------------------------------------------------------------
                                  0.74   slack (MET)


Startpoint: _1601_ (rising edge-triggered flip-flop clocked by clk_48)
Endpoint: _1447_ (removal check against rising-edge clock clk_48)
Path Group: **async_default**
Path Type: min

Fanout     Cap    Slew   Delay    Time   Description
-----------------------------------------------------------------------------
                  0.15    0.00    0.00   clock clk_48 (rise edge)
                          0.00    0.00   clock network delay (ideal)
                  0.15    0.00    0.00 ^ _1601_/CLK (sky130_fd_sc_hd__dfrtp_2)
                  0.11    0.41    0.41 ^ _1601_/Q (sky130_fd_sc_hd__dfrtp_2)
     6    0.02                           tx.state[0] (net)
                  0.11    0.00    0.41 ^ _0870_/A (sky130_fd_sc_hd__buf_1)
                  0.17    0.18    0.59 ^ _0870_/X (sky130_fd_sc_hd__buf_1)
     6    0.01                           _0400_ (net)
                  0.17    0.00    0.60 ^ _0930_/A (sky130_fd_sc_hd__buf_1)
                  0.19    0.20    0.79 ^ _0930_/X (sky130_fd_sc_hd__buf_1)
     6    0.02                           _0452_ (net)
                  0.19    0.00    0.80 ^ _0932_/A2 (sky130_fd_sc_hd__o31a_2)
                  0.31    0.35    1.15 ^ _0932_/X (sky130_fd_sc_hd__o31a_2)
    16    0.06                           tx.tx_crc.rst_n (net)
                  0.31    0.00    1.15 ^ _1447_/SET_B (sky130_fd_sc_hd__dfstp_2)
                                  1.15   data arrival time

                  0.15    0.00    0.00   clock clk_48 (rise edge)
                          0.00    0.00   clock network delay (ideal)
                          0.25    0.25   clock uncertainty
                          0.00    0.25   clock reconvergence pessimism
                                  0.25 ^ _1447_/CLK (sky130_fd_sc_hd__dfstp_2)
                          0.16    0.41   library removal time
                                  0.41   data required time
-----------------------------------------------------------------------------
                                  0.41   data required time
                                 -1.15   data arrival time
-----------------------------------------------------------------------------
                                  0.74   slack (MET)


Startpoint: _1592_ (rising edge-triggered flip-flop clocked by clk_48)
Endpoint: _1593_ (rising edge-triggered flip-flop clocked by clk_48)
Path Group: clk_48
Path Type: min

Fanout     Cap    Slew   Delay    Time   Description
-----------------------------------------------------------------------------
                  0.15    0.00    0.00   clock clk_48 (rise edge)
                          0.00    0.00   clock network delay (ideal)
                  0.15    0.00    0.00 ^ _1592_/CLK (sky130_fd_sc_hd__dfxtp_2)
                  0.03    0.33    0.33 v _1592_/Q (sky130_fd_sc_hd__dfxtp_2)
     2    0.00                           recv.se0_filter.r[2] (net)
                  0.03    0.00    0.33 v _1593_/D (sky130_fd_sc_hd__dfxtp_2)
                                  0.33   data arrival time

                  0.15    0.00    0.00   clock clk_48 (rise edge)
                          0.00    0.00   clock network delay (ideal)
                          0.25    0.25   clock uncertainty
                          0.00    0.25   clock reconvergence pessimism
                                  0.25 ^ _1593_/CLK (sky130_fd_sc_hd__dfxtp_2)
                         -0.02    0.23   library hold time
                                  0.23   data required time
-----------------------------------------------------------------------------
                                  0.23   data required time
                                 -0.33   data arrival time
-----------------------------------------------------------------------------
                                  0.09   slack (MET)


Startpoint: _1595_ (rising edge-triggered flip-flop clocked by clk_48)
Endpoint: _1596_ (rising edge-triggered flip-flop clocked by clk_48)
Path Group: clk_48
Path Type: min

Fanout     Cap    Slew   Delay    Time   Description
-----------------------------------------------------------------------------
                  0.15    0.00    0.00   clock clk_48 (rise edge)
                          0.00    0.00   clock network delay (ideal)
                  0.15    0.00    0.00 ^ _1595_/CLK (sky130_fd_sc_hd__dfxtp_2)
                  0.04    0.34    0.34 v _1595_/Q (sky130_fd_sc_hd__dfxtp_2)
     3    0.01                           recv.d_filter.r[0] (net)
                  0.04    0.00    0.34 v _1596_/D (sky130_fd_sc_hd__dfxtp_2)
                                  0.34   data arrival time

                  0.15    0.00    0.00   clock clk_48 (rise edge)
                          0.00    0.00   clock network delay (ideal)
                          0.25    0.25   clock uncertainty
                          0.00    0.25   clock reconvergence pessimism
                                  0.25 ^ _1596_/CLK (sky130_fd_sc_hd__dfxtp_2)
                         -0.02    0.23   library hold time
                                  0.23   data required time
-----------------------------------------------------------------------------
                                  0.23   data required time
                                 -0.34   data arrival time
-----------------------------------------------------------------------------
                                  0.11   slack (MET)


Startpoint: _1591_ (rising edge-triggered flip-flop clocked by clk_48)
Endpoint: _1592_ (rising edge-triggered flip-flop clocked by clk_48)
Path Group: clk_48
Path Type: min

Fanout     Cap    Slew   Delay    Time   Description
-----------------------------------------------------------------------------
                  0.15    0.00    0.00   clock clk_48 (rise edge)
                          0.00    0.00   clock network delay (ideal)
                  0.15    0.00    0.00 ^ _1591_/CLK (sky130_fd_sc_hd__dfxtp_2)
                  0.04    0.34    0.34 v _1591_/Q (sky130_fd_sc_hd__dfxtp_2)
     4    0.01                           recv.se0_filter.r[1] (net)
                  0.04    0.00    0.34 v _1592_/D (sky130_fd_sc_hd__dfxtp_2)
                                  0.34   data arrival time

                  0.15    0.00    0.00   clock clk_48 (rise edge)
                          0.00    0.00   clock network delay (ideal)
                          0.25    0.25   clock uncertainty
                          0.00    0.25   clock reconvergence pessimism
                                  0.25 ^ _1592_/CLK (sky130_fd_sc_hd__dfxtp_2)
                         -0.02    0.23   library hold time
                                  0.23   data required time
-----------------------------------------------------------------------------
                                  0.23   data required time
                                 -0.34   data arrival time
-----------------------------------------------------------------------------
                                  0.11   slack (MET)


Startpoint: _1590_ (rising edge-triggered flip-flop clocked by clk_48)
Endpoint: _1591_ (rising edge-triggered flip-flop clocked by clk_48)
Path Group: clk_48
Path Type: min

Fanout     Cap    Slew   Delay    Time   Description
-----------------------------------------------------------------------------
                  0.15    0.00    0.00   clock clk_48 (rise edge)
                          0.00    0.00   clock network delay (ideal)
                  0.15    0.00    0.00 ^ _1590_/CLK (sky130_fd_sc_hd__dfxtp_2)
                  0.04    0.34    0.34 v _1590_/Q (sky130_fd_sc_hd__dfxtp_2)
     4    0.01                           recv.se0_filter.r[0] (net)
                  0.04    0.00    0.34 v _1591_/D (sky130_fd_sc_hd__dfxtp_2)
                                  0.34   data arrival time

                  0.15    0.00    0.00   clock clk_48 (rise edge)
                          0.00    0.00   clock network delay (ideal)
                          0.25    0.25   clock uncertainty
                          0.00    0.25   clock reconvergence pessimism
                                  0.25 ^ _1591_/CLK (sky130_fd_sc_hd__dfxtp_2)
                         -0.02    0.23   library hold time
                                  0.23   data required time
-----------------------------------------------------------------------------
                                  0.23   data required time
                                 -0.34   data arrival time
-----------------------------------------------------------------------------
                                  0.12   slack (MET)


Startpoint: _1593_ (rising edge-triggered flip-flop clocked by clk_48)
Endpoint: _1594_ (rising edge-triggered flip-flop clocked by clk_48)
Path Group: clk_48
Path Type: min

Fanout     Cap    Slew   Delay    Time   Description
-----------------------------------------------------------------------------
                  0.15    0.00    0.00   clock clk_48 (rise edge)
                          0.00    0.00   clock network delay (ideal)
                  0.15    0.00    0.00 ^ _1593_/CLK (sky130_fd_sc_hd__dfxtp_2)
                  0.05    0.35    0.35 v _1593_/Q (sky130_fd_sc_hd__dfxtp_2)
     5    0.02                           recv.se0_filter.r[3] (net)
                  0.05    0.00    0.35 v _1594_/D (sky130_fd_sc_hd__dfxtp_2)
                                  0.35   data arrival time

                  0.15    0.00    0.00   clock clk_48 (rise edge)
                          0.00    0.00   clock network delay (ideal)
                          0.25    0.25   clock uncertainty
                          0.00    0.25   clock reconvergence pessimism
                                  0.25 ^ _1594_/CLK (sky130_fd_sc_hd__dfxtp_2)
                         -0.02    0.23   library hold time
                                  0.23   data required time
-----------------------------------------------------------------------------
                                  0.23   data required time
                                 -0.35   data arrival time
-----------------------------------------------------------------------------
                                  0.13   slack (MET)


