Wed May 03 23:22:15 UTC 2023 - Executing "openroad -python /openlane/scripts/odbpy/lefutil.py get_metal_layers -o /openlane/designs/usb/runs/prueba35/tmp/layers.list /home/licit/OpenLane/pdks/sky130A/libs.ref/sky130_fd_sc_hd/techlef/sky130_fd_sc_hd__nom.tlef"

Wed May 03 23:22:15 UTC 2023 - Executing "/openlane/scripts/mergeLef.py -o /openlane/designs/usb/runs/prueba35/tmp/merged.unpadded.nom.lef -i /home/licit/OpenLane/pdks/sky130A/libs.ref/sky130_fd_sc_hd/techlef/sky130_fd_sc_hd__nom.tlef /home/licit/OpenLane/pdks/sky130A/libs.ref/sky130_fd_sc_hd/lef/sky130_fd_sc_hd.lef |& tee /dev/null"

Wed May 03 23:22:15 UTC 2023 - Executing "/openlane/scripts/mergeLef.py -o /openlane/designs/usb/runs/prueba35/tmp/merged.unpadded.min.lef -i /home/licit/OpenLane/pdks/sky130A/libs.ref/sky130_fd_sc_hd/techlef/sky130_fd_sc_hd__min.tlef /home/licit/OpenLane/pdks/sky130A/libs.ref/sky130_fd_sc_hd/lef/sky130_fd_sc_hd.lef |& tee /dev/null"

Wed May 03 23:22:15 UTC 2023 - Executing "/openlane/scripts/mergeLef.py -o /openlane/designs/usb/runs/prueba35/tmp/merged.unpadded.max.lef -i /home/licit/OpenLane/pdks/sky130A/libs.ref/sky130_fd_sc_hd/techlef/sky130_fd_sc_hd__max.tlef /home/licit/OpenLane/pdks/sky130A/libs.ref/sky130_fd_sc_hd/lef/sky130_fd_sc_hd.lef |& tee /dev/null"

Wed May 03 23:22:15 UTC 2023 - Executing "openroad -python /openlane/scripts/mergeLib.py --output /openlane/designs/usb/runs/prueba35/tmp/synthesis/merged.lib --name sky130A_merged /home/licit/OpenLane/pdks/sky130A/libs.ref/sky130_fd_sc_hd/lib/sky130_fd_sc_hd__tt_025C_1v80.lib"

Wed May 03 23:22:16 UTC 2023 - Executing "openroad -python /openlane/scripts/libtrim.py --cell-file /openlane/designs/usb/runs/prueba35/tmp/synthesis/trimmed.lib.exclude.list --output /openlane/designs/usb/runs/prueba35/tmp/synthesis/trimmed.lib /openlane/designs/usb/runs/prueba35/tmp/synthesis/merged.lib"

Wed May 03 23:22:16 UTC 2023 - Executing "openroad -python /openlane/scripts/new_tracks.py -i /home/licit/OpenLane/pdks/sky130A/libs.tech/openlane/sky130_fd_sc_hd/tracks.info -o /openlane/designs/usb/runs/prueba35/tmp/routing/config.tracks"

Wed May 03 23:22:16 UTC 2023 - Executing "echo {openlane ebad315d1def25d9d253eb2ec1c56d7b4e59d7ca} > /openlane/designs/usb/runs/prueba35/OPENLANE_VERSION"

Wed May 03 23:22:16 UTC 2023 - Executing "sed -E {s/^([[:space:]]+)pg_pin(.*)/\1pin\2\n\1    direction : "inout";/g} /home/licit/OpenLane/pdks/sky130A/libs.ref/sky130_fd_sc_hd/lib/sky130_fd_sc_hd__tt_025C_1v80.lib > /openlane/designs/usb/runs/prueba35/tmp/synthesis/1-sky130_fd_sc_hd__tt_025C_1v80.no_pg.lib"

Wed May 03 23:22:17 UTC 2023 - Executing "sed -E {s/^([[:space:]]+)pg_pin(.*)/\1pin\2\n\1    direction : "inout";/g} /openlane/designs/usb/runs/prueba35/tmp/synthesis/trimmed.lib > /openlane/designs/usb/runs/prueba35/tmp/synthesis/1-trimmed.no_pg.lib"

Wed May 03 23:22:17 UTC 2023 - Executing "yosys -c /openlane/scripts/yosys/synth.tcl -l /openlane/designs/usb/runs/prueba35/logs/synthesis/1-synthesis.log |& tee /dev/null"

Wed May 03 23:22:19 UTC 2023 - Executing "sed -i -e {s/\(set ::env(CURRENT_NETLIST)\).*/\1 \/openlane\/designs\/usb\/runs\/prueba35\/results\/synthesis\/usb.v/} /openlane/designs/usb/runs/prueba35/config.tcl"

Wed May 03 23:22:19 UTC 2023 - Executing "sed -i -e {s/\(set ::env(PREV_NETLIST)\).*/\1 0/} /openlane/designs/usb/runs/prueba35/config.tcl"

Wed May 03 23:22:19 UTC 2023 - Executing "sed -i /defparam/d /openlane/designs/usb/runs/prueba35/results/synthesis/usb.v"

Wed May 03 23:22:19 UTC 2023 - Executing "openroad -exit /openlane/scripts/openroad/sta.tcl |& tee /dev/null /openlane/designs/usb/runs/prueba35/logs/synthesis/2-sta.log"

Wed May 03 23:22:20 UTC 2023 - Executing "openroad -exit /openlane/scripts/openroad/floorplan.tcl |& tee /dev/null /openlane/designs/usb/runs/prueba35/logs/floorplan/3-initial_fp.log"

Wed May 03 23:22:20 UTC 2023 - Executing "openroad -python /openlane/scripts/odbpy/defutil.py extract_core_dims --output-data /openlane/designs/usb/runs/prueba35/tmp/dimensions.txt --input-lef /openlane/designs/usb/runs/prueba35/tmp/merged.nom.lef /openlane/designs/usb/runs/prueba35/tmp/floorplan/3-initial_fp.def"

Wed May 03 23:22:21 UTC 2023 - Executing "openroad -exit /openlane/scripts/openroad/ioplacer.tcl |& tee /dev/null /openlane/designs/usb/runs/prueba35/logs/floorplan/4-io.log"

Wed May 03 23:22:21 UTC 2023 - Executing "openroad -exit /openlane/scripts/openroad/tapcell.tcl |& tee /dev/null /openlane/designs/usb/runs/prueba35/logs/floorplan/5-tap.log"

Wed May 03 23:22:21 UTC 2023 - Executing "openroad -exit /openlane/scripts/openroad/pdn.tcl |& tee /dev/null /openlane/designs/usb/runs/prueba35/logs/floorplan/6-pdn.log"

Wed May 03 23:22:22 UTC 2023 - Executing "openroad -exit /openlane/scripts/openroad/replace.tcl |& tee /dev/null /openlane/designs/usb/runs/prueba35/logs/placement/7-global.log"

Wed May 03 23:22:25 UTC 2023 - Executing "openroad -exit /openlane/scripts/openroad/resizer.tcl |& tee /dev/null /openlane/designs/usb/runs/prueba35/logs/placement/8-resizer.log"

Wed May 03 23:22:26 UTC 2023 - Executing "openroad -exit /openlane/scripts/openroad/write_verilog.tcl |& tee /dev/null /openlane/designs/usb/runs/prueba35/logs/placement/9-write_verilog.log"

Wed May 03 23:22:27 UTC 2023 - Executing "sed -i -e {s/\(set ::env(CURRENT_NETLIST)\).*/\1 \/openlane\/designs\/usb\/runs\/prueba35\/results\/placement\/usb.resized.v/} /openlane/designs/usb/runs/prueba35/config.tcl"

Wed May 03 23:22:27 UTC 2023 - Executing "sed -i -e {s/\(set ::env(PREV_NETLIST)\).*/\1 \/openlane\/designs\/usb\/runs\/prueba35\/results\/synthesis\/usb.v/} /openlane/designs/usb/runs/prueba35/config.tcl"

Wed May 03 23:22:27 UTC 2023 - Executing "openroad -exit /openlane/scripts/openroad/opendp.tcl |& tee /dev/null /openlane/designs/usb/runs/prueba35/logs/placement/10-detailed.log"

Wed May 03 23:22:27 UTC 2023 - Executing "openroad -python /openlane/scripts/libtrim.py --cell-file /openlane/designs/usb/runs/prueba35/tmp/cts/cts.lib.exclude.list --output /openlane/designs/usb/runs/prueba35/tmp/cts/cts.lib /home/licit/OpenLane/pdks/sky130A/libs.ref/sky130_fd_sc_hd/lib/sky130_fd_sc_hd__tt_025C_1v80.lib"

Wed May 03 23:22:27 UTC 2023 - Executing "openroad -exit /openlane/scripts/openroad/cts.tcl |& tee /dev/null /openlane/designs/usb/runs/prueba35/logs/cts/11-cts.log"

