
===========================================================================
 report_check_types -max_slew -max_cap -max_fanout -violators
============================================================================

======================= Slowest Corner ===================================

max fanout

Pin                                   Limit Fanout  Slack
---------------------------------------------------------
clkbuf_4_0_0_clk_48/X                     6     19    -13 (VIOLATED)
clkbuf_4_15_0_clk_48/X                    6     18    -12 (VIOLATED)
clkbuf_4_5_0_clk_48/X                     6     17    -11 (VIOLATED)
clkbuf_0_clk_48/X                         6     16    -10 (VIOLATED)
clkbuf_4_10_0_clk_48/X                    6     16    -10 (VIOLATED)
clkbuf_4_2_0_clk_48/X                     6     13     -7 (VIOLATED)
clkbuf_4_13_0_clk_48/X                    6     12     -6 (VIOLATED)
clkbuf_4_14_0_clk_48/X                    6     12     -6 (VIOLATED)
clkbuf_4_1_0_clk_48/X                     6     12     -6 (VIOLATED)
clkbuf_4_4_0_clk_48/X                     6     12     -6 (VIOLATED)
clkbuf_4_7_0_clk_48/X                     6     12     -6 (VIOLATED)
clkbuf_4_8_0_clk_48/X                     6     11     -5 (VIOLATED)
clkbuf_4_11_0_clk_48/X                    6      9     -3 (VIOLATED)
clkbuf_4_6_0_clk_48/X                     6      9     -3 (VIOLATED)
clkbuf_4_12_0_clk_48/X                    6      8     -2 (VIOLATED)
clkbuf_4_3_0_clk_48/X                     6      8     -2 (VIOLATED)


======================= Typical Corner ===================================

max fanout

Pin                                   Limit Fanout  Slack
---------------------------------------------------------
clkbuf_4_0_0_clk_48/X                     6     19    -13 (VIOLATED)
clkbuf_4_15_0_clk_48/X                    6     18    -12 (VIOLATED)
clkbuf_4_5_0_clk_48/X                     6     17    -11 (VIOLATED)
clkbuf_0_clk_48/X                         6     16    -10 (VIOLATED)
clkbuf_4_10_0_clk_48/X                    6     16    -10 (VIOLATED)
clkbuf_4_2_0_clk_48/X                     6     13     -7 (VIOLATED)
clkbuf_4_13_0_clk_48/X                    6     12     -6 (VIOLATED)
clkbuf_4_14_0_clk_48/X                    6     12     -6 (VIOLATED)
clkbuf_4_1_0_clk_48/X                     6     12     -6 (VIOLATED)
clkbuf_4_4_0_clk_48/X                     6     12     -6 (VIOLATED)
clkbuf_4_7_0_clk_48/X                     6     12     -6 (VIOLATED)
clkbuf_4_8_0_clk_48/X                     6     11     -5 (VIOLATED)
clkbuf_4_11_0_clk_48/X                    6      9     -3 (VIOLATED)
clkbuf_4_6_0_clk_48/X                     6      9     -3 (VIOLATED)
clkbuf_4_12_0_clk_48/X                    6      8     -2 (VIOLATED)
clkbuf_4_3_0_clk_48/X                     6      8     -2 (VIOLATED)


======================= Fastest Corner ===================================

max fanout

Pin                                   Limit Fanout  Slack
---------------------------------------------------------
clkbuf_4_0_0_clk_48/X                     6     19    -13 (VIOLATED)
clkbuf_4_15_0_clk_48/X                    6     18    -12 (VIOLATED)
clkbuf_4_5_0_clk_48/X                     6     17    -11 (VIOLATED)
clkbuf_0_clk_48/X                         6     16    -10 (VIOLATED)
clkbuf_4_10_0_clk_48/X                    6     16    -10 (VIOLATED)
clkbuf_4_2_0_clk_48/X                     6     13     -7 (VIOLATED)
clkbuf_4_13_0_clk_48/X                    6     12     -6 (VIOLATED)
clkbuf_4_14_0_clk_48/X                    6     12     -6 (VIOLATED)
clkbuf_4_1_0_clk_48/X                     6     12     -6 (VIOLATED)
clkbuf_4_4_0_clk_48/X                     6     12     -6 (VIOLATED)
clkbuf_4_7_0_clk_48/X                     6     12     -6 (VIOLATED)
clkbuf_4_8_0_clk_48/X                     6     11     -5 (VIOLATED)
clkbuf_4_11_0_clk_48/X                    6      9     -3 (VIOLATED)
clkbuf_4_6_0_clk_48/X                     6      9     -3 (VIOLATED)
clkbuf_4_12_0_clk_48/X                    6      8     -2 (VIOLATED)
clkbuf_4_3_0_clk_48/X                     6      8     -2 (VIOLATED)


===========================================================================
max slew violation count 0
max fanout violation count 16
max cap violation count 0
============================================================================
