
===========================================================================
report_checks -unconstrained
============================================================================
Startpoint: rst_n (input port clocked by clk_48)
Endpoint: _1550_ (recovery check against rising-edge clock clk_48)
Path Group: **async_default**
Path Type: max

Fanout     Cap    Slew   Delay    Time   Description
-----------------------------------------------------------------------------
                  0.15    0.00    0.00   clock clk_48 (rise edge)
                          0.00    0.00   clock network delay (ideal)
                          3.00    3.00 ^ input external delay
                  1.56    1.13    4.13 ^ rst_n (in)
    95    0.35                           rst_n (net)
                  1.56    0.00    4.13 ^ _0927_/B (sky130_fd_sc_hd__and2_2)
                  0.06    0.32    4.45 ^ _0927_/X (sky130_fd_sc_hd__and2_2)
     1    0.00                           _0450_ (net)
                  0.06    0.00    4.45 ^ _0928_/A (sky130_fd_sc_hd__buf_1)
                  0.87    0.69    5.14 ^ _0928_/X (sky130_fd_sc_hd__buf_1)
    21    0.07                           recv.sm.crc16.rst_n (net)
                  0.87    0.00    5.15 ^ _1550_/SET_B (sky130_fd_sc_hd__dfstp_2)
                                  5.15   data arrival time

                  0.15   15.00   15.00   clock clk_48 (rise edge)
                          0.00   15.00   clock network delay (ideal)
                         -0.25   14.75   clock uncertainty
                          0.00   14.75   clock reconvergence pessimism
                                 14.75 ^ _1550_/CLK (sky130_fd_sc_hd__dfstp_2)
                          0.13   14.88   library recovery time
                                 14.88   data required time
-----------------------------------------------------------------------------
                                 14.88   data required time
                                 -5.15   data arrival time
-----------------------------------------------------------------------------
                                  9.73   slack (MET)


Startpoint: rst_n (input port clocked by clk_48)
Endpoint: _1472_ (rising edge-triggered flip-flop clocked by clk_48)
Path Group: clk_48
Path Type: max

Fanout     Cap    Slew   Delay    Time   Description
-----------------------------------------------------------------------------
                  0.15    0.00    0.00   clock clk_48 (rise edge)
                          0.00    0.00   clock network delay (ideal)
                          3.00    3.00 ^ input external delay
                  1.56    1.13    4.13 ^ rst_n (in)
    95    0.35                           rst_n (net)
                  1.56    0.00    4.13 ^ _1053_/B1 (sky130_fd_sc_hd__o31a_2)
                  0.10    0.39    4.52 ^ _1053_/X (sky130_fd_sc_hd__o31a_2)
     3    0.01                           _0536_ (net)
                  0.10    0.01    4.52 ^ _1055_/B1 (sky130_fd_sc_hd__o211ai_2)
                  0.09    0.12    4.64 v _1055_/Y (sky130_fd_sc_hd__o211ai_2)
     3    0.01                           _0538_ (net)
                  0.09    0.00    4.65 v _1056_/A (sky130_fd_sc_hd__buf_1)
                  0.13    0.20    4.85 v _1056_/X (sky130_fd_sc_hd__buf_1)
     6    0.02                           _0539_ (net)
                  0.13    0.00    4.85 v _1076_/B1 (sky130_fd_sc_hd__a21o_2)
                  0.03    0.22    5.07 v _1076_/X (sky130_fd_sc_hd__a21o_2)
     1    0.00                           _0555_ (net)
                  0.03    0.00    5.08 v _1077_/B2 (sky130_fd_sc_hd__a22o_2)
                  0.04    0.22    5.30 v _1077_/X (sky130_fd_sc_hd__a22o_2)
     1    0.00                           _0045_ (net)
                  0.04    0.00    5.30 v _1472_/D (sky130_fd_sc_hd__dfxtp_2)
                                  5.30   data arrival time

                  0.15   15.00   15.00   clock clk_48 (rise edge)
                          0.00   15.00   clock network delay (ideal)
                         -0.25   14.75   clock uncertainty
                          0.00   14.75   clock reconvergence pessimism
                                 14.75 ^ _1472_/CLK (sky130_fd_sc_hd__dfxtp_2)
                         -0.09   14.66   library setup time
                                 14.66   data required time
-----------------------------------------------------------------------------
                                 14.66   data required time
                                 -5.30   data arrival time
-----------------------------------------------------------------------------
                                  9.37   slack (MET)



===========================================================================
report_checks --slack_max -0.01
============================================================================
No paths found.
