Wed Apr 26 21:25:12 UTC 2023 - Executing "openroad -python /openlane/scripts/odbpy/lefutil.py get_metal_layers -o /openlane/designs/usb/runs/prueba27/tmp/layers.list /home/licit/OpenLane/pdks/sky130A/libs.ref/sky130_fd_sc_hd/techlef/sky130_fd_sc_hd__nom.tlef"

Wed Apr 26 21:25:12 UTC 2023 - Executing "/openlane/scripts/mergeLef.py -o /openlane/designs/usb/runs/prueba27/tmp/merged.unpadded.nom.lef -i /home/licit/OpenLane/pdks/sky130A/libs.ref/sky130_fd_sc_hd/techlef/sky130_fd_sc_hd__nom.tlef /home/licit/OpenLane/pdks/sky130A/libs.ref/sky130_fd_sc_hd/lef/sky130_fd_sc_hd.lef |& tee /dev/null"

Wed Apr 26 21:25:12 UTC 2023 - Executing "/openlane/scripts/mergeLef.py -o /openlane/designs/usb/runs/prueba27/tmp/merged.unpadded.min.lef -i /home/licit/OpenLane/pdks/sky130A/libs.ref/sky130_fd_sc_hd/techlef/sky130_fd_sc_hd__min.tlef /home/licit/OpenLane/pdks/sky130A/libs.ref/sky130_fd_sc_hd/lef/sky130_fd_sc_hd.lef |& tee /dev/null"

Wed Apr 26 21:25:13 UTC 2023 - Executing "/openlane/scripts/mergeLef.py -o /openlane/designs/usb/runs/prueba27/tmp/merged.unpadded.max.lef -i /home/licit/OpenLane/pdks/sky130A/libs.ref/sky130_fd_sc_hd/techlef/sky130_fd_sc_hd__max.tlef /home/licit/OpenLane/pdks/sky130A/libs.ref/sky130_fd_sc_hd/lef/sky130_fd_sc_hd.lef |& tee /dev/null"

Wed Apr 26 21:25:13 UTC 2023 - Executing "openroad -python /openlane/scripts/mergeLib.py --output /openlane/designs/usb/runs/prueba27/tmp/synthesis/merged.lib --name sky130A_merged /home/licit/OpenLane/pdks/sky130A/libs.ref/sky130_fd_sc_hd/lib/sky130_fd_sc_hd__tt_025C_1v80.lib"

Wed Apr 26 21:25:13 UTC 2023 - Executing "openroad -python /openlane/scripts/libtrim.py --cell-file /openlane/designs/usb/runs/prueba27/tmp/synthesis/trimmed.lib.exclude.list --output /openlane/designs/usb/runs/prueba27/tmp/synthesis/trimmed.lib /openlane/designs/usb/runs/prueba27/tmp/synthesis/merged.lib"

Wed Apr 26 21:25:13 UTC 2023 - Executing "openroad -python /openlane/scripts/new_tracks.py -i /home/licit/OpenLane/pdks/sky130A/libs.tech/openlane/sky130_fd_sc_hd/tracks.info -o /openlane/designs/usb/runs/prueba27/tmp/routing/config.tracks"

Wed Apr 26 21:25:13 UTC 2023 - Executing "echo {openlane ebad315d1def25d9d253eb2ec1c56d7b4e59d7ca} > /openlane/designs/usb/runs/prueba27/OPENLANE_VERSION"

Wed Apr 26 21:25:14 UTC 2023 - Executing "sed -E {s/^([[:space:]]+)pg_pin(.*)/\1pin\2\n\1    direction : "inout";/g} /home/licit/OpenLane/pdks/sky130A/libs.ref/sky130_fd_sc_hd/lib/sky130_fd_sc_hd__tt_025C_1v80.lib > /openlane/designs/usb/runs/prueba27/tmp/synthesis/1-sky130_fd_sc_hd__tt_025C_1v80.no_pg.lib"

Wed Apr 26 21:25:14 UTC 2023 - Executing "sed -E {s/^([[:space:]]+)pg_pin(.*)/\1pin\2\n\1    direction : "inout";/g} /openlane/designs/usb/runs/prueba27/tmp/synthesis/trimmed.lib > /openlane/designs/usb/runs/prueba27/tmp/synthesis/1-trimmed.no_pg.lib"

Wed Apr 26 21:25:14 UTC 2023 - Executing "yosys -c /openlane/scripts/yosys/synth.tcl -l /openlane/designs/usb/runs/prueba27/logs/synthesis/1-synthesis.log |& tee /dev/null"

Wed Apr 26 21:25:16 UTC 2023 - Executing "sed -i -e {s/\(set ::env(CURRENT_NETLIST)\).*/\1 \/openlane\/designs\/usb\/runs\/prueba27\/results\/synthesis\/usb.v/} /openlane/designs/usb/runs/prueba27/config.tcl"

Wed Apr 26 21:25:16 UTC 2023 - Executing "sed -i -e {s/\(set ::env(PREV_NETLIST)\).*/\1 0/} /openlane/designs/usb/runs/prueba27/config.tcl"

Wed Apr 26 21:25:16 UTC 2023 - Executing "sed -i /defparam/d /openlane/designs/usb/runs/prueba27/results/synthesis/usb.v"

Wed Apr 26 21:25:16 UTC 2023 - Executing "openroad -exit /openlane/scripts/openroad/sta.tcl |& tee /dev/null /openlane/designs/usb/runs/prueba27/logs/synthesis/2-sta.log"

Wed Apr 26 21:25:17 UTC 2023 - Executing "openroad -python /openlane/scripts/generate_reports.py -d /openlane/designs/usb --design_name usb --tag prueba27 --output_file /openlane/designs/usb/runs/prueba27/reports/metrics.csv --man_report /openlane/designs/usb/runs/prueba27/reports/manufacturability.rpt --run_path /openlane/designs/usb/runs/prueba27"

Wed Apr 26 21:26:23 UTC 2023 - Executing "echo {openlane ebad315d1def25d9d253eb2ec1c56d7b4e59d7ca} > /openlane/designs/usb/runs/prueba27/OPENLANE_VERSION"

Wed Apr 26 21:26:23 UTC 2023 - Executing "sed -i -e {s/\(set ::env(CURRENT_NETLIST)\).*/\1 \/openlane\/designs\/usb\/runs\/prueba27\/results\/synthesis\/usb.v/} /openlane/designs/usb/runs/prueba27/config.tcl"

Wed Apr 26 21:26:23 UTC 2023 - Executing "sed -i -e {s/\(set ::env(PREV_NETLIST)\).*/\1 \/openlane\/designs\/usb\/runs\/prueba27\/results\/synthesis\/usb.v/} /openlane/designs/usb/runs/prueba27/config.tcl"

Wed Apr 26 21:26:23 UTC 2023 - Executing "openroad -exit /openlane/scripts/openroad/sta.tcl |& tee /dev/null /openlane/designs/usb/runs/prueba27/logs/synthesis/4-sta.log"

Wed Apr 26 21:26:24 UTC 2023 - Executing "openroad -exit /openlane/scripts/openroad/floorplan.tcl |& tee /dev/null /openlane/designs/usb/runs/prueba27/logs/floorplan/5-initial_fp.log"

Wed Apr 26 21:26:25 UTC 2023 - Executing "openroad -python /openlane/scripts/odbpy/defutil.py extract_core_dims --output-data /openlane/designs/usb/runs/prueba27/tmp/dimensions.txt --input-lef /openlane/designs/usb/runs/prueba27/tmp/merged.nom.lef /openlane/designs/usb/runs/prueba27/tmp/floorplan/5-initial_fp.def"

Wed Apr 26 21:26:25 UTC 2023 - Executing "openroad -exit /openlane/scripts/openroad/ioplacer.tcl |& tee /dev/null /openlane/designs/usb/runs/prueba27/logs/floorplan/6-io.log"

Wed Apr 26 21:26:25 UTC 2023 - Executing "openroad -exit /openlane/scripts/openroad/tapcell.tcl |& tee /dev/null /openlane/designs/usb/runs/prueba27/logs/floorplan/7-tap.log"

Wed Apr 26 21:26:25 UTC 2023 - Executing "openroad -exit /openlane/scripts/openroad/pdn.tcl |& tee /dev/null /openlane/designs/usb/runs/prueba27/logs/floorplan/8-pdn.log"

Wed Apr 26 21:26:26 UTC 2023 - Executing "openroad -exit /openlane/scripts/openroad/replace.tcl |& tee /dev/null /openlane/designs/usb/runs/prueba27/logs/placement/9-global.log"

Wed Apr 26 21:26:30 UTC 2023 - Executing "openroad -exit /openlane/scripts/openroad/resizer.tcl |& tee /dev/null /openlane/designs/usb/runs/prueba27/logs/placement/10-resizer.log"

Wed Apr 26 21:26:31 UTC 2023 - Executing "openroad -exit /openlane/scripts/openroad/write_verilog.tcl |& tee /dev/null /openlane/designs/usb/runs/prueba27/logs/placement/11-write_verilog.log"

Wed Apr 26 21:26:31 UTC 2023 - Executing "sed -i -e {s/\(set ::env(CURRENT_NETLIST)\).*/\1 \/openlane\/designs\/usb\/runs\/prueba27\/results\/placement\/usb.resized.v/} /openlane/designs/usb/runs/prueba27/config.tcl"

Wed Apr 26 21:26:31 UTC 2023 - Executing "sed -i -e {s/\(set ::env(PREV_NETLIST)\).*/\1 \/openlane\/designs\/usb\/runs\/prueba27\/results\/synthesis\/usb.v/} /openlane/designs/usb/runs/prueba27/config.tcl"

Wed Apr 26 21:26:31 UTC 2023 - Executing "openroad -exit /openlane/scripts/openroad/opendp.tcl |& tee /dev/null /openlane/designs/usb/runs/prueba27/logs/placement/12-detailed.log"

Wed Apr 26 21:26:31 UTC 2023 - Executing "openroad -python /openlane/scripts/libtrim.py --cell-file /openlane/designs/usb/runs/prueba27/tmp/cts/cts.lib.exclude.list --output /openlane/designs/usb/runs/prueba27/tmp/cts/cts.lib /home/licit/OpenLane/pdks/sky130A/libs.ref/sky130_fd_sc_hd/lib/sky130_fd_sc_hd__tt_025C_1v80.lib"

Wed Apr 26 21:26:32 UTC 2023 - Executing "openroad -exit /openlane/scripts/openroad/cts.tcl |& tee /dev/null /openlane/designs/usb/runs/prueba27/logs/cts/13-cts.log"

Wed Apr 26 21:27:03 UTC 2023 - Executing "openroad -exit /openlane/scripts/openroad/write_verilog.tcl |& tee /dev/null /openlane/designs/usb/runs/prueba27/logs/cts/14-write_verilog.log"

Wed Apr 26 21:27:04 UTC 2023 - Executing "sed -i -e {s/\(set ::env(CURRENT_NETLIST)\).*/\1 \/openlane\/designs\/usb\/runs\/prueba27\/results\/cts\/usb.v/} /openlane/designs/usb/runs/prueba27/config.tcl"

Wed Apr 26 21:27:04 UTC 2023 - Executing "sed -i -e {s/\(set ::env(PREV_NETLIST)\).*/\1 \/openlane\/designs\/usb\/runs\/prueba27\/results\/placement\/usb.resized.v/} /openlane/designs/usb/runs/prueba27/config.tcl"

Wed Apr 26 21:27:04 UTC 2023 - Executing "openroad -exit /openlane/scripts/openroad/resizer_timing.tcl |& tee /dev/null /openlane/designs/usb/runs/prueba27/logs/cts/15-resizer.log"

Wed Apr 26 21:27:05 UTC 2023 - Executing "openroad -exit /openlane/scripts/openroad/write_verilog.tcl |& tee /dev/null /openlane/designs/usb/runs/prueba27/logs/cts/16-write_verilog.log"

Wed Apr 26 21:27:05 UTC 2023 - Executing "sed -i -e {s/\(set ::env(CURRENT_NETLIST)\).*/\1 \/openlane\/designs\/usb\/runs\/prueba27\/results\/cts\/usb.resized.v/} /openlane/designs/usb/runs/prueba27/config.tcl"

Wed Apr 26 21:27:05 UTC 2023 - Executing "sed -i -e {s/\(set ::env(PREV_NETLIST)\).*/\1 \/openlane\/designs\/usb\/runs\/prueba27\/results\/cts\/usb.v/} /openlane/designs/usb/runs/prueba27/config.tcl"

Wed Apr 26 21:27:05 UTC 2023 - Executing "openroad -exit /openlane/scripts/openroad/resizer_routing_timing.tcl |& tee /dev/null /openlane/designs/usb/runs/prueba27/logs/routing/17-resizer.log"

Wed Apr 26 21:27:06 UTC 2023 - Executing "openroad -exit /openlane/scripts/openroad/write_verilog.tcl |& tee /dev/null /openlane/designs/usb/runs/prueba27/logs/routing/18-write_verilog.log"

Wed Apr 26 21:27:07 UTC 2023 - Executing "sed -i -e {s/\(set ::env(CURRENT_NETLIST)\).*/\1 \/openlane\/designs\/usb\/runs\/prueba27\/results\/routing\/usb.resized.v/} /openlane/designs/usb/runs/prueba27/config.tcl"

Wed Apr 26 21:27:07 UTC 2023 - Executing "sed -i -e {s/\(set ::env(PREV_NETLIST)\).*/\1 \/openlane\/designs\/usb\/runs\/prueba27\/results\/cts\/usb.resized.v/} /openlane/designs/usb/runs/prueba27/config.tcl"

Wed Apr 26 21:27:07 UTC 2023 - Executing "openroad -exit /openlane/scripts/openroad/opendp.tcl |& tee /dev/null /openlane/designs/usb/runs/prueba27/logs/routing/19-diode_legalization.log"

Wed Apr 26 21:27:07 UTC 2023 - Executing "openroad -exit /openlane/scripts/openroad/groute.tcl |& tee /dev/null /openlane/designs/usb/runs/prueba27/logs/routing/20-global.log"

Wed Apr 26 21:27:09 UTC 2023 - Executing "openroad -exit /openlane/scripts/openroad/fill.tcl |& tee /dev/null /openlane/designs/usb/runs/prueba27/logs/routing/21-fill.log"

Wed Apr 26 21:27:09 UTC 2023 - Executing "openroad -exit /openlane/scripts/openroad/write_verilog.tcl |& tee /dev/null /openlane/designs/usb/runs/prueba27/logs/routing/22-write_verilog_global.log"

Wed Apr 26 21:27:09 UTC 2023 - Executing "sed -i -e {s/\(set ::env(CURRENT_NETLIST)\).*/\1 \/openlane\/designs\/usb\/runs\/prueba27\/tmp\/routing\/21-global.v/} /openlane/designs/usb/runs/prueba27/config.tcl"

Wed Apr 26 21:27:09 UTC 2023 - Executing "sed -i -e {s/\(set ::env(PREV_NETLIST)\).*/\1 \/openlane\/designs\/usb\/runs\/prueba27\/results\/routing\/usb.resized.v/} /openlane/designs/usb/runs/prueba27/config.tcl"

Wed Apr 26 21:27:09 UTC 2023 - Executing "openroad -exit /openlane/scripts/openroad/droute.tcl |& tee /dev/null /openlane/designs/usb/runs/prueba27/logs/routing/23-detailed.log"

Wed Apr 26 21:27:50 UTC 2023 - Executing "openroad -python /openlane/scripts/drc_rosetta.py tr to_klayout -o /openlane/designs/usb/runs/prueba27/reports/routing/detailed.klayout.xml --design-name usb /openlane/designs/usb/runs/prueba27/reports/routing/detailed.drc"

Wed Apr 26 21:27:51 UTC 2023 - Executing "openroad -exit /openlane/scripts/openroad/write_verilog.tcl |& tee /dev/null /openlane/designs/usb/runs/prueba27/logs/routing/24-write_verilog_detailed.log"

Wed Apr 26 21:27:51 UTC 2023 - Executing "sed -i -e {s/\(set ::env(CURRENT_NETLIST)\).*/\1 \/openlane\/designs\/usb\/runs\/prueba27\/tmp\/routing\/23-detailed.v/} /openlane/designs/usb/runs/prueba27/config.tcl"

Wed Apr 26 21:27:51 UTC 2023 - Executing "sed -i -e {s/\(set ::env(PREV_NETLIST)\).*/\1 \/openlane\/designs\/usb\/runs\/prueba27\/tmp\/routing\/21-global.v/} /openlane/designs/usb/runs/prueba27/config.tcl"

Wed Apr 26 21:27:51 UTC 2023 - Executing "openroad -exit /openlane/scripts/openroad/rcx.tcl |& tee /dev/null /openlane/designs/usb/runs/prueba27/logs/signoff/25-parasitics_extraction.min.log"

Wed Apr 26 21:27:52 UTC 2023 - Executing "openroad -exit /openlane/scripts/openroad/sta_multi_corner.tcl |& tee /dev/null /openlane/designs/usb/runs/prueba27/logs/signoff/26-parasitics_multi_corner_sta.min.log"

Wed Apr 26 21:27:55 UTC 2023 - Executing "openroad -exit /openlane/scripts/openroad/rcx.tcl |& tee /dev/null /openlane/designs/usb/runs/prueba27/logs/signoff/27-parasitics_extraction.max.log"

Wed Apr 26 21:27:56 UTC 2023 - Executing "openroad -exit /openlane/scripts/openroad/sta_multi_corner.tcl |& tee /dev/null /openlane/designs/usb/runs/prueba27/logs/signoff/28-parasitics_multi_corner_sta.max.log"

Wed Apr 26 21:27:59 UTC 2023 - Executing "openroad -exit /openlane/scripts/openroad/rcx.tcl |& tee /dev/null /openlane/designs/usb/runs/prueba27/logs/signoff/29-parasitics_extraction.nom.log"

Wed Apr 26 21:28:00 UTC 2023 - Executing "openroad -exit /openlane/scripts/openroad/sta.tcl |& tee /dev/null /openlane/designs/usb/runs/prueba27/logs/signoff/30-parasitics_sta.log"

Wed Apr 26 21:28:01 UTC 2023 - Executing "openroad -exit /openlane/scripts/openroad/sta_multi_corner.tcl |& tee /dev/null /openlane/designs/usb/runs/prueba27/logs/signoff/31-parasitics_multi_corner_sta.log"

Wed Apr 26 21:30:01 UTC 2023 - Executing "echo {openlane ebad315d1def25d9d253eb2ec1c56d7b4e59d7ca} > /openlane/designs/usb/runs/prueba27/OPENLANE_VERSION"

