[INFO]: Preparing LEF files for the nom corner...
[INFO]: Preparing LEF files for the min corner...
[INFO]: Preparing LEF files for the max corner...
[INFO]: Running Synthesis...
[INFO]: Running Single-Corner Static Timing Analysis...
[ERROR]: during executing openroad script /openlane/scripts/openroad/sta.tcl
[ERROR]: Exit code: 1
[ERROR]: full log: designs/usb/runs/prueba27/logs/synthesis/2-sta.log
[ERROR]: Last 10 lines:
                                 -0.33   data arrival time
-----------------------------------------------------------------------------
                                  0.09   slack (MET)


min_report_end
Error: sta.tcl, 117 invalid bareword "synthesis"
in expression "synthesis";
should be "$synthesis" or "{synthesis}" or "synthesis(...)" or ...
child process exited abnormally

[INFO]: Saving runtime environment...
[INFO]: Creating reproducible...
[ERROR]: Failed to package reproducible.
[INFO]: Saving current set of views in 'designs/usb/runs/prueba27/results/final'...
[INFO]: Generating final set of reports...
[INFO]: Created manufacturability report at 'designs/usb/runs/prueba27/reports/manufacturability.rpt'.
[INFO]: Created metrics report at 'designs/usb/runs/prueba27/reports/metrics.csv'.
[INFO]: Saving runtime environment...
[ERROR]: Flow failed.
[INFO]: Resuming flow from synthesis...
[INFO]: Running Synthesis...
[WARNING]: A netlist at /openlane/designs/usb/runs/prueba27/results/synthesis/usb.v already exists. Synthesis will be skipped.
[INFO]: Running Single-Corner Static Timing Analysis...
[INFO]: Running Initial Floorplanning...
[WARNING]: Current core area is too small for a power grid. The power grid will be minimized.
[INFO]: Extracting core dimensions...
[INFO]: Set CORE_WIDTH to 163.76, CORE_HEIGHT to 163.2.
[INFO]: Running IO Placement...
[INFO]: Running Tap/Decap Insertion...
[INFO]: Power planning with power {VPWR} and ground {VGND}...
[INFO]: Generating PDN...
[INFO]: Running Global Placement...
[ERROR]: during executing openroad script /openlane/scripts/openroad/replace.tcl
[ERROR]: Exit code: 1
[ERROR]: full log: designs/usb/runs/prueba27/logs/placement/9-global.log
[ERROR]: Last 10 lines:
                                 14.67   data required time
                                 -1.84   data arrival time
-----------------------------------------------------------------------------
                                 12.83   slack (MET)


_1626_
[ERROR STA-0516] unsupported instance -filter expression.
Error: sta.tcl, 117 STA-0516
child process exited abnormally

[INFO]: Saving runtime environment...
[INFO]: Creating reproducible...
[INFO]: Reproducible packaged: Please tarball and upload designs/usb/runs/prueba27/issue_reproducible if you're going to submit an issue.
[INFO]: Running Placement Resizer Design Optimizations...
[ERROR]: during executing openroad script /openlane/scripts/openroad/resizer.tcl
[ERROR]: Exit code: 1
[ERROR]: full log: designs/usb/runs/prueba27/logs/placement/10-resizer.log
[ERROR]: Last 10 lines:
                                 14.66   data required time
                                 -0.36   data arrival time
-----------------------------------------------------------------------------
                                 14.30   slack (MET)


_1597_
[ERROR STA-0516] unsupported instance -filter expression.
Error: sta.tcl, 117 STA-0516
child process exited abnormally

[INFO]: Saving runtime environment...
[INFO]: Creating reproducible...
[INFO]: Reproducible packaged: Please tarball and upload designs/usb/runs/prueba27/issue_reproducible if you're going to submit an issue.
[INFO]: Writing Verilog...
[INFO]: Running Detailed Placement...
[INFO]: Running Clock Tree Synthesis...
[ERROR]: during executing openroad script /openlane/scripts/openroad/cts.tcl
[ERROR]: Exit code: 1
[ERROR]: full log: designs/usb/runs/prueba27/logs/cts/13-cts.log
[ERROR]: Last 10 lines:
                                 15.08   data required time
                                 -0.77   data arrival time
-----------------------------------------------------------------------------
                                 14.31   slack (MET)


_1597_
[ERROR STA-0516] unsupported instance -filter expression.
Error: sta.tcl, 117 STA-0516
child process exited abnormally

[INFO]: Saving runtime environment...
[INFO]: Creating reproducible...
[INFO]: Reproducible packaged: Please tarball and upload designs/usb/runs/prueba27/issue_reproducible if you're going to submit an issue.
[INFO]: Writing Verilog...
[INFO]: Running Placement Resizer Timing Optimizations...
[ERROR]: during executing openroad script /openlane/scripts/openroad/resizer_timing.tcl
[ERROR]: Exit code: 1
[ERROR]: full log: designs/usb/runs/prueba27/logs/cts/15-resizer.log
[ERROR]: Last 10 lines:
                                 15.08   data required time
                                 -1.34   data arrival time
-----------------------------------------------------------------------------
                                 13.74   slack (MET)


_1597_
[ERROR STA-0516] unsupported instance -filter expression.
Error: sta.tcl, 117 STA-0516
child process exited abnormally

[INFO]: Saving runtime environment...
[INFO]: Creating reproducible...
[INFO]: Reproducible packaged: Please tarball and upload designs/usb/runs/prueba27/issue_reproducible if you're going to submit an issue.
[INFO]: Writing Verilog...
[INFO]: Routing...
[INFO]: Running Global Routing Resizer Timing Optimizations...
[ERROR]: during executing openroad script /openlane/scripts/openroad/resizer_routing_timing.tcl
[ERROR]: Exit code: 1
[ERROR]: full log: designs/usb/runs/prueba27/logs/routing/17-resizer.log
[ERROR]: Last 10 lines:
                                 15.08   data required time
                                 -1.35   data arrival time
-----------------------------------------------------------------------------
                                 13.73   slack (MET)


_1597_
[ERROR STA-0516] unsupported instance -filter expression.
Error: sta.tcl, 117 STA-0516
child process exited abnormally

[INFO]: Saving runtime environment...
[INFO]: Creating reproducible...
[INFO]: Reproducible packaged: Please tarball and upload designs/usb/runs/prueba27/issue_reproducible if you're going to submit an issue.
[INFO]: Writing Verilog...
[INFO]: Running Detailed Placement...
[INFO]: Running Global Routing...
[ERROR]: during executing openroad script /openlane/scripts/openroad/groute.tcl
[ERROR]: Exit code: 1
[ERROR]: full log: designs/usb/runs/prueba27/logs/routing/20-global.log
[ERROR]: Last 10 lines:
                                 15.09   data required time
                                 -1.36   data arrival time
-----------------------------------------------------------------------------
                                 13.72   slack (MET)


_1597_
[ERROR STA-0516] unsupported instance -filter expression.
Error: sta.tcl, 117 STA-0516
child process exited abnormally

[INFO]: Saving runtime environment...
[INFO]: Creating reproducible...
[INFO]: Reproducible packaged: Please tarball and upload designs/usb/runs/prueba27/issue_reproducible if you're going to submit an issue.
[INFO]: Starting FastRoute Antenna Repair Iterations...
[INFO]: Running Fill Insertion...
[INFO]: Writing Verilog...
[INFO]: Running Detailed Routing...
[INFO]: No DRC violations after detailed routing.
[INFO]: Writing Verilog...
[INFO]: Running parasitics-based static timing analysis...
[INFO]: Running SPEF Extraction at the min process corner...
[INFO]: Running Multi-Corner Static Timing Analysis at the min process corner...
[INFO]: Running SPEF Extraction at the max process corner...
[INFO]: Running Multi-Corner Static Timing Analysis at the max process corner...
[INFO]: Running SPEF Extraction at the nom process corner...
[INFO]: Running Single-Corner Static Timing Analysis at the nom process corner...
[ERROR]: during executing openroad script /openlane/scripts/openroad/sta.tcl
[ERROR]: Exit code: 1
[ERROR]: full log: designs/usb/runs/prueba27/logs/signoff/30-parasitics_sta.log
[ERROR]: Last 10 lines:
                                 15.08   data required time
                                 -1.34   data arrival time
-----------------------------------------------------------------------------
                                 13.74   slack (MET)


_1597_
[ERROR STA-0516] unsupported instance -filter expression.
Error: sta.tcl, 117 STA-0516
child process exited abnormally

[INFO]: Saving runtime environment...
[INFO]: Creating reproducible...
[INFO]: Reproducible packaged: Please tarball and upload designs/usb/runs/prueba27/issue_reproducible if you're going to submit an issue.
[INFO]: Running Multi-Corner Static Timing Analysis at the nom process corner...
[INFO]: Current DEF: /openlane/designs/usb/runs/prueba27/results/routing/usb.def.
[INFO]: Use 'set_def file_name.def' if you'd like to change it.
