
===========================================================================
report_checks -path_delay max (Setup)
============================================================================
Startpoint: rst_n (input port clocked by clk_48)
Endpoint: _1449_ (recovery check against rising-edge clock clk_48)
Path Group: **async_default**
Path Type: max

Fanout     Cap    Slew   Delay    Time   Description
-----------------------------------------------------------------------------
                          0.00    0.00   clock clk_48 (rise edge)
                          0.00    0.00   clock network delay (propagated)
                          3.00    3.00 ^ input external delay
                  0.04    0.03    3.03 ^ rst_n (in)
     1    0.01                           rst_n (net)
                  0.04    0.00    3.03 ^ input13/A (sky130_fd_sc_hd__buf_6)
                  0.05    0.11    3.14 ^ input13/X (sky130_fd_sc_hd__buf_6)
     4    0.02                           net13 (net)
                  0.05    0.00    3.14 ^ repeater75/A (sky130_fd_sc_hd__clkbuf_2)
                  0.13    0.18    3.32 ^ repeater75/X (sky130_fd_sc_hd__clkbuf_2)
     5    0.02                           net75 (net)
                  0.13    0.00    3.32 ^ repeater74/A (sky130_fd_sc_hd__clkbuf_2)
                  0.12    0.20    3.52 ^ repeater74/X (sky130_fd_sc_hd__clkbuf_2)
     5    0.02                           net74 (net)
                  0.12    0.00    3.52 ^ repeater73/A (sky130_fd_sc_hd__clkbuf_1)
                  0.16    0.19    3.71 ^ repeater73/X (sky130_fd_sc_hd__clkbuf_1)
     3    0.01                           net73 (net)
                  0.16    0.00    3.71 ^ repeater72/A (sky130_fd_sc_hd__clkbuf_2)
                  0.13    0.21    3.92 ^ repeater72/X (sky130_fd_sc_hd__clkbuf_2)
     5    0.02                           net72 (net)
                  0.13    0.00    3.92 ^ repeater71/A (sky130_fd_sc_hd__clkbuf_2)
                  0.13    0.20    4.12 ^ repeater71/X (sky130_fd_sc_hd__clkbuf_2)
     5    0.02                           net71 (net)
                  0.13    0.00    4.12 ^ repeater70/A (sky130_fd_sc_hd__clkbuf_2)
                  0.14    0.21    4.33 ^ repeater70/X (sky130_fd_sc_hd__clkbuf_2)
     5    0.02                           net70 (net)
                  0.14    0.00    4.33 ^ _0932_/B1 (sky130_fd_sc_hd__o31a_2)
                  0.15    0.26    4.59 ^ _0932_/X (sky130_fd_sc_hd__o31a_2)
     5    0.03                           tx.tx_crc.rst_n (net)
                  0.15    0.00    4.59 ^ repeater50/A (sky130_fd_sc_hd__clkbuf_2)
                  0.11    0.20    4.79 ^ repeater50/X (sky130_fd_sc_hd__clkbuf_2)
     5    0.02                           net50 (net)
                  0.11    0.00    4.79 ^ repeater48/A (sky130_fd_sc_hd__clkbuf_2)
                  0.13    0.20    4.99 ^ repeater48/X (sky130_fd_sc_hd__clkbuf_2)
     5    0.02                           net48 (net)
                  0.13    0.00    4.99 ^ _1449_/SET_B (sky130_fd_sc_hd__dfstp_1)
                                  4.99   data arrival time

                         15.00   15.00   clock clk_48 (rise edge)
                          0.00   15.00   clock source latency
                  0.09    0.06   15.06 ^ clk_48 (in)
     1    0.02                           clk_48 (net)
                  0.09    0.00   15.06 ^ clkbuf_0_clk_48/A (sky130_fd_sc_hd__clkbuf_16)
                  0.12    0.19   15.25 ^ clkbuf_0_clk_48/X (sky130_fd_sc_hd__clkbuf_16)
    16    0.10                           clknet_0_clk_48 (net)
                  0.12    0.00   15.25 ^ clkbuf_4_0_0_clk_48/A (sky130_fd_sc_hd__clkbuf_8)
                  0.10    0.19   15.44 ^ clkbuf_4_0_0_clk_48/X (sky130_fd_sc_hd__clkbuf_8)
    19    0.05                           clknet_4_0_0_clk_48 (net)
                  0.10    0.00   15.44 ^ _1449_/CLK (sky130_fd_sc_hd__dfstp_1)
                         -0.25   15.19   clock uncertainty
                          0.00   15.19   clock reconvergence pessimism
                          0.15   15.34   library recovery time
                                 15.34   data required time
-----------------------------------------------------------------------------
                                 15.34   data required time
                                 -4.99   data arrival time
-----------------------------------------------------------------------------
                                 10.35   slack (MET)


Startpoint: rst_n (input port clocked by clk_48)
Endpoint: _1450_ (recovery check against rising-edge clock clk_48)
Path Group: **async_default**
Path Type: max

Fanout     Cap    Slew   Delay    Time   Description
-----------------------------------------------------------------------------
                          0.00    0.00   clock clk_48 (rise edge)
                          0.00    0.00   clock network delay (propagated)
                          3.00    3.00 ^ input external delay
                  0.04    0.03    3.03 ^ rst_n (in)
     1    0.01                           rst_n (net)
                  0.04    0.00    3.03 ^ input13/A (sky130_fd_sc_hd__buf_6)
                  0.05    0.11    3.14 ^ input13/X (sky130_fd_sc_hd__buf_6)
     4    0.02                           net13 (net)
                  0.05    0.00    3.14 ^ repeater75/A (sky130_fd_sc_hd__clkbuf_2)
                  0.13    0.18    3.32 ^ repeater75/X (sky130_fd_sc_hd__clkbuf_2)
     5    0.02                           net75 (net)
                  0.13    0.00    3.32 ^ repeater74/A (sky130_fd_sc_hd__clkbuf_2)
                  0.12    0.20    3.52 ^ repeater74/X (sky130_fd_sc_hd__clkbuf_2)
     5    0.02                           net74 (net)
                  0.12    0.00    3.52 ^ repeater73/A (sky130_fd_sc_hd__clkbuf_1)
                  0.16    0.19    3.71 ^ repeater73/X (sky130_fd_sc_hd__clkbuf_1)
     3    0.01                           net73 (net)
                  0.16    0.00    3.71 ^ repeater72/A (sky130_fd_sc_hd__clkbuf_2)
                  0.13    0.21    3.92 ^ repeater72/X (sky130_fd_sc_hd__clkbuf_2)
     5    0.02                           net72 (net)
                  0.13    0.00    3.92 ^ repeater71/A (sky130_fd_sc_hd__clkbuf_2)
                  0.13    0.20    4.12 ^ repeater71/X (sky130_fd_sc_hd__clkbuf_2)
     5    0.02                           net71 (net)
                  0.13    0.00    4.12 ^ repeater70/A (sky130_fd_sc_hd__clkbuf_2)
                  0.14    0.21    4.33 ^ repeater70/X (sky130_fd_sc_hd__clkbuf_2)
     5    0.02                           net70 (net)
                  0.14    0.00    4.33 ^ _0932_/B1 (sky130_fd_sc_hd__o31a_2)
                  0.15    0.26    4.59 ^ _0932_/X (sky130_fd_sc_hd__o31a_2)
     5    0.03                           tx.tx_crc.rst_n (net)
                  0.15    0.00    4.59 ^ repeater50/A (sky130_fd_sc_hd__clkbuf_2)
                  0.11    0.20    4.79 ^ repeater50/X (sky130_fd_sc_hd__clkbuf_2)
     5    0.02                           net50 (net)
                  0.11    0.00    4.79 ^ repeater48/A (sky130_fd_sc_hd__clkbuf_2)
                  0.13    0.20    4.99 ^ repeater48/X (sky130_fd_sc_hd__clkbuf_2)
     5    0.02                           net48 (net)
                  0.13    0.00    4.99 ^ _1450_/SET_B (sky130_fd_sc_hd__dfstp_1)
                                  4.99   data arrival time

                         15.00   15.00   clock clk_48 (rise edge)
                          0.00   15.00   clock source latency
                  0.09    0.06   15.06 ^ clk_48 (in)
     1    0.02                           clk_48 (net)
                  0.09    0.00   15.06 ^ clkbuf_0_clk_48/A (sky130_fd_sc_hd__clkbuf_16)
                  0.12    0.19   15.25 ^ clkbuf_0_clk_48/X (sky130_fd_sc_hd__clkbuf_16)
    16    0.10                           clknet_0_clk_48 (net)
                  0.12    0.00   15.25 ^ clkbuf_4_0_0_clk_48/A (sky130_fd_sc_hd__clkbuf_8)
                  0.10    0.19   15.44 ^ clkbuf_4_0_0_clk_48/X (sky130_fd_sc_hd__clkbuf_8)
    19    0.05                           clknet_4_0_0_clk_48 (net)
                  0.10    0.00   15.44 ^ _1450_/CLK (sky130_fd_sc_hd__dfstp_1)
                         -0.25   15.19   clock uncertainty
                          0.00   15.19   clock reconvergence pessimism
                          0.15   15.34   library recovery time
                                 15.34   data required time
-----------------------------------------------------------------------------
                                 15.34   data required time
                                 -4.99   data arrival time
-----------------------------------------------------------------------------
                                 10.35   slack (MET)


Startpoint: rst_n (input port clocked by clk_48)
Endpoint: _1451_ (recovery check against rising-edge clock clk_48)
Path Group: **async_default**
Path Type: max

Fanout     Cap    Slew   Delay    Time   Description
-----------------------------------------------------------------------------
                          0.00    0.00   clock clk_48 (rise edge)
                          0.00    0.00   clock network delay (propagated)
                          3.00    3.00 ^ input external delay
                  0.04    0.03    3.03 ^ rst_n (in)
     1    0.01                           rst_n (net)
                  0.04    0.00    3.03 ^ input13/A (sky130_fd_sc_hd__buf_6)
                  0.05    0.11    3.14 ^ input13/X (sky130_fd_sc_hd__buf_6)
     4    0.02                           net13 (net)
                  0.05    0.00    3.14 ^ repeater75/A (sky130_fd_sc_hd__clkbuf_2)
                  0.13    0.18    3.32 ^ repeater75/X (sky130_fd_sc_hd__clkbuf_2)
     5    0.02                           net75 (net)
                  0.13    0.00    3.32 ^ repeater74/A (sky130_fd_sc_hd__clkbuf_2)
                  0.12    0.20    3.52 ^ repeater74/X (sky130_fd_sc_hd__clkbuf_2)
     5    0.02                           net74 (net)
                  0.12    0.00    3.52 ^ repeater73/A (sky130_fd_sc_hd__clkbuf_1)
                  0.16    0.19    3.71 ^ repeater73/X (sky130_fd_sc_hd__clkbuf_1)
     3    0.01                           net73 (net)
                  0.16    0.00    3.71 ^ repeater72/A (sky130_fd_sc_hd__clkbuf_2)
                  0.13    0.21    3.92 ^ repeater72/X (sky130_fd_sc_hd__clkbuf_2)
     5    0.02                           net72 (net)
                  0.13    0.00    3.92 ^ repeater71/A (sky130_fd_sc_hd__clkbuf_2)
                  0.13    0.20    4.12 ^ repeater71/X (sky130_fd_sc_hd__clkbuf_2)
     5    0.02                           net71 (net)
                  0.13    0.00    4.12 ^ repeater70/A (sky130_fd_sc_hd__clkbuf_2)
                  0.14    0.21    4.33 ^ repeater70/X (sky130_fd_sc_hd__clkbuf_2)
     5    0.02                           net70 (net)
                  0.14    0.00    4.33 ^ _0932_/B1 (sky130_fd_sc_hd__o31a_2)
                  0.15    0.26    4.59 ^ _0932_/X (sky130_fd_sc_hd__o31a_2)
     5    0.03                           tx.tx_crc.rst_n (net)
                  0.15    0.00    4.59 ^ repeater50/A (sky130_fd_sc_hd__clkbuf_2)
                  0.11    0.20    4.79 ^ repeater50/X (sky130_fd_sc_hd__clkbuf_2)
     5    0.02                           net50 (net)
                  0.11    0.00    4.79 ^ repeater48/A (sky130_fd_sc_hd__clkbuf_2)
                  0.13    0.20    4.99 ^ repeater48/X (sky130_fd_sc_hd__clkbuf_2)
     5    0.02                           net48 (net)
                  0.13    0.00    4.99 ^ _1451_/SET_B (sky130_fd_sc_hd__dfstp_1)
                                  4.99   data arrival time

                         15.00   15.00   clock clk_48 (rise edge)
                          0.00   15.00   clock source latency
                  0.09    0.06   15.06 ^ clk_48 (in)
     1    0.02                           clk_48 (net)
                  0.09    0.00   15.06 ^ clkbuf_0_clk_48/A (sky130_fd_sc_hd__clkbuf_16)
                  0.12    0.19   15.25 ^ clkbuf_0_clk_48/X (sky130_fd_sc_hd__clkbuf_16)
    16    0.10                           clknet_0_clk_48 (net)
                  0.12    0.00   15.25 ^ clkbuf_4_0_0_clk_48/A (sky130_fd_sc_hd__clkbuf_8)
                  0.10    0.19   15.44 ^ clkbuf_4_0_0_clk_48/X (sky130_fd_sc_hd__clkbuf_8)
    19    0.05                           clknet_4_0_0_clk_48 (net)
                  0.10    0.00   15.44 ^ _1451_/CLK (sky130_fd_sc_hd__dfstp_1)
                         -0.25   15.19   clock uncertainty
                          0.00   15.19   clock reconvergence pessimism
                          0.15   15.34   library recovery time
                                 15.34   data required time
-----------------------------------------------------------------------------
                                 15.34   data required time
                                 -4.99   data arrival time
-----------------------------------------------------------------------------
                                 10.35   slack (MET)


Startpoint: rst_n (input port clocked by clk_48)
Endpoint: _1447_ (recovery check against rising-edge clock clk_48)
Path Group: **async_default**
Path Type: max

Fanout     Cap    Slew   Delay    Time   Description
-----------------------------------------------------------------------------
                          0.00    0.00   clock clk_48 (rise edge)
                          0.00    0.00   clock network delay (propagated)
                          3.00    3.00 ^ input external delay
                  0.04    0.03    3.03 ^ rst_n (in)
     1    0.01                           rst_n (net)
                  0.04    0.00    3.03 ^ input13/A (sky130_fd_sc_hd__buf_6)
                  0.05    0.11    3.14 ^ input13/X (sky130_fd_sc_hd__buf_6)
     4    0.02                           net13 (net)
                  0.05    0.00    3.14 ^ repeater75/A (sky130_fd_sc_hd__clkbuf_2)
                  0.13    0.18    3.32 ^ repeater75/X (sky130_fd_sc_hd__clkbuf_2)
     5    0.02                           net75 (net)
                  0.13    0.00    3.32 ^ repeater74/A (sky130_fd_sc_hd__clkbuf_2)
                  0.12    0.20    3.52 ^ repeater74/X (sky130_fd_sc_hd__clkbuf_2)
     5    0.02                           net74 (net)
                  0.12    0.00    3.52 ^ repeater73/A (sky130_fd_sc_hd__clkbuf_1)
                  0.16    0.19    3.71 ^ repeater73/X (sky130_fd_sc_hd__clkbuf_1)
     3    0.01                           net73 (net)
                  0.16    0.00    3.71 ^ repeater72/A (sky130_fd_sc_hd__clkbuf_2)
                  0.13    0.21    3.92 ^ repeater72/X (sky130_fd_sc_hd__clkbuf_2)
     5    0.02                           net72 (net)
                  0.13    0.00    3.92 ^ repeater71/A (sky130_fd_sc_hd__clkbuf_2)
                  0.13    0.20    4.12 ^ repeater71/X (sky130_fd_sc_hd__clkbuf_2)
     5    0.02                           net71 (net)
                  0.13    0.00    4.12 ^ repeater70/A (sky130_fd_sc_hd__clkbuf_2)
                  0.14    0.21    4.33 ^ repeater70/X (sky130_fd_sc_hd__clkbuf_2)
     5    0.02                           net70 (net)
                  0.14    0.00    4.33 ^ _0932_/B1 (sky130_fd_sc_hd__o31a_2)
                  0.15    0.26    4.59 ^ _0932_/X (sky130_fd_sc_hd__o31a_2)
     5    0.03                           tx.tx_crc.rst_n (net)
                  0.15    0.00    4.59 ^ repeater50/A (sky130_fd_sc_hd__clkbuf_2)
                  0.11    0.20    4.79 ^ repeater50/X (sky130_fd_sc_hd__clkbuf_2)
     5    0.02                           net50 (net)
                  0.11    0.00    4.79 ^ repeater48/A (sky130_fd_sc_hd__clkbuf_2)
                  0.13    0.20    4.99 ^ repeater48/X (sky130_fd_sc_hd__clkbuf_2)
     5    0.02                           net48 (net)
                  0.13    0.00    4.99 ^ _1447_/SET_B (sky130_fd_sc_hd__dfstp_1)
                                  4.99   data arrival time

                         15.00   15.00   clock clk_48 (rise edge)
                          0.00   15.00   clock source latency
                  0.09    0.06   15.06 ^ clk_48 (in)
     1    0.02                           clk_48 (net)
                  0.09    0.00   15.06 ^ clkbuf_0_clk_48/A (sky130_fd_sc_hd__clkbuf_16)
                  0.12    0.19   15.25 ^ clkbuf_0_clk_48/X (sky130_fd_sc_hd__clkbuf_16)
    16    0.10                           clknet_0_clk_48 (net)
                  0.12    0.00   15.25 ^ clkbuf_4_0_0_clk_48/A (sky130_fd_sc_hd__clkbuf_8)
                  0.10    0.19   15.44 ^ clkbuf_4_0_0_clk_48/X (sky130_fd_sc_hd__clkbuf_8)
    19    0.05                           clknet_4_0_0_clk_48 (net)
                  0.10    0.00   15.44 ^ _1447_/CLK (sky130_fd_sc_hd__dfstp_1)
                         -0.25   15.19   clock uncertainty
                          0.00   15.19   clock reconvergence pessimism
                          0.15   15.34   library recovery time
                                 15.34   data required time
-----------------------------------------------------------------------------
                                 15.34   data required time
                                 -4.99   data arrival time
-----------------------------------------------------------------------------
                                 10.35   slack (MET)


Startpoint: rst_n (input port clocked by clk_48)
Endpoint: _1448_ (recovery check against rising-edge clock clk_48)
Path Group: **async_default**
Path Type: max

Fanout     Cap    Slew   Delay    Time   Description
-----------------------------------------------------------------------------
                          0.00    0.00   clock clk_48 (rise edge)
                          0.00    0.00   clock network delay (propagated)
                          3.00    3.00 ^ input external delay
                  0.04    0.03    3.03 ^ rst_n (in)
     1    0.01                           rst_n (net)
                  0.04    0.00    3.03 ^ input13/A (sky130_fd_sc_hd__buf_6)
                  0.05    0.11    3.14 ^ input13/X (sky130_fd_sc_hd__buf_6)
     4    0.02                           net13 (net)
                  0.05    0.00    3.14 ^ repeater75/A (sky130_fd_sc_hd__clkbuf_2)
                  0.13    0.18    3.32 ^ repeater75/X (sky130_fd_sc_hd__clkbuf_2)
     5    0.02                           net75 (net)
                  0.13    0.00    3.32 ^ repeater74/A (sky130_fd_sc_hd__clkbuf_2)
                  0.12    0.20    3.52 ^ repeater74/X (sky130_fd_sc_hd__clkbuf_2)
     5    0.02                           net74 (net)
                  0.12    0.00    3.52 ^ repeater73/A (sky130_fd_sc_hd__clkbuf_1)
                  0.16    0.19    3.71 ^ repeater73/X (sky130_fd_sc_hd__clkbuf_1)
     3    0.01                           net73 (net)
                  0.16    0.00    3.71 ^ repeater72/A (sky130_fd_sc_hd__clkbuf_2)
                  0.13    0.21    3.92 ^ repeater72/X (sky130_fd_sc_hd__clkbuf_2)
     5    0.02                           net72 (net)
                  0.13    0.00    3.92 ^ repeater71/A (sky130_fd_sc_hd__clkbuf_2)
                  0.13    0.20    4.12 ^ repeater71/X (sky130_fd_sc_hd__clkbuf_2)
     5    0.02                           net71 (net)
                  0.13    0.00    4.12 ^ repeater70/A (sky130_fd_sc_hd__clkbuf_2)
                  0.14    0.21    4.33 ^ repeater70/X (sky130_fd_sc_hd__clkbuf_2)
     5    0.02                           net70 (net)
                  0.14    0.00    4.33 ^ _0932_/B1 (sky130_fd_sc_hd__o31a_2)
                  0.15    0.26    4.59 ^ _0932_/X (sky130_fd_sc_hd__o31a_2)
     5    0.03                           tx.tx_crc.rst_n (net)
                  0.15    0.00    4.59 ^ repeater50/A (sky130_fd_sc_hd__clkbuf_2)
                  0.11    0.20    4.79 ^ repeater50/X (sky130_fd_sc_hd__clkbuf_2)
     5    0.02                           net50 (net)
                  0.11    0.00    4.79 ^ repeater48/A (sky130_fd_sc_hd__clkbuf_2)
                  0.13    0.20    4.99 ^ repeater48/X (sky130_fd_sc_hd__clkbuf_2)
     5    0.02                           net48 (net)
                  0.13    0.00    4.99 ^ _1448_/SET_B (sky130_fd_sc_hd__dfstp_1)
                                  4.99   data arrival time

                         15.00   15.00   clock clk_48 (rise edge)
                          0.00   15.00   clock source latency
                  0.09    0.06   15.06 ^ clk_48 (in)
     1    0.02                           clk_48 (net)
                  0.09    0.00   15.06 ^ clkbuf_0_clk_48/A (sky130_fd_sc_hd__clkbuf_16)
                  0.12    0.19   15.25 ^ clkbuf_0_clk_48/X (sky130_fd_sc_hd__clkbuf_16)
    16    0.10                           clknet_0_clk_48 (net)
                  0.12    0.00   15.25 ^ clkbuf_4_0_0_clk_48/A (sky130_fd_sc_hd__clkbuf_8)
                  0.10    0.19   15.44 ^ clkbuf_4_0_0_clk_48/X (sky130_fd_sc_hd__clkbuf_8)
    19    0.05                           clknet_4_0_0_clk_48 (net)
                  0.10    0.00   15.44 ^ _1448_/CLK (sky130_fd_sc_hd__dfstp_1)
                         -0.25   15.19   clock uncertainty
                          0.00   15.19   clock reconvergence pessimism
                          0.15   15.34   library recovery time
                                 15.34   data required time
-----------------------------------------------------------------------------
                                 15.34   data required time
                                 -4.99   data arrival time
-----------------------------------------------------------------------------
                                 10.35   slack (MET)


Startpoint: _1515_ (rising edge-triggered flip-flop clocked by clk_48)
Endpoint: usb_rst (output port clocked by clk_48)
Path Group: clk_48
Path Type: max

Fanout     Cap    Slew   Delay    Time   Description
-----------------------------------------------------------------------------
                          0.00    0.00   clock clk_48 (rise edge)
                          0.00    0.00   clock source latency
                  0.09    0.06    0.06 ^ clk_48 (in)
     1    0.02                           clk_48 (net)
                  0.09    0.00    0.06 ^ clkbuf_0_clk_48/A (sky130_fd_sc_hd__clkbuf_16)
                  0.12    0.21    0.27 ^ clkbuf_0_clk_48/X (sky130_fd_sc_hd__clkbuf_16)
    16    0.10                           clknet_0_clk_48 (net)
                  0.12    0.00    0.28 ^ clkbuf_4_15_0_clk_48/A (sky130_fd_sc_hd__clkbuf_8)
                  0.10    0.21    0.48 ^ clkbuf_4_15_0_clk_48/X (sky130_fd_sc_hd__clkbuf_8)
    18    0.05                           clknet_4_15_0_clk_48 (net)
                  0.10    0.00    0.49 ^ _1515_/CLK (sky130_fd_sc_hd__dfrtp_1)
                  0.07    0.43    0.92 v _1515_/Q (sky130_fd_sc_hd__dfrtp_1)
     3    0.01                           recv.reset_detect.cntr[0] (net)
                  0.07    0.00    0.92 v _0905_/A (sky130_fd_sc_hd__nor4_2)
                  0.39    0.45    1.37 ^ _0905_/Y (sky130_fd_sc_hd__nor4_2)
     4    0.01                           _0431_ (net)
                  0.39    0.00    1.37 ^ _0909_/A (sky130_fd_sc_hd__nand4_1)
                  0.17    0.21    1.58 v _0909_/Y (sky130_fd_sc_hd__nand4_1)
     2    0.01                           _0435_ (net)
                  0.17    0.00    1.58 v _0911_/A (sky130_fd_sc_hd__nor2_2)
                  0.22    0.27    1.86 ^ _0911_/Y (sky130_fd_sc_hd__nor2_2)
     4    0.02                           _0437_ (net)
                  0.22    0.00    1.86 ^ _0914_/B (sky130_fd_sc_hd__nand4b_4)
                  0.13    0.17    2.03 v _0914_/Y (sky130_fd_sc_hd__nand4b_4)
     5    0.02                           _0440_ (net)
                  0.13    0.00    2.03 v _0915_/A (sky130_fd_sc_hd__inv_2)
                  0.05    0.09    2.12 ^ _0915_/Y (sky130_fd_sc_hd__inv_2)
     2    0.01                           net43 (net)
                  0.05    0.00    2.12 ^ output43/A (sky130_fd_sc_hd__buf_2)
                  0.18    0.22    2.34 ^ output43/X (sky130_fd_sc_hd__buf_2)
     1    0.03                           usb_rst (net)
                  0.18    0.00    2.34 ^ usb_rst (out)
                                  2.34   data arrival time

                         15.00   15.00   clock clk_48 (rise edge)
                          0.00   15.00   clock network delay (propagated)
                         -0.25   14.75   clock uncertainty
                          0.00   14.75   clock reconvergence pessimism
                         -3.00   11.75   output external delay
                                 11.75   data required time
-----------------------------------------------------------------------------
                                 11.75   data required time
                                 -2.34   data arrival time
-----------------------------------------------------------------------------
                                  9.41   slack (MET)


Startpoint: _1602_ (rising edge-triggered flip-flop clocked by clk_48)
Endpoint: tx_se0 (output port clocked by clk_48)
Path Group: clk_48
Path Type: max

Fanout     Cap    Slew   Delay    Time   Description
-----------------------------------------------------------------------------
                          0.00    0.00   clock clk_48 (rise edge)
                          0.00    0.00   clock source latency
                  0.09    0.06    0.06 ^ clk_48 (in)
     1    0.02                           clk_48 (net)
                  0.09    0.00    0.06 ^ clkbuf_0_clk_48/A (sky130_fd_sc_hd__clkbuf_16)
                  0.12    0.21    0.27 ^ clkbuf_0_clk_48/X (sky130_fd_sc_hd__clkbuf_16)
    16    0.10                           clknet_0_clk_48 (net)
                  0.12    0.00    0.28 ^ clkbuf_4_10_0_clk_48/A (sky130_fd_sc_hd__clkbuf_8)
                  0.09    0.20    0.47 ^ clkbuf_4_10_0_clk_48/X (sky130_fd_sc_hd__clkbuf_8)
    16    0.04                           clknet_4_10_0_clk_48 (net)
                  0.09    0.00    0.47 ^ _1602_/CLK (sky130_fd_sc_hd__dfrtp_1)
                  0.13    0.42    0.90 ^ _1602_/Q (sky130_fd_sc_hd__dfrtp_1)
     4    0.01                           tx.state[1] (net)
                  0.13    0.00    0.90 ^ _0717_/A (sky130_fd_sc_hd__dlymetal6s2s_1)
                  0.21    0.24    1.14 ^ _0717_/X (sky130_fd_sc_hd__dlymetal6s2s_1)
     6    0.02                           _0257_ (net)
                  0.21    0.00    1.14 ^ _0871_/A (sky130_fd_sc_hd__dlymetal6s2s_1)
                  0.20    0.25    1.40 ^ _0871_/X (sky130_fd_sc_hd__dlymetal6s2s_1)
     6    0.02                           _0401_ (net)
                  0.20    0.00    1.40 ^ _0931_/A (sky130_fd_sc_hd__clkbuf_2)
                  0.12    0.22    1.61 ^ _0931_/X (sky130_fd_sc_hd__clkbuf_2)
     6    0.02                           _0453_ (net)
                  0.12    0.00    1.61 ^ _0934_/C (sky130_fd_sc_hd__and3_1)
                  0.09    0.21    1.82 ^ _0934_/X (sky130_fd_sc_hd__and3_1)
     1    0.01                           _0455_ (net)
                  0.09    0.00    1.82 ^ _0935_/A (sky130_fd_sc_hd__clkbuf_1)
                  0.05    0.10    1.92 ^ _0935_/X (sky130_fd_sc_hd__clkbuf_1)
     1    0.00                           net42 (net)
                  0.05    0.00    1.92 ^ output42/A (sky130_fd_sc_hd__buf_2)
                  0.18    0.21    2.13 ^ output42/X (sky130_fd_sc_hd__buf_2)
     1    0.03                           tx_se0 (net)
                  0.18    0.00    2.13 ^ tx_se0 (out)
                                  2.13   data arrival time

                         15.00   15.00   clock clk_48 (rise edge)
                          0.00   15.00   clock network delay (propagated)
                         -0.25   14.75   clock uncertainty
                          0.00   14.75   clock reconvergence pessimism
                         -3.00   11.75   output external delay
                                 11.75   data required time
-----------------------------------------------------------------------------
                                 11.75   data required time
                                 -2.13   data arrival time
-----------------------------------------------------------------------------
                                  9.62   slack (MET)


Startpoint: _1602_ (rising edge-triggered flip-flop clocked by clk_48)
Endpoint: tx_j (output port clocked by clk_48)
Path Group: clk_48
Path Type: max

Fanout     Cap    Slew   Delay    Time   Description
-----------------------------------------------------------------------------
                          0.00    0.00   clock clk_48 (rise edge)
                          0.00    0.00   clock source latency
                  0.09    0.06    0.06 ^ clk_48 (in)
     1    0.02                           clk_48 (net)
                  0.09    0.00    0.06 ^ clkbuf_0_clk_48/A (sky130_fd_sc_hd__clkbuf_16)
                  0.12    0.21    0.27 ^ clkbuf_0_clk_48/X (sky130_fd_sc_hd__clkbuf_16)
    16    0.10                           clknet_0_clk_48 (net)
                  0.12    0.00    0.28 ^ clkbuf_4_10_0_clk_48/A (sky130_fd_sc_hd__clkbuf_8)
                  0.09    0.20    0.47 ^ clkbuf_4_10_0_clk_48/X (sky130_fd_sc_hd__clkbuf_8)
    16    0.04                           clknet_4_10_0_clk_48 (net)
                  0.09    0.00    0.47 ^ _1602_/CLK (sky130_fd_sc_hd__dfrtp_1)
                  0.13    0.42    0.90 ^ _1602_/Q (sky130_fd_sc_hd__dfrtp_1)
     4    0.01                           tx.state[1] (net)
                  0.13    0.00    0.90 ^ _0717_/A (sky130_fd_sc_hd__dlymetal6s2s_1)
                  0.21    0.24    1.14 ^ _0717_/X (sky130_fd_sc_hd__dlymetal6s2s_1)
     6    0.02                           _0257_ (net)
                  0.21    0.00    1.14 ^ _0718_/B (sky130_fd_sc_hd__nand3_1)
                  0.12    0.17    1.31 v _0718_/Y (sky130_fd_sc_hd__nand3_1)
     3    0.01                           _0258_ (net)
                  0.12    0.00    1.31 v _0721_/B (sky130_fd_sc_hd__and4_1)
                  0.04    0.21    1.52 v _0721_/X (sky130_fd_sc_hd__and4_1)
     1    0.00                           _0261_ (net)
                  0.04    0.00    1.52 v _0722_/C1 (sky130_fd_sc_hd__a211o_1)
                  0.09    0.29    1.81 v _0722_/X (sky130_fd_sc_hd__a211o_1)
     2    0.01                           net41 (net)
                  0.09    0.00    1.81 v output41/A (sky130_fd_sc_hd__buf_2)
                  0.09    0.22    2.03 v output41/X (sky130_fd_sc_hd__buf_2)
     1    0.03                           tx_j (net)
                  0.09    0.00    2.03 v tx_j (out)
                                  2.03   data arrival time

                         15.00   15.00   clock clk_48 (rise edge)
                          0.00   15.00   clock network delay (propagated)
                         -0.25   14.75   clock uncertainty
                          0.00   14.75   clock reconvergence pessimism
                         -3.00   11.75   output external delay
                                 11.75   data required time
-----------------------------------------------------------------------------
                                 11.75   data required time
                                 -2.03   data arrival time
-----------------------------------------------------------------------------
                                  9.72   slack (MET)


Startpoint: _1603_ (rising edge-triggered flip-flop clocked by clk_48)
Endpoint: tx_en (output port clocked by clk_48)
Path Group: clk_48
Path Type: max

Fanout     Cap    Slew   Delay    Time   Description
-----------------------------------------------------------------------------
                          0.00    0.00   clock clk_48 (rise edge)
                          0.00    0.00   clock source latency
                  0.09    0.06    0.06 ^ clk_48 (in)
     1    0.02                           clk_48 (net)
                  0.09    0.00    0.06 ^ clkbuf_0_clk_48/A (sky130_fd_sc_hd__clkbuf_16)
                  0.12    0.21    0.27 ^ clkbuf_0_clk_48/X (sky130_fd_sc_hd__clkbuf_16)
    16    0.10                           clknet_0_clk_48 (net)
                  0.12    0.00    0.28 ^ clkbuf_4_10_0_clk_48/A (sky130_fd_sc_hd__clkbuf_8)
                  0.09    0.20    0.47 ^ clkbuf_4_10_0_clk_48/X (sky130_fd_sc_hd__clkbuf_8)
    16    0.04                           clknet_4_10_0_clk_48 (net)
                  0.09    0.00    0.47 ^ _1603_/CLK (sky130_fd_sc_hd__dfrtp_2)
                  0.08    0.48    0.95 v _1603_/Q (sky130_fd_sc_hd__dfrtp_2)
     6    0.02                           tx.state[2] (net)
                  0.08    0.00    0.95 v _0723_/A (sky130_fd_sc_hd__or3_1)
                  0.07    0.40    1.35 v _0723_/X (sky130_fd_sc_hd__or3_1)
     1    0.00                           _0262_ (net)
                  0.07    0.00    1.35 v _0724_/A (sky130_fd_sc_hd__buf_2)
                  0.08    0.19    1.54 v _0724_/X (sky130_fd_sc_hd__buf_2)
     4    0.03                           net40 (net)
                  0.08    0.00    1.55 v output40/A (sky130_fd_sc_hd__buf_2)
                  0.09    0.21    1.76 v output40/X (sky130_fd_sc_hd__buf_2)
     1    0.03                           tx_en (net)
                  0.09    0.00    1.76 v tx_en (out)
                                  1.76   data arrival time

                         15.00   15.00   clock clk_48 (rise edge)
                          0.00   15.00   clock network delay (propagated)
                         -0.25   14.75   clock uncertainty
                          0.00   14.75   clock reconvergence pessimism
                         -3.00   11.75   output external delay
                                 11.75   data required time
-----------------------------------------------------------------------------
                                 11.75   data required time
                                 -1.76   data arrival time
-----------------------------------------------------------------------------
                                  9.99   slack (MET)


Startpoint: rst_n (input port clocked by clk_48)
Endpoint: _1472_ (rising edge-triggered flip-flop clocked by clk_48)
Path Group: clk_48
Path Type: max

Fanout     Cap    Slew   Delay    Time   Description
-----------------------------------------------------------------------------
                          0.00    0.00   clock clk_48 (rise edge)
                          0.00    0.00   clock network delay (propagated)
                          3.00    3.00 ^ input external delay
                  0.04    0.03    3.03 ^ rst_n (in)
     1    0.01                           rst_n (net)
                  0.04    0.00    3.03 ^ input13/A (sky130_fd_sc_hd__buf_6)
                  0.05    0.11    3.14 ^ input13/X (sky130_fd_sc_hd__buf_6)
     4    0.02                           net13 (net)
                  0.05    0.00    3.14 ^ repeater75/A (sky130_fd_sc_hd__clkbuf_2)
                  0.13    0.18    3.32 ^ repeater75/X (sky130_fd_sc_hd__clkbuf_2)
     5    0.02                           net75 (net)
                  0.13    0.00    3.32 ^ repeater74/A (sky130_fd_sc_hd__clkbuf_2)
                  0.12    0.20    3.52 ^ repeater74/X (sky130_fd_sc_hd__clkbuf_2)
     5    0.02                           net74 (net)
                  0.12    0.00    3.52 ^ repeater69/A (sky130_fd_sc_hd__clkbuf_2)
                  0.13    0.20    3.72 ^ repeater69/X (sky130_fd_sc_hd__clkbuf_2)
     5    0.02                           net69 (net)
                  0.13    0.00    3.72 ^ repeater68/A (sky130_fd_sc_hd__clkbuf_2)
                  0.12    0.20    3.92 ^ repeater68/X (sky130_fd_sc_hd__clkbuf_2)
     5    0.02                           net68 (net)
                  0.12    0.00    3.92 ^ repeater67/A (sky130_fd_sc_hd__clkbuf_2)
                  0.13    0.20    4.12 ^ repeater67/X (sky130_fd_sc_hd__clkbuf_2)
     5    0.02                           net67 (net)
                  0.13    0.00    4.12 ^ _1053_/B1 (sky130_fd_sc_hd__o31a_1)
                  0.13    0.22    4.34 ^ _1053_/X (sky130_fd_sc_hd__o31a_1)
     3    0.01                           _0536_ (net)
                  0.13    0.00    4.34 ^ _1055_/B1 (sky130_fd_sc_hd__o211ai_2)
                  0.09    0.13    4.48 v _1055_/Y (sky130_fd_sc_hd__o211ai_2)
     3    0.01                           _0538_ (net)
                  0.09    0.00    4.48 v _1056_/A (sky130_fd_sc_hd__clkbuf_2)
                  0.08    0.18    4.65 v _1056_/X (sky130_fd_sc_hd__clkbuf_2)
     6    0.02                           _0539_ (net)
                  0.08    0.00    4.66 v _1076_/B1 (sky130_fd_sc_hd__a21o_1)
                  0.04    0.18    4.83 v _1076_/X (sky130_fd_sc_hd__a21o_1)
     1    0.00                           _0555_ (net)
                  0.04    0.00    4.83 v _1077_/B2 (sky130_fd_sc_hd__a22o_1)
                  0.04    0.20    5.04 v _1077_/X (sky130_fd_sc_hd__a22o_1)
     1    0.00                           _0045_ (net)
                  0.04    0.00    5.04 v _1472_/D (sky130_fd_sc_hd__dfxtp_1)
                                  5.04   data arrival time

                         15.00   15.00   clock clk_48 (rise edge)
                          0.00   15.00   clock source latency
                  0.09    0.06   15.06 ^ clk_48 (in)
     1    0.02                           clk_48 (net)
                  0.09    0.00   15.06 ^ clkbuf_0_clk_48/A (sky130_fd_sc_hd__clkbuf_16)
                  0.12    0.19   15.25 ^ clkbuf_0_clk_48/X (sky130_fd_sc_hd__clkbuf_16)
    16    0.10                           clknet_0_clk_48 (net)
                  0.12    0.00   15.25 ^ clkbuf_4_10_0_clk_48/A (sky130_fd_sc_hd__clkbuf_8)
                  0.09    0.18   15.43 ^ clkbuf_4_10_0_clk_48/X (sky130_fd_sc_hd__clkbuf_8)
    16    0.04                           clknet_4_10_0_clk_48 (net)
                  0.09    0.00   15.43 ^ _1472_/CLK (sky130_fd_sc_hd__dfxtp_1)
                         -0.25   15.18   clock uncertainty
                          0.00   15.18   clock reconvergence pessimism
                         -0.10   15.08   library setup time
                                 15.08   data required time
-----------------------------------------------------------------------------
                                 15.08   data required time
                                 -5.04   data arrival time
-----------------------------------------------------------------------------
                                 10.04   slack (MET)


