
===========================================================================
report_checks -path_delay min (Hold)
============================================================================
Startpoint: _1601_ (rising edge-triggered flip-flop clocked by clk_48)
Endpoint: _1458_ (removal check against rising-edge clock clk_48)
Path Group: **async_default**
Path Type: min

Fanout     Cap    Slew   Delay    Time   Description
-----------------------------------------------------------------------------
                          0.00    0.00   clock clk_48 (rise edge)
                          0.00    0.00   clock source latency
                  0.09    0.06    0.06 ^ clk_48 (in)
     1    0.02                           clk_48 (net)
                  0.09    0.00    0.06 ^ clkbuf_0_clk_48/A (sky130_fd_sc_hd__clkbuf_16)
                  0.12    0.19    0.25 ^ clkbuf_0_clk_48/X (sky130_fd_sc_hd__clkbuf_16)
    16    0.10                           clknet_0_clk_48 (net)
                  0.12    0.00    0.25 ^ clkbuf_4_10_0_clk_48/A (sky130_fd_sc_hd__clkbuf_8)
                  0.09    0.18    0.43 ^ clkbuf_4_10_0_clk_48/X (sky130_fd_sc_hd__clkbuf_8)
    16    0.04                           clknet_4_10_0_clk_48 (net)
                  0.09    0.00    0.43 ^ _1601_/CLK (sky130_fd_sc_hd__dfrtp_2)
                  0.12    0.40    0.83 ^ _1601_/Q (sky130_fd_sc_hd__dfrtp_2)
     6    0.02                           tx.state[0] (net)
                  0.12    0.00    0.83 ^ _0870_/A (sky130_fd_sc_hd__dlymetal6s2s_1)
                  0.20    0.21    1.05 ^ _0870_/X (sky130_fd_sc_hd__dlymetal6s2s_1)
     6    0.02                           _0400_ (net)
                  0.20    0.00    1.05 ^ _0930_/A (sky130_fd_sc_hd__clkbuf_2)
                  0.12    0.20    1.24 ^ _0930_/X (sky130_fd_sc_hd__clkbuf_2)
     6    0.02                           _0452_ (net)
                  0.12    0.00    1.24 ^ _0932_/A2 (sky130_fd_sc_hd__o31a_2)
                  0.14    0.22    1.47 ^ _0932_/X (sky130_fd_sc_hd__o31a_2)
     5    0.03                           tx.tx_crc.rst_n (net)
                  0.14    0.00    1.47 ^ _1458_/SET_B (sky130_fd_sc_hd__dfstp_1)
                                  1.47   data arrival time

                          0.00    0.00   clock clk_48 (rise edge)
                          0.00    0.00   clock source latency
                  0.09    0.06    0.06 ^ clk_48 (in)
     1    0.02                           clk_48 (net)
                  0.09    0.00    0.06 ^ clkbuf_0_clk_48/A (sky130_fd_sc_hd__clkbuf_16)
                  0.12    0.21    0.27 ^ clkbuf_0_clk_48/X (sky130_fd_sc_hd__clkbuf_16)
    16    0.10                           clknet_0_clk_48 (net)
                  0.12    0.00    0.28 ^ clkbuf_4_2_0_clk_48/A (sky130_fd_sc_hd__clkbuf_8)
                  0.08    0.19    0.47 ^ clkbuf_4_2_0_clk_48/X (sky130_fd_sc_hd__clkbuf_8)
    13    0.04                           clknet_4_2_0_clk_48 (net)
                  0.08    0.00    0.47 ^ _1458_/CLK (sky130_fd_sc_hd__dfstp_1)
                          0.25    0.72   clock uncertainty
                         -0.03    0.70   clock reconvergence pessimism
                          0.16    0.85   library removal time
                                  0.85   data required time
-----------------------------------------------------------------------------
                                  0.85   data required time
                                 -1.47   data arrival time
-----------------------------------------------------------------------------
                                  0.62   slack (MET)


Startpoint: _1601_ (rising edge-triggered flip-flop clocked by clk_48)
Endpoint: _1443_ (removal check against rising-edge clock clk_48)
Path Group: **async_default**
Path Type: min

Fanout     Cap    Slew   Delay    Time   Description
-----------------------------------------------------------------------------
                          0.00    0.00   clock clk_48 (rise edge)
                          0.00    0.00   clock source latency
                  0.09    0.06    0.06 ^ clk_48 (in)
     1    0.02                           clk_48 (net)
                  0.09    0.00    0.06 ^ clkbuf_0_clk_48/A (sky130_fd_sc_hd__clkbuf_16)
                  0.12    0.19    0.25 ^ clkbuf_0_clk_48/X (sky130_fd_sc_hd__clkbuf_16)
    16    0.10                           clknet_0_clk_48 (net)
                  0.12    0.00    0.25 ^ clkbuf_4_10_0_clk_48/A (sky130_fd_sc_hd__clkbuf_8)
                  0.09    0.18    0.43 ^ clkbuf_4_10_0_clk_48/X (sky130_fd_sc_hd__clkbuf_8)
    16    0.04                           clknet_4_10_0_clk_48 (net)
                  0.09    0.00    0.43 ^ _1601_/CLK (sky130_fd_sc_hd__dfrtp_2)
                  0.12    0.40    0.83 ^ _1601_/Q (sky130_fd_sc_hd__dfrtp_2)
     6    0.02                           tx.state[0] (net)
                  0.12    0.00    0.83 ^ _0870_/A (sky130_fd_sc_hd__dlymetal6s2s_1)
                  0.20    0.21    1.05 ^ _0870_/X (sky130_fd_sc_hd__dlymetal6s2s_1)
     6    0.02                           _0400_ (net)
                  0.20    0.00    1.05 ^ _0930_/A (sky130_fd_sc_hd__clkbuf_2)
                  0.12    0.20    1.24 ^ _0930_/X (sky130_fd_sc_hd__clkbuf_2)
     6    0.02                           _0452_ (net)
                  0.12    0.00    1.24 ^ _0932_/A2 (sky130_fd_sc_hd__o31a_2)
                  0.14    0.22    1.47 ^ _0932_/X (sky130_fd_sc_hd__o31a_2)
     5    0.03                           tx.tx_crc.rst_n (net)
                  0.14    0.00    1.47 ^ _1443_/SET_B (sky130_fd_sc_hd__dfstp_1)
                                  1.47   data arrival time

                          0.00    0.00   clock clk_48 (rise edge)
                          0.00    0.00   clock source latency
                  0.09    0.06    0.06 ^ clk_48 (in)
     1    0.02                           clk_48 (net)
                  0.09    0.00    0.06 ^ clkbuf_0_clk_48/A (sky130_fd_sc_hd__clkbuf_16)
                  0.12    0.21    0.27 ^ clkbuf_0_clk_48/X (sky130_fd_sc_hd__clkbuf_16)
    16    0.10                           clknet_0_clk_48 (net)
                  0.12    0.00    0.28 ^ clkbuf_4_2_0_clk_48/A (sky130_fd_sc_hd__clkbuf_8)
                  0.08    0.19    0.47 ^ clkbuf_4_2_0_clk_48/X (sky130_fd_sc_hd__clkbuf_8)
    13    0.04                           clknet_4_2_0_clk_48 (net)
                  0.08    0.00    0.47 ^ _1443_/CLK (sky130_fd_sc_hd__dfstp_1)
                          0.25    0.72   clock uncertainty
                         -0.03    0.70   clock reconvergence pessimism
                          0.16    0.85   library removal time
                                  0.85   data required time
-----------------------------------------------------------------------------
                                  0.85   data required time
                                 -1.47   data arrival time
-----------------------------------------------------------------------------
                                  0.62   slack (MET)


Startpoint: _1601_ (rising edge-triggered flip-flop clocked by clk_48)
Endpoint: _1456_ (removal check against rising-edge clock clk_48)
Path Group: **async_default**
Path Type: min

Fanout     Cap    Slew   Delay    Time   Description
-----------------------------------------------------------------------------
                          0.00    0.00   clock clk_48 (rise edge)
                          0.00    0.00   clock source latency
                  0.09    0.06    0.06 ^ clk_48 (in)
     1    0.02                           clk_48 (net)
                  0.09    0.00    0.06 ^ clkbuf_0_clk_48/A (sky130_fd_sc_hd__clkbuf_16)
                  0.12    0.19    0.25 ^ clkbuf_0_clk_48/X (sky130_fd_sc_hd__clkbuf_16)
    16    0.10                           clknet_0_clk_48 (net)
                  0.12    0.00    0.25 ^ clkbuf_4_10_0_clk_48/A (sky130_fd_sc_hd__clkbuf_8)
                  0.09    0.18    0.43 ^ clkbuf_4_10_0_clk_48/X (sky130_fd_sc_hd__clkbuf_8)
    16    0.04                           clknet_4_10_0_clk_48 (net)
                  0.09    0.00    0.43 ^ _1601_/CLK (sky130_fd_sc_hd__dfrtp_2)
                  0.12    0.40    0.83 ^ _1601_/Q (sky130_fd_sc_hd__dfrtp_2)
     6    0.02                           tx.state[0] (net)
                  0.12    0.00    0.83 ^ _0870_/A (sky130_fd_sc_hd__dlymetal6s2s_1)
                  0.20    0.21    1.05 ^ _0870_/X (sky130_fd_sc_hd__dlymetal6s2s_1)
     6    0.02                           _0400_ (net)
                  0.20    0.00    1.05 ^ _0930_/A (sky130_fd_sc_hd__clkbuf_2)
                  0.12    0.20    1.24 ^ _0930_/X (sky130_fd_sc_hd__clkbuf_2)
     6    0.02                           _0452_ (net)
                  0.12    0.00    1.24 ^ _0932_/A2 (sky130_fd_sc_hd__o31a_2)
                  0.14    0.22    1.47 ^ _0932_/X (sky130_fd_sc_hd__o31a_2)
     5    0.03                           tx.tx_crc.rst_n (net)
                  0.14    0.00    1.47 ^ _1456_/SET_B (sky130_fd_sc_hd__dfstp_1)
                                  1.47   data arrival time

                          0.00    0.00   clock clk_48 (rise edge)
                          0.00    0.00   clock source latency
                  0.09    0.06    0.06 ^ clk_48 (in)
     1    0.02                           clk_48 (net)
                  0.09    0.00    0.06 ^ clkbuf_0_clk_48/A (sky130_fd_sc_hd__clkbuf_16)
                  0.12    0.21    0.27 ^ clkbuf_0_clk_48/X (sky130_fd_sc_hd__clkbuf_16)
    16    0.10                           clknet_0_clk_48 (net)
                  0.12    0.00    0.28 ^ clkbuf_4_2_0_clk_48/A (sky130_fd_sc_hd__clkbuf_8)
                  0.08    0.19    0.47 ^ clkbuf_4_2_0_clk_48/X (sky130_fd_sc_hd__clkbuf_8)
    13    0.04                           clknet_4_2_0_clk_48 (net)
                  0.08    0.00    0.47 ^ _1456_/CLK (sky130_fd_sc_hd__dfstp_1)
                          0.25    0.72   clock uncertainty
                         -0.03    0.70   clock reconvergence pessimism
                          0.16    0.85   library removal time
                                  0.85   data required time
-----------------------------------------------------------------------------
                                  0.85   data required time
                                 -1.47   data arrival time
-----------------------------------------------------------------------------
                                  0.62   slack (MET)


Startpoint: _1601_ (rising edge-triggered flip-flop clocked by clk_48)
Endpoint: _1457_ (removal check against rising-edge clock clk_48)
Path Group: **async_default**
Path Type: min

Fanout     Cap    Slew   Delay    Time   Description
-----------------------------------------------------------------------------
                          0.00    0.00   clock clk_48 (rise edge)
                          0.00    0.00   clock source latency
                  0.09    0.06    0.06 ^ clk_48 (in)
     1    0.02                           clk_48 (net)
                  0.09    0.00    0.06 ^ clkbuf_0_clk_48/A (sky130_fd_sc_hd__clkbuf_16)
                  0.12    0.19    0.25 ^ clkbuf_0_clk_48/X (sky130_fd_sc_hd__clkbuf_16)
    16    0.10                           clknet_0_clk_48 (net)
                  0.12    0.00    0.25 ^ clkbuf_4_10_0_clk_48/A (sky130_fd_sc_hd__clkbuf_8)
                  0.09    0.18    0.43 ^ clkbuf_4_10_0_clk_48/X (sky130_fd_sc_hd__clkbuf_8)
    16    0.04                           clknet_4_10_0_clk_48 (net)
                  0.09    0.00    0.43 ^ _1601_/CLK (sky130_fd_sc_hd__dfrtp_2)
                  0.12    0.40    0.83 ^ _1601_/Q (sky130_fd_sc_hd__dfrtp_2)
     6    0.02                           tx.state[0] (net)
                  0.12    0.00    0.83 ^ _0870_/A (sky130_fd_sc_hd__dlymetal6s2s_1)
                  0.20    0.21    1.05 ^ _0870_/X (sky130_fd_sc_hd__dlymetal6s2s_1)
     6    0.02                           _0400_ (net)
                  0.20    0.00    1.05 ^ _0930_/A (sky130_fd_sc_hd__clkbuf_2)
                  0.12    0.20    1.24 ^ _0930_/X (sky130_fd_sc_hd__clkbuf_2)
     6    0.02                           _0452_ (net)
                  0.12    0.00    1.24 ^ _0932_/A2 (sky130_fd_sc_hd__o31a_2)
                  0.14    0.22    1.47 ^ _0932_/X (sky130_fd_sc_hd__o31a_2)
     5    0.03                           tx.tx_crc.rst_n (net)
                  0.14    0.00    1.47 ^ _1457_/SET_B (sky130_fd_sc_hd__dfstp_1)
                                  1.47   data arrival time

                          0.00    0.00   clock clk_48 (rise edge)
                          0.00    0.00   clock source latency
                  0.09    0.06    0.06 ^ clk_48 (in)
     1    0.02                           clk_48 (net)
                  0.09    0.00    0.06 ^ clkbuf_0_clk_48/A (sky130_fd_sc_hd__clkbuf_16)
                  0.12    0.21    0.27 ^ clkbuf_0_clk_48/X (sky130_fd_sc_hd__clkbuf_16)
    16    0.10                           clknet_0_clk_48 (net)
                  0.12    0.00    0.28 ^ clkbuf_4_2_0_clk_48/A (sky130_fd_sc_hd__clkbuf_8)
                  0.08    0.19    0.47 ^ clkbuf_4_2_0_clk_48/X (sky130_fd_sc_hd__clkbuf_8)
    13    0.04                           clknet_4_2_0_clk_48 (net)
                  0.08    0.00    0.47 ^ _1457_/CLK (sky130_fd_sc_hd__dfstp_1)
                          0.25    0.72   clock uncertainty
                         -0.03    0.70   clock reconvergence pessimism
                          0.16    0.85   library removal time
                                  0.85   data required time
-----------------------------------------------------------------------------
                                  0.85   data required time
                                 -1.47   data arrival time
-----------------------------------------------------------------------------
                                  0.62   slack (MET)


Startpoint: _1601_ (rising edge-triggered flip-flop clocked by clk_48)
Endpoint: _1446_ (removal check against rising-edge clock clk_48)
Path Group: **async_default**
Path Type: min

Fanout     Cap    Slew   Delay    Time   Description
-----------------------------------------------------------------------------
                          0.00    0.00   clock clk_48 (rise edge)
                          0.00    0.00   clock source latency
                  0.09    0.06    0.06 ^ clk_48 (in)
     1    0.02                           clk_48 (net)
                  0.09    0.00    0.06 ^ clkbuf_0_clk_48/A (sky130_fd_sc_hd__clkbuf_16)
                  0.12    0.19    0.25 ^ clkbuf_0_clk_48/X (sky130_fd_sc_hd__clkbuf_16)
    16    0.10                           clknet_0_clk_48 (net)
                  0.12    0.00    0.25 ^ clkbuf_4_10_0_clk_48/A (sky130_fd_sc_hd__clkbuf_8)
                  0.09    0.18    0.43 ^ clkbuf_4_10_0_clk_48/X (sky130_fd_sc_hd__clkbuf_8)
    16    0.04                           clknet_4_10_0_clk_48 (net)
                  0.09    0.00    0.43 ^ _1601_/CLK (sky130_fd_sc_hd__dfrtp_2)
                  0.12    0.40    0.83 ^ _1601_/Q (sky130_fd_sc_hd__dfrtp_2)
     6    0.02                           tx.state[0] (net)
                  0.12    0.00    0.83 ^ _0870_/A (sky130_fd_sc_hd__dlymetal6s2s_1)
                  0.20    0.21    1.05 ^ _0870_/X (sky130_fd_sc_hd__dlymetal6s2s_1)
     6    0.02                           _0400_ (net)
                  0.20    0.00    1.05 ^ _0930_/A (sky130_fd_sc_hd__clkbuf_2)
                  0.12    0.20    1.24 ^ _0930_/X (sky130_fd_sc_hd__clkbuf_2)
     6    0.02                           _0452_ (net)
                  0.12    0.00    1.24 ^ _0932_/A2 (sky130_fd_sc_hd__o31a_2)
                  0.14    0.22    1.47 ^ _0932_/X (sky130_fd_sc_hd__o31a_2)
     5    0.03                           tx.tx_crc.rst_n (net)
                  0.14    0.00    1.47 ^ repeater50/A (sky130_fd_sc_hd__clkbuf_2)
                  0.11    0.18    1.65 ^ repeater50/X (sky130_fd_sc_hd__clkbuf_2)
     5    0.02                           net50 (net)
                  0.11    0.00    1.65 ^ _1446_/SET_B (sky130_fd_sc_hd__dfstp_1)
                                  1.65   data arrival time

                          0.00    0.00   clock clk_48 (rise edge)
                          0.00    0.00   clock source latency
                  0.09    0.06    0.06 ^ clk_48 (in)
     1    0.02                           clk_48 (net)
                  0.09    0.00    0.06 ^ clkbuf_0_clk_48/A (sky130_fd_sc_hd__clkbuf_16)
                  0.12    0.21    0.27 ^ clkbuf_0_clk_48/X (sky130_fd_sc_hd__clkbuf_16)
    16    0.10                           clknet_0_clk_48 (net)
                  0.12    0.00    0.28 ^ clkbuf_4_0_0_clk_48/A (sky130_fd_sc_hd__clkbuf_8)
                  0.10    0.21    0.49 ^ clkbuf_4_0_0_clk_48/X (sky130_fd_sc_hd__clkbuf_8)
    19    0.05                           clknet_4_0_0_clk_48 (net)
                  0.10    0.00    0.49 ^ _1446_/CLK (sky130_fd_sc_hd__dfstp_1)
                          0.25    0.74   clock uncertainty
                         -0.03    0.71   clock reconvergence pessimism
                          0.17    0.88   library removal time
                                  0.88   data required time
-----------------------------------------------------------------------------
                                  0.88   data required time
                                 -1.65   data arrival time
-----------------------------------------------------------------------------
                                  0.77   slack (MET)


Startpoint: _1595_ (rising edge-triggered flip-flop clocked by clk_48)
Endpoint: _1596_ (rising edge-triggered flip-flop clocked by clk_48)
Path Group: clk_48
Path Type: min

Fanout     Cap    Slew   Delay    Time   Description
-----------------------------------------------------------------------------
                          0.00    0.00   clock clk_48 (rise edge)
                          0.00    0.00   clock source latency
                  0.09    0.06    0.06 ^ clk_48 (in)
     1    0.02                           clk_48 (net)
                  0.09    0.00    0.06 ^ clkbuf_0_clk_48/A (sky130_fd_sc_hd__clkbuf_16)
                  0.12    0.19    0.25 ^ clkbuf_0_clk_48/X (sky130_fd_sc_hd__clkbuf_16)
    16    0.10                           clknet_0_clk_48 (net)
                  0.12    0.00    0.25 ^ clkbuf_4_3_0_clk_48/A (sky130_fd_sc_hd__clkbuf_8)
                  0.06    0.16    0.41 ^ clkbuf_4_3_0_clk_48/X (sky130_fd_sc_hd__clkbuf_8)
     8    0.02                           clknet_4_3_0_clk_48 (net)
                  0.06    0.00    0.41 ^ _1595_/CLK (sky130_fd_sc_hd__dfxtp_1)
                  0.08    0.32    0.73 v _1595_/Q (sky130_fd_sc_hd__dfxtp_1)
     3    0.01                           recv.d_filter.r[0] (net)
                  0.08    0.00    0.73 v _1596_/D (sky130_fd_sc_hd__dfxtp_1)
                                  0.73   data arrival time

                          0.00    0.00   clock clk_48 (rise edge)
                          0.00    0.00   clock source latency
                  0.09    0.06    0.06 ^ clk_48 (in)
     1    0.02                           clk_48 (net)
                  0.09    0.00    0.06 ^ clkbuf_0_clk_48/A (sky130_fd_sc_hd__clkbuf_16)
                  0.12    0.21    0.27 ^ clkbuf_0_clk_48/X (sky130_fd_sc_hd__clkbuf_16)
    16    0.10                           clknet_0_clk_48 (net)
                  0.12    0.00    0.28 ^ clkbuf_4_3_0_clk_48/A (sky130_fd_sc_hd__clkbuf_8)
                  0.06    0.17    0.45 ^ clkbuf_4_3_0_clk_48/X (sky130_fd_sc_hd__clkbuf_8)
     8    0.02                           clknet_4_3_0_clk_48 (net)
                  0.06    0.00    0.45 ^ _1596_/CLK (sky130_fd_sc_hd__dfxtp_1)
                          0.25    0.70   clock uncertainty
                         -0.04    0.66   clock reconvergence pessimism
                         -0.06    0.60   library hold time
                                  0.60   data required time
-----------------------------------------------------------------------------
                                  0.60   data required time
                                 -0.73   data arrival time
-----------------------------------------------------------------------------
                                  0.14   slack (MET)


Startpoint: _1590_ (rising edge-triggered flip-flop clocked by clk_48)
Endpoint: _1591_ (rising edge-triggered flip-flop clocked by clk_48)
Path Group: clk_48
Path Type: min

Fanout     Cap    Slew   Delay    Time   Description
-----------------------------------------------------------------------------
                          0.00    0.00   clock clk_48 (rise edge)
                          0.00    0.00   clock source latency
                  0.09    0.06    0.06 ^ clk_48 (in)
     1    0.02                           clk_48 (net)
                  0.09    0.00    0.06 ^ clkbuf_0_clk_48/A (sky130_fd_sc_hd__clkbuf_16)
                  0.12    0.19    0.25 ^ clkbuf_0_clk_48/X (sky130_fd_sc_hd__clkbuf_16)
    16    0.10                           clknet_0_clk_48 (net)
                  0.12    0.00    0.25 ^ clkbuf_4_15_0_clk_48/A (sky130_fd_sc_hd__clkbuf_8)
                  0.10    0.19    0.44 ^ clkbuf_4_15_0_clk_48/X (sky130_fd_sc_hd__clkbuf_8)
    18    0.05                           clknet_4_15_0_clk_48 (net)
                  0.10    0.00    0.44 ^ _1590_/CLK (sky130_fd_sc_hd__dfxtp_1)
                  0.08    0.34    0.78 v _1590_/Q (sky130_fd_sc_hd__dfxtp_1)
     4    0.01                           recv.se0_filter.r[0] (net)
                  0.08    0.00    0.78 v _1591_/D (sky130_fd_sc_hd__dfxtp_1)
                                  0.78   data arrival time

                          0.00    0.00   clock clk_48 (rise edge)
                          0.00    0.00   clock source latency
                  0.09    0.06    0.06 ^ clk_48 (in)
     1    0.02                           clk_48 (net)
                  0.09    0.00    0.06 ^ clkbuf_0_clk_48/A (sky130_fd_sc_hd__clkbuf_16)
                  0.12    0.21    0.27 ^ clkbuf_0_clk_48/X (sky130_fd_sc_hd__clkbuf_16)
    16    0.10                           clknet_0_clk_48 (net)
                  0.12    0.00    0.28 ^ clkbuf_4_14_0_clk_48/A (sky130_fd_sc_hd__clkbuf_8)
                  0.08    0.19    0.47 ^ clkbuf_4_14_0_clk_48/X (sky130_fd_sc_hd__clkbuf_8)
    12    0.04                           clknet_4_14_0_clk_48 (net)
                  0.08    0.00    0.47 ^ _1591_/CLK (sky130_fd_sc_hd__dfxtp_1)
                          0.25    0.72   clock uncertainty
                         -0.03    0.69   clock reconvergence pessimism
                         -0.06    0.63   library hold time
                                  0.63   data required time
-----------------------------------------------------------------------------
                                  0.63   data required time
                                 -0.78   data arrival time
-----------------------------------------------------------------------------
                                  0.15   slack (MET)


Startpoint: _1593_ (rising edge-triggered flip-flop clocked by clk_48)
Endpoint: _1594_ (rising edge-triggered flip-flop clocked by clk_48)
Path Group: clk_48
Path Type: min

Fanout     Cap    Slew   Delay    Time   Description
-----------------------------------------------------------------------------
                          0.00    0.00   clock clk_48 (rise edge)
                          0.00    0.00   clock source latency
                  0.09    0.06    0.06 ^ clk_48 (in)
     1    0.02                           clk_48 (net)
                  0.09    0.00    0.06 ^ clkbuf_0_clk_48/A (sky130_fd_sc_hd__clkbuf_16)
                  0.12    0.19    0.25 ^ clkbuf_0_clk_48/X (sky130_fd_sc_hd__clkbuf_16)
    16    0.10                           clknet_0_clk_48 (net)
                  0.12    0.00    0.25 ^ clkbuf_4_15_0_clk_48/A (sky130_fd_sc_hd__clkbuf_8)
                  0.10    0.19    0.44 ^ clkbuf_4_15_0_clk_48/X (sky130_fd_sc_hd__clkbuf_8)
    18    0.05                           clknet_4_15_0_clk_48 (net)
                  0.10    0.00    0.44 ^ _1593_/CLK (sky130_fd_sc_hd__dfxtp_1)
                  0.08    0.34    0.78 v _1593_/Q (sky130_fd_sc_hd__dfxtp_1)
     5    0.01                           recv.se0_filter.r[3] (net)
                  0.08    0.00    0.78 v _1594_/D (sky130_fd_sc_hd__dfxtp_1)
                                  0.78   data arrival time

                          0.00    0.00   clock clk_48 (rise edge)
                          0.00    0.00   clock source latency
                  0.09    0.06    0.06 ^ clk_48 (in)
     1    0.02                           clk_48 (net)
                  0.09    0.00    0.06 ^ clkbuf_0_clk_48/A (sky130_fd_sc_hd__clkbuf_16)
                  0.12    0.21    0.27 ^ clkbuf_0_clk_48/X (sky130_fd_sc_hd__clkbuf_16)
    16    0.10                           clknet_0_clk_48 (net)
                  0.12    0.00    0.28 ^ clkbuf_4_14_0_clk_48/A (sky130_fd_sc_hd__clkbuf_8)
                  0.08    0.19    0.47 ^ clkbuf_4_14_0_clk_48/X (sky130_fd_sc_hd__clkbuf_8)
    12    0.04                           clknet_4_14_0_clk_48 (net)
                  0.08    0.00    0.47 ^ _1594_/CLK (sky130_fd_sc_hd__dfxtp_1)
                          0.25    0.72   clock uncertainty
                         -0.03    0.69   clock reconvergence pessimism
                         -0.06    0.63   library hold time
                                  0.63   data required time
-----------------------------------------------------------------------------
                                  0.63   data required time
                                 -0.78   data arrival time
-----------------------------------------------------------------------------
                                  0.15   slack (MET)


Startpoint: _1469_ (rising edge-triggered flip-flop clocked by clk_48)
Endpoint: _1611_ (rising edge-triggered flip-flop clocked by clk_48)
Path Group: clk_48
Path Type: min

Fanout     Cap    Slew   Delay    Time   Description
-----------------------------------------------------------------------------
                          0.00    0.00   clock clk_48 (rise edge)
                          0.00    0.00   clock source latency
                  0.09    0.06    0.06 ^ clk_48 (in)
     1    0.02                           clk_48 (net)
                  0.09    0.00    0.06 ^ clkbuf_0_clk_48/A (sky130_fd_sc_hd__clkbuf_16)
                  0.12    0.19    0.25 ^ clkbuf_0_clk_48/X (sky130_fd_sc_hd__clkbuf_16)
    16    0.10                           clknet_0_clk_48 (net)
                  0.12    0.00    0.25 ^ clkbuf_4_11_0_clk_48/A (sky130_fd_sc_hd__clkbuf_8)
                  0.06    0.16    0.41 ^ clkbuf_4_11_0_clk_48/X (sky130_fd_sc_hd__clkbuf_8)
     9    0.03                           clknet_4_11_0_clk_48 (net)
                  0.06    0.00    0.41 ^ _1469_/CLK (sky130_fd_sc_hd__dfxtp_1)
                  0.09    0.33    0.74 ^ _1469_/Q (sky130_fd_sc_hd__dfxtp_1)
     2    0.01                           tx.data[1] (net)
                  0.09    0.00    0.74 ^ _1404_/B2 (sky130_fd_sc_hd__a221o_1)
                  0.04    0.14    0.87 ^ _1404_/X (sky130_fd_sc_hd__a221o_1)
     1    0.00                           _0160_ (net)
                  0.04    0.00    0.87 ^ _1611_/D (sky130_fd_sc_hd__dfxtp_1)
                                  0.87   data arrival time

                          0.00    0.00   clock clk_48 (rise edge)
                          0.00    0.00   clock source latency
                  0.09    0.06    0.06 ^ clk_48 (in)
     1    0.02                           clk_48 (net)
                  0.09    0.00    0.06 ^ clkbuf_0_clk_48/A (sky130_fd_sc_hd__clkbuf_16)
                  0.12    0.21    0.27 ^ clkbuf_0_clk_48/X (sky130_fd_sc_hd__clkbuf_16)
    16    0.10                           clknet_0_clk_48 (net)
                  0.12    0.00    0.28 ^ clkbuf_4_10_0_clk_48/A (sky130_fd_sc_hd__clkbuf_8)
                  0.09    0.20    0.47 ^ clkbuf_4_10_0_clk_48/X (sky130_fd_sc_hd__clkbuf_8)
    16    0.04                           clknet_4_10_0_clk_48 (net)
                  0.09    0.00    0.47 ^ _1611_/CLK (sky130_fd_sc_hd__dfxtp_1)
                          0.25    0.72   clock uncertainty
                         -0.03    0.70   clock reconvergence pessimism
                         -0.03    0.67   library hold time
                                  0.67   data required time
-----------------------------------------------------------------------------
                                  0.67   data required time
                                 -0.87   data arrival time
-----------------------------------------------------------------------------
                                  0.20   slack (MET)


Startpoint: _1501_ (rising edge-triggered flip-flop clocked by clk_48)
Endpoint: _1501_ (rising edge-triggered flip-flop clocked by clk_48)
Path Group: clk_48
Path Type: min

Fanout     Cap    Slew   Delay    Time   Description
-----------------------------------------------------------------------------
                          0.00    0.00   clock clk_48 (rise edge)
                          0.00    0.00   clock source latency
                  0.09    0.06    0.06 ^ clk_48 (in)
     1    0.02                           clk_48 (net)
                  0.09    0.00    0.06 ^ clkbuf_0_clk_48/A (sky130_fd_sc_hd__clkbuf_16)
                  0.12    0.19    0.25 ^ clkbuf_0_clk_48/X (sky130_fd_sc_hd__clkbuf_16)
    16    0.10                           clknet_0_clk_48 (net)
                  0.12    0.00    0.25 ^ clkbuf_4_12_0_clk_48/A (sky130_fd_sc_hd__clkbuf_8)
                  0.06    0.16    0.41 ^ clkbuf_4_12_0_clk_48/X (sky130_fd_sc_hd__clkbuf_8)
     8    0.02                           clknet_4_12_0_clk_48 (net)
                  0.06    0.00    0.41 ^ _1501_/CLK (sky130_fd_sc_hd__dfxtp_1)
                  0.08    0.32    0.73 ^ _1501_/Q (sky130_fd_sc_hd__dfxtp_1)
     2    0.01                           recv_queue_0_valid (net)
                  0.08    0.00    0.73 ^ _1126_/A1 (sky130_fd_sc_hd__a21o_1)
                  0.04    0.11    0.83 ^ _1126_/X (sky130_fd_sc_hd__a21o_1)
     1    0.00                           _0067_ (net)
                  0.04    0.00    0.83 ^ _1501_/D (sky130_fd_sc_hd__dfxtp_1)
                                  0.83   data arrival time

                          0.00    0.00   clock clk_48 (rise edge)
                          0.00    0.00   clock source latency
                  0.09    0.06    0.06 ^ clk_48 (in)
     1    0.02                           clk_48 (net)
                  0.09    0.00    0.06 ^ clkbuf_0_clk_48/A (sky130_fd_sc_hd__clkbuf_16)
                  0.12    0.21    0.27 ^ clkbuf_0_clk_48/X (sky130_fd_sc_hd__clkbuf_16)
    16    0.10                           clknet_0_clk_48 (net)
                  0.12    0.00    0.28 ^ clkbuf_4_12_0_clk_48/A (sky130_fd_sc_hd__clkbuf_8)
                  0.06    0.17    0.45 ^ clkbuf_4_12_0_clk_48/X (sky130_fd_sc_hd__clkbuf_8)
     8    0.02                           clknet_4_12_0_clk_48 (net)
                  0.06    0.00    0.45 ^ _1501_/CLK (sky130_fd_sc_hd__dfxtp_1)
                          0.25    0.70   clock uncertainty
                         -0.04    0.66   clock reconvergence pessimism
                         -0.03    0.63   library hold time
                                  0.63   data required time
-----------------------------------------------------------------------------
                                  0.63   data required time
                                 -0.83   data arrival time
-----------------------------------------------------------------------------
                                  0.20   slack (MET)


