[INFO]: Preparing LEF files for the nom corner...
[INFO]: Preparing LEF files for the min corner...
[INFO]: Preparing LEF files for the max corner...
[INFO]: Running Synthesis...
[INFO]: Running Single-Corner Static Timing Analysis...
[ERROR]: during executing openroad script /openlane/scripts/openroad/sta.tcl
[ERROR]: Exit code: 1
[ERROR]: full log: designs/usb/runs/prueba42/logs/synthesis/2-sta.log
[ERROR]: Last 10 lines:
                                  0.23   data required time
                                 -0.33   data arrival time
-----------------------------------------------------------------------------
                                  0.09   slack (MET)


min_report_end
sky130_fd_sc_hd__dfbbn_1
Error: sta.tcl, 117 invalid command name "Obtener"
child process exited abnormally

[INFO]: Saving runtime environment...
[INFO]: Creating reproducible...
[ERROR]: Failed to package reproducible.
[INFO]: Saving current set of views in 'designs/usb/runs/prueba42/results/final'...
[INFO]: Generating final set of reports...
[INFO]: Created manufacturability report at 'designs/usb/runs/prueba42/reports/manufacturability.rpt'.
[INFO]: Created metrics report at 'designs/usb/runs/prueba42/reports/metrics.csv'.
[INFO]: Saving runtime environment...
[ERROR]: Flow failed.
