
===========================================================================
report_checks -path_delay min (Hold)
============================================================================
Startpoint: _1601_ (rising edge-triggered flip-flop clocked by clk_48)
Endpoint: _1458_ (removal check against rising-edge clock clk_48)
Path Group: **async_default**
Path Type: min

Fanout     Cap    Slew   Delay    Time   Description
-----------------------------------------------------------------------------
                          0.00    0.00   clock clk_48 (rise edge)
                          0.00    0.00   clock source latency
                  0.09    0.06    0.06 ^ clk_48 (in)
     1    0.02                           clk_48 (net)
                  0.09    0.00    0.06 ^ clkbuf_0_clk_48/A (sky130_fd_sc_hd__clkbuf_16)
                  0.12    0.19    0.25 ^ clkbuf_0_clk_48/X (sky130_fd_sc_hd__clkbuf_16)
    16    0.10                           clknet_0_clk_48 (net)
                  0.12    0.00    0.25 ^ clkbuf_4_10_0_clk_48/A (sky130_fd_sc_hd__clkbuf_8)
                  0.09    0.18    0.42 ^ clkbuf_4_10_0_clk_48/X (sky130_fd_sc_hd__clkbuf_8)
    16    0.04                           clknet_4_10_0_clk_48 (net)
                  0.09    0.00    0.43 ^ _1601_/CLK (sky130_fd_sc_hd__dfrtp_2)
                  0.12    0.40    0.83 ^ _1601_/Q (sky130_fd_sc_hd__dfrtp_2)
     6    0.02                           tx.state[0] (net)
                  0.12    0.00    0.83 ^ _0870_/A (sky130_fd_sc_hd__dlymetal6s2s_1)
                  0.20    0.21    1.04 ^ _0870_/X (sky130_fd_sc_hd__dlymetal6s2s_1)
     6    0.02                           _0400_ (net)
                  0.20    0.00    1.04 ^ _0930_/A (sky130_fd_sc_hd__clkbuf_2)
                  0.12    0.20    1.24 ^ _0930_/X (sky130_fd_sc_hd__clkbuf_2)
     6    0.02                           _0452_ (net)
                  0.12    0.00    1.24 ^ _0932_/A2 (sky130_fd_sc_hd__o31a_2)
                  0.14    0.22    1.46 ^ _0932_/X (sky130_fd_sc_hd__o31a_2)
     5    0.03                           tx.tx_crc.rst_n (net)
                  0.14    0.00    1.47 ^ _1458_/SET_B (sky130_fd_sc_hd__dfstp_1)
                                  1.47   data arrival time

                          0.00    0.00   clock clk_48 (rise edge)
                          0.00    0.00   clock source latency
                  0.09    0.06    0.06 ^ clk_48 (in)
     1    0.02                           clk_48 (net)
                  0.09    0.00    0.06 ^ clkbuf_0_clk_48/A (sky130_fd_sc_hd__clkbuf_16)
                  0.12    0.21    0.27 ^ clkbuf_0_clk_48/X (sky130_fd_sc_hd__clkbuf_16)
    16    0.10                           clknet_0_clk_48 (net)
                  0.12    0.00    0.27 ^ clkbuf_4_2_0_clk_48/A (sky130_fd_sc_hd__clkbuf_8)
                  0.08    0.19    0.46 ^ clkbuf_4_2_0_clk_48/X (sky130_fd_sc_hd__clkbuf_8)
    13    0.04                           clknet_4_2_0_clk_48 (net)
                  0.08    0.00    0.47 ^ _1458_/CLK (sky130_fd_sc_hd__dfstp_1)
                          0.25    0.72   clock uncertainty
                         -0.03    0.69   clock reconvergence pessimism
                          0.16    0.85   library removal time
                                  0.85   data required time
-----------------------------------------------------------------------------
                                  0.85   data required time
                                 -1.47   data arrival time
-----------------------------------------------------------------------------
                                  0.62   slack (MET)


Startpoint: _1595_ (rising edge-triggered flip-flop clocked by clk_48)
Endpoint: _1596_ (rising edge-triggered flip-flop clocked by clk_48)
Path Group: clk_48
Path Type: min

Fanout     Cap    Slew   Delay    Time   Description
-----------------------------------------------------------------------------
                          0.00    0.00   clock clk_48 (rise edge)
                          0.00    0.00   clock source latency
                  0.09    0.06    0.06 ^ clk_48 (in)
     1    0.02                           clk_48 (net)
                  0.09    0.00    0.06 ^ clkbuf_0_clk_48/A (sky130_fd_sc_hd__clkbuf_16)
                  0.12    0.19    0.25 ^ clkbuf_0_clk_48/X (sky130_fd_sc_hd__clkbuf_16)
    16    0.10                           clknet_0_clk_48 (net)
                  0.12    0.00    0.25 ^ clkbuf_4_3_0_clk_48/A (sky130_fd_sc_hd__clkbuf_8)
                  0.06    0.16    0.40 ^ clkbuf_4_3_0_clk_48/X (sky130_fd_sc_hd__clkbuf_8)
     8    0.02                           clknet_4_3_0_clk_48 (net)
                  0.06    0.00    0.40 ^ _1595_/CLK (sky130_fd_sc_hd__dfxtp_1)
                  0.07    0.32    0.73 v _1595_/Q (sky130_fd_sc_hd__dfxtp_1)
     3    0.01                           recv.d_filter.r[0] (net)
                  0.07    0.00    0.73 v _1596_/D (sky130_fd_sc_hd__dfxtp_1)
                                  0.73   data arrival time

                          0.00    0.00   clock clk_48 (rise edge)
                          0.00    0.00   clock source latency
                  0.09    0.06    0.06 ^ clk_48 (in)
     1    0.02                           clk_48 (net)
                  0.09    0.00    0.06 ^ clkbuf_0_clk_48/A (sky130_fd_sc_hd__clkbuf_16)
                  0.12    0.21    0.27 ^ clkbuf_0_clk_48/X (sky130_fd_sc_hd__clkbuf_16)
    16    0.10                           clknet_0_clk_48 (net)
                  0.12    0.00    0.27 ^ clkbuf_4_3_0_clk_48/A (sky130_fd_sc_hd__clkbuf_8)
                  0.06    0.17    0.45 ^ clkbuf_4_3_0_clk_48/X (sky130_fd_sc_hd__clkbuf_8)
     8    0.02                           clknet_4_3_0_clk_48 (net)
                  0.06    0.00    0.45 ^ _1596_/CLK (sky130_fd_sc_hd__dfxtp_1)
                          0.25    0.70   clock uncertainty
                         -0.04    0.65   clock reconvergence pessimism
                         -0.06    0.59   library hold time
                                  0.59   data required time
-----------------------------------------------------------------------------
                                  0.59   data required time
                                 -0.73   data arrival time
-----------------------------------------------------------------------------
                                  0.13   slack (MET)


