
===========================================================================
report_checks -path_delay min (Hold)
============================================================================
Startpoint: _1601_ (rising edge-triggered flip-flop clocked by clk_48)
Endpoint: _1458_ (removal check against rising-edge clock clk_48)
Path Group: **async_default**
Path Type: min

Fanout     Cap    Slew   Delay    Time   Description
-----------------------------------------------------------------------------
                  0.15    0.00    0.00   clock clk_48 (rise edge)
                          0.00    0.00   clock network delay (ideal)
                  0.15    0.00    0.00 ^ _1601_/CLK (sky130_fd_sc_hd__dfrtp_2)
                  0.12    0.42    0.42 ^ _1601_/Q (sky130_fd_sc_hd__dfrtp_2)
     6    0.02                           tx.state[0] (net)
                  0.12    0.00    0.42 ^ _0870_/A (sky130_fd_sc_hd__dlymetal6s2s_1)
                  0.19    0.20    0.62 ^ _0870_/X (sky130_fd_sc_hd__dlymetal6s2s_1)
     6    0.02                           _0400_ (net)
                  0.19    0.00    0.62 ^ _0930_/A (sky130_fd_sc_hd__clkbuf_2)
                  0.11    0.19    0.81 ^ _0930_/X (sky130_fd_sc_hd__clkbuf_2)
     6    0.02                           _0452_ (net)
                  0.11    0.00    0.81 ^ _0932_/A2 (sky130_fd_sc_hd__o31a_2)
                  0.14    0.22    1.03 ^ _0932_/X (sky130_fd_sc_hd__o31a_2)
     5    0.02                           tx.tx_crc.rst_n (net)
                  0.14    0.00    1.03 ^ _1458_/SET_B (sky130_fd_sc_hd__dfstp_1)
                                  1.03   data arrival time

                  0.15    0.00    0.00   clock clk_48 (rise edge)
                          0.00    0.00   clock network delay (ideal)
                          0.25    0.25   clock uncertainty
                          0.00    0.25   clock reconvergence pessimism
                                  0.25 ^ _1458_/CLK (sky130_fd_sc_hd__dfstp_1)
                          0.18    0.43   library removal time
                                  0.43   data required time
-----------------------------------------------------------------------------
                                  0.43   data required time
                                 -1.03   data arrival time
-----------------------------------------------------------------------------
                                  0.61   slack (MET)


Startpoint: _1601_ (rising edge-triggered flip-flop clocked by clk_48)
Endpoint: _1443_ (removal check against rising-edge clock clk_48)
Path Group: **async_default**
Path Type: min

Fanout     Cap    Slew   Delay    Time   Description
-----------------------------------------------------------------------------
                  0.15    0.00    0.00   clock clk_48 (rise edge)
                          0.00    0.00   clock network delay (ideal)
                  0.15    0.00    0.00 ^ _1601_/CLK (sky130_fd_sc_hd__dfrtp_2)
                  0.12    0.42    0.42 ^ _1601_/Q (sky130_fd_sc_hd__dfrtp_2)
     6    0.02                           tx.state[0] (net)
                  0.12    0.00    0.42 ^ _0870_/A (sky130_fd_sc_hd__dlymetal6s2s_1)
                  0.19    0.20    0.62 ^ _0870_/X (sky130_fd_sc_hd__dlymetal6s2s_1)
     6    0.02                           _0400_ (net)
                  0.19    0.00    0.62 ^ _0930_/A (sky130_fd_sc_hd__clkbuf_2)
                  0.11    0.19    0.81 ^ _0930_/X (sky130_fd_sc_hd__clkbuf_2)
     6    0.02                           _0452_ (net)
                  0.11    0.00    0.81 ^ _0932_/A2 (sky130_fd_sc_hd__o31a_2)
                  0.14    0.22    1.03 ^ _0932_/X (sky130_fd_sc_hd__o31a_2)
     5    0.02                           tx.tx_crc.rst_n (net)
                  0.14    0.00    1.03 ^ _1443_/SET_B (sky130_fd_sc_hd__dfstp_1)
                                  1.03   data arrival time

                  0.15    0.00    0.00   clock clk_48 (rise edge)
                          0.00    0.00   clock network delay (ideal)
                          0.25    0.25   clock uncertainty
                          0.00    0.25   clock reconvergence pessimism
                                  0.25 ^ _1443_/CLK (sky130_fd_sc_hd__dfstp_1)
                          0.18    0.43   library removal time
                                  0.43   data required time
-----------------------------------------------------------------------------
                                  0.43   data required time
                                 -1.03   data arrival time
-----------------------------------------------------------------------------
                                  0.61   slack (MET)


Startpoint: _1601_ (rising edge-triggered flip-flop clocked by clk_48)
Endpoint: _1457_ (removal check against rising-edge clock clk_48)
Path Group: **async_default**
Path Type: min

Fanout     Cap    Slew   Delay    Time   Description
-----------------------------------------------------------------------------
                  0.15    0.00    0.00   clock clk_48 (rise edge)
                          0.00    0.00   clock network delay (ideal)
                  0.15    0.00    0.00 ^ _1601_/CLK (sky130_fd_sc_hd__dfrtp_2)
                  0.12    0.42    0.42 ^ _1601_/Q (sky130_fd_sc_hd__dfrtp_2)
     6    0.02                           tx.state[0] (net)
                  0.12    0.00    0.42 ^ _0870_/A (sky130_fd_sc_hd__dlymetal6s2s_1)
                  0.19    0.20    0.62 ^ _0870_/X (sky130_fd_sc_hd__dlymetal6s2s_1)
     6    0.02                           _0400_ (net)
                  0.19    0.00    0.62 ^ _0930_/A (sky130_fd_sc_hd__clkbuf_2)
                  0.11    0.19    0.81 ^ _0930_/X (sky130_fd_sc_hd__clkbuf_2)
     6    0.02                           _0452_ (net)
                  0.11    0.00    0.81 ^ _0932_/A2 (sky130_fd_sc_hd__o31a_2)
                  0.14    0.22    1.03 ^ _0932_/X (sky130_fd_sc_hd__o31a_2)
     5    0.02                           tx.tx_crc.rst_n (net)
                  0.14    0.00    1.03 ^ _1457_/SET_B (sky130_fd_sc_hd__dfstp_1)
                                  1.03   data arrival time

                  0.15    0.00    0.00   clock clk_48 (rise edge)
                          0.00    0.00   clock network delay (ideal)
                          0.25    0.25   clock uncertainty
                          0.00    0.25   clock reconvergence pessimism
                                  0.25 ^ _1457_/CLK (sky130_fd_sc_hd__dfstp_1)
                          0.18    0.43   library removal time
                                  0.43   data required time
-----------------------------------------------------------------------------
                                  0.43   data required time
                                 -1.03   data arrival time
-----------------------------------------------------------------------------
                                  0.61   slack (MET)


Startpoint: _1601_ (rising edge-triggered flip-flop clocked by clk_48)
Endpoint: _1456_ (removal check against rising-edge clock clk_48)
Path Group: **async_default**
Path Type: min

Fanout     Cap    Slew   Delay    Time   Description
-----------------------------------------------------------------------------
                  0.15    0.00    0.00   clock clk_48 (rise edge)
                          0.00    0.00   clock network delay (ideal)
                  0.15    0.00    0.00 ^ _1601_/CLK (sky130_fd_sc_hd__dfrtp_2)
                  0.12    0.42    0.42 ^ _1601_/Q (sky130_fd_sc_hd__dfrtp_2)
     6    0.02                           tx.state[0] (net)
                  0.12    0.00    0.42 ^ _0870_/A (sky130_fd_sc_hd__dlymetal6s2s_1)
                  0.19    0.20    0.62 ^ _0870_/X (sky130_fd_sc_hd__dlymetal6s2s_1)
     6    0.02                           _0400_ (net)
                  0.19    0.00    0.62 ^ _0930_/A (sky130_fd_sc_hd__clkbuf_2)
                  0.11    0.19    0.81 ^ _0930_/X (sky130_fd_sc_hd__clkbuf_2)
     6    0.02                           _0452_ (net)
                  0.11    0.00    0.81 ^ _0932_/A2 (sky130_fd_sc_hd__o31a_2)
                  0.14    0.22    1.03 ^ _0932_/X (sky130_fd_sc_hd__o31a_2)
     5    0.02                           tx.tx_crc.rst_n (net)
                  0.14    0.00    1.03 ^ _1456_/SET_B (sky130_fd_sc_hd__dfstp_1)
                                  1.03   data arrival time

                  0.15    0.00    0.00   clock clk_48 (rise edge)
                          0.00    0.00   clock network delay (ideal)
                          0.25    0.25   clock uncertainty
                          0.00    0.25   clock reconvergence pessimism
                                  0.25 ^ _1456_/CLK (sky130_fd_sc_hd__dfstp_1)
                          0.18    0.43   library removal time
                                  0.43   data required time
-----------------------------------------------------------------------------
                                  0.43   data required time
                                 -1.03   data arrival time
-----------------------------------------------------------------------------
                                  0.61   slack (MET)


Startpoint: _1601_ (rising edge-triggered flip-flop clocked by clk_48)
Endpoint: _1444_ (removal check against rising-edge clock clk_48)
Path Group: **async_default**
Path Type: min

Fanout     Cap    Slew   Delay    Time   Description
-----------------------------------------------------------------------------
                  0.15    0.00    0.00   clock clk_48 (rise edge)
                          0.00    0.00   clock network delay (ideal)
                  0.15    0.00    0.00 ^ _1601_/CLK (sky130_fd_sc_hd__dfrtp_2)
                  0.12    0.42    0.42 ^ _1601_/Q (sky130_fd_sc_hd__dfrtp_2)
     6    0.02                           tx.state[0] (net)
                  0.12    0.00    0.42 ^ _0870_/A (sky130_fd_sc_hd__dlymetal6s2s_1)
                  0.19    0.20    0.62 ^ _0870_/X (sky130_fd_sc_hd__dlymetal6s2s_1)
     6    0.02                           _0400_ (net)
                  0.19    0.00    0.62 ^ _0930_/A (sky130_fd_sc_hd__clkbuf_2)
                  0.11    0.19    0.81 ^ _0930_/X (sky130_fd_sc_hd__clkbuf_2)
     6    0.02                           _0452_ (net)
                  0.11    0.00    0.81 ^ _0932_/A2 (sky130_fd_sc_hd__o31a_2)
                  0.14    0.22    1.03 ^ _0932_/X (sky130_fd_sc_hd__o31a_2)
     5    0.02                           tx.tx_crc.rst_n (net)
                  0.14    0.00    1.03 ^ repeater50/A (sky130_fd_sc_hd__clkbuf_2)
                  0.10    0.17    1.20 ^ repeater50/X (sky130_fd_sc_hd__clkbuf_2)
     5    0.02                           net50 (net)
                  0.10    0.00    1.20 ^ _1444_/SET_B (sky130_fd_sc_hd__dfstp_1)
                                  1.20   data arrival time

                  0.15    0.00    0.00   clock clk_48 (rise edge)
                          0.00    0.00   clock network delay (ideal)
                          0.25    0.25   clock uncertainty
                          0.00    0.25   clock reconvergence pessimism
                                  0.25 ^ _1444_/CLK (sky130_fd_sc_hd__dfstp_1)
                          0.18    0.43   library removal time
                                  0.43   data required time
-----------------------------------------------------------------------------
                                  0.43   data required time
                                 -1.20   data arrival time
-----------------------------------------------------------------------------
                                  0.78   slack (MET)


Startpoint: _1592_ (rising edge-triggered flip-flop clocked by clk_48)
Endpoint: _1593_ (rising edge-triggered flip-flop clocked by clk_48)
Path Group: clk_48
Path Type: min

Fanout     Cap    Slew   Delay    Time   Description
-----------------------------------------------------------------------------
                  0.15    0.00    0.00   clock clk_48 (rise edge)
                          0.00    0.00   clock network delay (ideal)
                  0.15    0.00    0.00 ^ _1592_/CLK (sky130_fd_sc_hd__dfxtp_1)
                  0.04    0.32    0.32 v _1592_/Q (sky130_fd_sc_hd__dfxtp_1)
     2    0.01                           recv.se0_filter.r[2] (net)
                  0.04    0.00    0.32 v _1593_/D (sky130_fd_sc_hd__dfxtp_1)
                                  0.32   data arrival time

                  0.15    0.00    0.00   clock clk_48 (rise edge)
                          0.00    0.00   clock network delay (ideal)
                          0.25    0.25   clock uncertainty
                          0.00    0.25   clock reconvergence pessimism
                                  0.25 ^ _1593_/CLK (sky130_fd_sc_hd__dfxtp_1)
                         -0.03    0.22   library hold time
                                  0.22   data required time
-----------------------------------------------------------------------------
                                  0.22   data required time
                                 -0.32   data arrival time
-----------------------------------------------------------------------------
                                  0.10   slack (MET)


Startpoint: _1596_ (rising edge-triggered flip-flop clocked by clk_48)
Endpoint: _1597_ (rising edge-triggered flip-flop clocked by clk_48)
Path Group: clk_48
Path Type: min

Fanout     Cap    Slew   Delay    Time   Description
-----------------------------------------------------------------------------
                  0.15    0.00    0.00   clock clk_48 (rise edge)
                          0.00    0.00   clock network delay (ideal)
                  0.15    0.00    0.00 ^ _1596_/CLK (sky130_fd_sc_hd__dfxtp_1)
                  0.05    0.33    0.33 v _1596_/Q (sky130_fd_sc_hd__dfxtp_1)
     3    0.01                           recv.d_filter.r[1] (net)
                  0.05    0.00    0.33 v _1597_/D (sky130_fd_sc_hd__dfxtp_2)
                                  0.33   data arrival time

                  0.15    0.00    0.00   clock clk_48 (rise edge)
                          0.00    0.00   clock network delay (ideal)
                          0.25    0.25   clock uncertainty
                          0.00    0.25   clock reconvergence pessimism
                                  0.25 ^ _1597_/CLK (sky130_fd_sc_hd__dfxtp_2)
                         -0.02    0.23   library hold time
                                  0.23   data required time
-----------------------------------------------------------------------------
                                  0.23   data required time
                                 -0.33   data arrival time
-----------------------------------------------------------------------------
                                  0.10   slack (MET)


Startpoint: _1591_ (rising edge-triggered flip-flop clocked by clk_48)
Endpoint: _1592_ (rising edge-triggered flip-flop clocked by clk_48)
Path Group: clk_48
Path Type: min

Fanout     Cap    Slew   Delay    Time   Description
-----------------------------------------------------------------------------
                  0.15    0.00    0.00   clock clk_48 (rise edge)
                          0.00    0.00   clock network delay (ideal)
                  0.15    0.00    0.00 ^ _1591_/CLK (sky130_fd_sc_hd__dfxtp_1)
                  0.07    0.35    0.35 v _1591_/Q (sky130_fd_sc_hd__dfxtp_1)
     4    0.01                           recv.se0_filter.r[1] (net)
                  0.07    0.00    0.35 v _1592_/D (sky130_fd_sc_hd__dfxtp_1)
                                  0.35   data arrival time

                  0.15    0.00    0.00   clock clk_48 (rise edge)
                          0.00    0.00   clock network delay (ideal)
                          0.25    0.25   clock uncertainty
                          0.00    0.25   clock reconvergence pessimism
                                  0.25 ^ _1592_/CLK (sky130_fd_sc_hd__dfxtp_1)
                         -0.04    0.21   library hold time
                                  0.21   data required time
-----------------------------------------------------------------------------
                                  0.21   data required time
                                 -0.35   data arrival time
-----------------------------------------------------------------------------
                                  0.14   slack (MET)


Startpoint: _1595_ (rising edge-triggered flip-flop clocked by clk_48)
Endpoint: _1596_ (rising edge-triggered flip-flop clocked by clk_48)
Path Group: clk_48
Path Type: min

Fanout     Cap    Slew   Delay    Time   Description
-----------------------------------------------------------------------------
                  0.15    0.00    0.00   clock clk_48 (rise edge)
                          0.00    0.00   clock network delay (ideal)
                  0.15    0.00    0.00 ^ _1595_/CLK (sky130_fd_sc_hd__dfxtp_1)
                  0.07    0.35    0.35 v _1595_/Q (sky130_fd_sc_hd__dfxtp_1)
     3    0.01                           recv.d_filter.r[0] (net)
                  0.07    0.00    0.35 v _1596_/D (sky130_fd_sc_hd__dfxtp_1)
                                  0.35   data arrival time

                  0.15    0.00    0.00   clock clk_48 (rise edge)
                          0.00    0.00   clock network delay (ideal)
                          0.25    0.25   clock uncertainty
                          0.00    0.25   clock reconvergence pessimism
                                  0.25 ^ _1596_/CLK (sky130_fd_sc_hd__dfxtp_1)
                         -0.04    0.21   library hold time
                                  0.21   data required time
-----------------------------------------------------------------------------
                                  0.21   data required time
                                 -0.35   data arrival time
-----------------------------------------------------------------------------
                                  0.14   slack (MET)


Startpoint: _1593_ (rising edge-triggered flip-flop clocked by clk_48)
Endpoint: _1594_ (rising edge-triggered flip-flop clocked by clk_48)
Path Group: clk_48
Path Type: min

Fanout     Cap    Slew   Delay    Time   Description
-----------------------------------------------------------------------------
                  0.15    0.00    0.00   clock clk_48 (rise edge)
                          0.00    0.00   clock network delay (ideal)
                  0.15    0.00    0.00 ^ _1593_/CLK (sky130_fd_sc_hd__dfxtp_1)
                  0.07    0.35    0.35 v _1593_/Q (sky130_fd_sc_hd__dfxtp_1)
     5    0.01                           recv.se0_filter.r[3] (net)
                  0.07    0.00    0.35 v _1594_/D (sky130_fd_sc_hd__dfxtp_1)
                                  0.35   data arrival time

                  0.15    0.00    0.00   clock clk_48 (rise edge)
                          0.00    0.00   clock network delay (ideal)
                          0.25    0.25   clock uncertainty
                          0.00    0.25   clock reconvergence pessimism
                                  0.25 ^ _1594_/CLK (sky130_fd_sc_hd__dfxtp_1)
                         -0.04    0.21   library hold time
                                  0.21   data required time
-----------------------------------------------------------------------------
                                  0.21   data required time
                                 -0.35   data arrival time
-----------------------------------------------------------------------------
                                  0.14   slack (MET)


