OpenROAD 0b8b7ae255f8fbbbefa57d443949b84e73eed757 
This program is licensed under the BSD-3 license. See the LICENSE file for details.
Components of this program may be licensed under more restrictive licenses which must be honored.
[INFO ODB-0222] Reading LEF file: /openlane/designs/usb/runs/prueba21/tmp/merged.unpadded.nom.lef
[INFO ODB-0223]     Created 13 technology layers
[INFO ODB-0224]     Created 25 technology vias
[INFO ODB-0225]     Created 441 library cells
[INFO ODB-0226] Finished LEF file:  /openlane/designs/usb/runs/prueba21/tmp/merged.unpadded.nom.lef
[INFO ODB-0127] Reading DEF file: /openlane/designs/usb/runs/prueba21/tmp/placement/8-resizer.def
[INFO ODB-0128] Design: usb
[INFO ODB-0130]     Created 46 pins.
[INFO ODB-0131]     Created 1481 components and 8660 component-terminals.
[INFO ODB-0132]     Created 2 special nets and 5180 connections.
[INFO ODB-0133]     Created 1012 nets and 3480 connections.
[INFO ODB-0134] Finished DEF file: /openlane/designs/usb/runs/prueba21/tmp/placement/8-resizer.def
Placement Analysis
---------------------------------
total displacement          0.0 u
average displacement        0.0 u
max displacement            0.0 u
original HPWL           24135.0 u
legalized HPWL          24802.4 u
delta HPWL                    3 %

[INFO DPL-0020] Mirrored 377 instances
[INFO DPL-0021] HPWL before           24802.4 u
[INFO DPL-0022] HPWL after            24135.0 u
[INFO DPL-0023] HPWL delta               -2.7 %
