[INFO]: Preparing LEF files for the nom corner...
[INFO]: Preparing LEF files for the min corner...
[INFO]: Preparing LEF files for the max corner...
[INFO]: Running Synthesis...
[INFO]: Running Single-Corner Static Timing Analysis...
[INFO]: Preparing LEF files for the nom corner...
[INFO]: Preparing LEF files for the min corner...
[INFO]: Preparing LEF files for the max corner...
[INFO]: Preparing LEF files for the nom corner...
[INFO]: Preparing LEF files for the min corner...
[INFO]: Preparing LEF files for the max corner...
[INFO]: Running Synthesis...
[WARNING]: A netlist at /openlane/designs/usb/runs/prueba26/results/synthesis/usb.v already exists. Synthesis will be skipped.
[INFO]: Running Single-Corner Static Timing Analysis...
[ERROR]: during executing openroad script /openlane/scripts/openroad/sta.tcl
[ERROR]: Exit code: 1
[ERROR]: full log: designs/usb/runs/prueba26/logs/synthesis/4-sta.log
[ERROR]: Last 10 lines:
                                 14.67   data required time
                                 -1.78   data arrival time
-----------------------------------------------------------------------------
                                 12.89   slack (MET)


_1626_
[ERROR STA-0516] unsupported instance -filter expression.
Error: sta.tcl, 113 STA-0516
child process exited abnormally

[INFO]: Saving runtime environment...
[INFO]: Creating reproducible...
[ERROR]: Failed to package reproducible.
[INFO]: Saving current set of views in 'designs/usb/runs/prueba26/results/final'...
[INFO]: Generating final set of reports...
[INFO]: Created manufacturability report at 'designs/usb/runs/prueba26/reports/manufacturability.rpt'.
[INFO]: Created metrics report at 'designs/usb/runs/prueba26/reports/metrics.csv'.
[INFO]: Saving runtime environment...
[ERROR]: Flow failed.
[INFO]: The failure may have been because of the following warnings:
