Wed Apr 26 21:30:04 UTC 2023 - Executing "openroad -python /openlane/scripts/odbpy/lefutil.py get_metal_layers -o /openlane/designs/usb/runs/prueba28/tmp/layers.list /home/licit/OpenLane/pdks/sky130A/libs.ref/sky130_fd_sc_hd/techlef/sky130_fd_sc_hd__nom.tlef"

Wed Apr 26 21:30:04 UTC 2023 - Executing "/openlane/scripts/mergeLef.py -o /openlane/designs/usb/runs/prueba28/tmp/merged.unpadded.nom.lef -i /home/licit/OpenLane/pdks/sky130A/libs.ref/sky130_fd_sc_hd/techlef/sky130_fd_sc_hd__nom.tlef /home/licit/OpenLane/pdks/sky130A/libs.ref/sky130_fd_sc_hd/lef/sky130_fd_sc_hd.lef |& tee /dev/null"

Wed Apr 26 21:30:04 UTC 2023 - Executing "/openlane/scripts/mergeLef.py -o /openlane/designs/usb/runs/prueba28/tmp/merged.unpadded.min.lef -i /home/licit/OpenLane/pdks/sky130A/libs.ref/sky130_fd_sc_hd/techlef/sky130_fd_sc_hd__min.tlef /home/licit/OpenLane/pdks/sky130A/libs.ref/sky130_fd_sc_hd/lef/sky130_fd_sc_hd.lef |& tee /dev/null"

Wed Apr 26 21:30:04 UTC 2023 - Executing "/openlane/scripts/mergeLef.py -o /openlane/designs/usb/runs/prueba28/tmp/merged.unpadded.max.lef -i /home/licit/OpenLane/pdks/sky130A/libs.ref/sky130_fd_sc_hd/techlef/sky130_fd_sc_hd__max.tlef /home/licit/OpenLane/pdks/sky130A/libs.ref/sky130_fd_sc_hd/lef/sky130_fd_sc_hd.lef |& tee /dev/null"

Wed Apr 26 21:30:04 UTC 2023 - Executing "openroad -python /openlane/scripts/mergeLib.py --output /openlane/designs/usb/runs/prueba28/tmp/synthesis/merged.lib --name sky130A_merged /home/licit/OpenLane/pdks/sky130A/libs.ref/sky130_fd_sc_hd/lib/sky130_fd_sc_hd__tt_025C_1v80.lib"

Wed Apr 26 21:30:05 UTC 2023 - Executing "openroad -python /openlane/scripts/libtrim.py --cell-file /openlane/designs/usb/runs/prueba28/tmp/synthesis/trimmed.lib.exclude.list --output /openlane/designs/usb/runs/prueba28/tmp/synthesis/trimmed.lib /openlane/designs/usb/runs/prueba28/tmp/synthesis/merged.lib"

Wed Apr 26 21:30:05 UTC 2023 - Executing "openroad -python /openlane/scripts/new_tracks.py -i /home/licit/OpenLane/pdks/sky130A/libs.tech/openlane/sky130_fd_sc_hd/tracks.info -o /openlane/designs/usb/runs/prueba28/tmp/routing/config.tracks"

Wed Apr 26 21:30:05 UTC 2023 - Executing "echo {openlane ebad315d1def25d9d253eb2ec1c56d7b4e59d7ca} > /openlane/designs/usb/runs/prueba28/OPENLANE_VERSION"

Wed Apr 26 21:30:05 UTC 2023 - Executing "sed -E {s/^([[:space:]]+)pg_pin(.*)/\1pin\2\n\1    direction : "inout";/g} /home/licit/OpenLane/pdks/sky130A/libs.ref/sky130_fd_sc_hd/lib/sky130_fd_sc_hd__tt_025C_1v80.lib > /openlane/designs/usb/runs/prueba28/tmp/synthesis/1-sky130_fd_sc_hd__tt_025C_1v80.no_pg.lib"

Wed Apr 26 21:30:05 UTC 2023 - Executing "sed -E {s/^([[:space:]]+)pg_pin(.*)/\1pin\2\n\1    direction : "inout";/g} /openlane/designs/usb/runs/prueba28/tmp/synthesis/trimmed.lib > /openlane/designs/usb/runs/prueba28/tmp/synthesis/1-trimmed.no_pg.lib"

Wed Apr 26 21:30:05 UTC 2023 - Executing "yosys -c /openlane/scripts/yosys/synth.tcl -l /openlane/designs/usb/runs/prueba28/logs/synthesis/1-synthesis.log |& tee /dev/null"

Wed Apr 26 21:30:08 UTC 2023 - Executing "sed -i -e {s/\(set ::env(CURRENT_NETLIST)\).*/\1 \/openlane\/designs\/usb\/runs\/prueba28\/results\/synthesis\/usb.v/} /openlane/designs/usb/runs/prueba28/config.tcl"

Wed Apr 26 21:30:08 UTC 2023 - Executing "sed -i -e {s/\(set ::env(PREV_NETLIST)\).*/\1 0/} /openlane/designs/usb/runs/prueba28/config.tcl"

Wed Apr 26 21:30:08 UTC 2023 - Executing "sed -i /defparam/d /openlane/designs/usb/runs/prueba28/results/synthesis/usb.v"

Wed Apr 26 21:30:08 UTC 2023 - Executing "openroad -exit /openlane/scripts/openroad/sta.tcl |& tee /dev/null /openlane/designs/usb/runs/prueba28/logs/synthesis/2-sta.log"

Wed Apr 26 21:30:08 UTC 2023 - Executing "openroad -exit /openlane/scripts/openroad/floorplan.tcl |& tee /dev/null /openlane/designs/usb/runs/prueba28/logs/floorplan/3-initial_fp.log"

Wed Apr 26 21:30:09 UTC 2023 - Executing "openroad -python /openlane/scripts/odbpy/defutil.py extract_core_dims --output-data /openlane/designs/usb/runs/prueba28/tmp/dimensions.txt --input-lef /openlane/designs/usb/runs/prueba28/tmp/merged.nom.lef /openlane/designs/usb/runs/prueba28/tmp/floorplan/3-initial_fp.def"

Wed Apr 26 21:30:09 UTC 2023 - Executing "openroad -exit /openlane/scripts/openroad/ioplacer.tcl |& tee /dev/null /openlane/designs/usb/runs/prueba28/logs/floorplan/4-io.log"

Wed Apr 26 21:30:09 UTC 2023 - Executing "openroad -exit /openlane/scripts/openroad/tapcell.tcl |& tee /dev/null /openlane/designs/usb/runs/prueba28/logs/floorplan/5-tap.log"

Wed Apr 26 21:30:10 UTC 2023 - Executing "openroad -exit /openlane/scripts/openroad/pdn.tcl |& tee /dev/null /openlane/designs/usb/runs/prueba28/logs/floorplan/6-pdn.log"

Wed Apr 26 21:30:10 UTC 2023 - Executing "openroad -exit /openlane/scripts/openroad/replace.tcl |& tee /dev/null /openlane/designs/usb/runs/prueba28/logs/placement/7-global.log"

Wed Apr 26 21:30:14 UTC 2023 - Executing "openroad -python /openlane/scripts/generate_reports.py -d /openlane/designs/usb --design_name usb --tag prueba28 --output_file /openlane/designs/usb/runs/prueba28/reports/metrics.csv --man_report /openlane/designs/usb/runs/prueba28/reports/manufacturability.rpt --run_path /openlane/designs/usb/runs/prueba28"

