[INFO]: Preparing LEF files for the nom corner...
[INFO]: Preparing LEF files for the min corner...
[INFO]: Preparing LEF files for the max corner...
[INFO]: Running Synthesis...
[INFO]: Running Single-Corner Static Timing Analysis...
[INFO]: Running Initial Floorplanning...
[WARNING]: Current core area is too small for a power grid. The power grid will be minimized.
[INFO]: Extracting core dimensions...
[INFO]: Set CORE_WIDTH to 163.76, CORE_HEIGHT to 163.2.
[INFO]: Running IO Placement...
[INFO]: Running Tap/Decap Insertion...
[INFO]: Power planning with power {VPWR} and ground {VGND}...
[INFO]: Generating PDN...
[INFO]: Running Global Placement...
[ERROR]: during executing openroad script /openlane/scripts/openroad/replace.tcl
[ERROR]: Exit code: 1
[ERROR]: full log: designs/usb/runs/prueba28/logs/placement/7-global.log
[ERROR]: Last 10 lines:
                                 14.67   data required time
                                 -1.84   data arrival time
-----------------------------------------------------------------------------
                                 12.83   slack (MET)


_1626_
[ERROR STA-0516] unsupported instance -filter expression.
Error: sta.tcl, 117 STA-0516
child process exited abnormally

[INFO]: Saving runtime environment...
[INFO]: Creating reproducible...
[INFO]: Reproducible packaged: Please tarball and upload designs/usb/runs/prueba28/issue_reproducible if you're going to submit an issue.
[INFO]: Saving current set of views in 'designs/usb/runs/prueba28/results/final'...
[INFO]: Generating final set of reports...
[INFO]: Created manufacturability report at 'designs/usb/runs/prueba28/reports/manufacturability.rpt'.
[INFO]: Created metrics report at 'designs/usb/runs/prueba28/reports/metrics.csv'.
[INFO]: Saving runtime environment...
[ERROR]: Flow failed.
[INFO]: The failure may have been because of the following warnings:
