Wed May 03 23:26:00 UTC 2023 - Executing "openroad -python /openlane/scripts/odbpy/lefutil.py get_metal_layers -o /openlane/designs/usb/runs/prueba37/tmp/layers.list /home/licit/OpenLane/pdks/sky130A/libs.ref/sky130_fd_sc_hd/techlef/sky130_fd_sc_hd__nom.tlef"

Wed May 03 23:26:00 UTC 2023 - Executing "/openlane/scripts/mergeLef.py -o /openlane/designs/usb/runs/prueba37/tmp/merged.unpadded.nom.lef -i /home/licit/OpenLane/pdks/sky130A/libs.ref/sky130_fd_sc_hd/techlef/sky130_fd_sc_hd__nom.tlef /home/licit/OpenLane/pdks/sky130A/libs.ref/sky130_fd_sc_hd/lef/sky130_fd_sc_hd.lef |& tee /dev/null"

Wed May 03 23:26:00 UTC 2023 - Executing "/openlane/scripts/mergeLef.py -o /openlane/designs/usb/runs/prueba37/tmp/merged.unpadded.min.lef -i /home/licit/OpenLane/pdks/sky130A/libs.ref/sky130_fd_sc_hd/techlef/sky130_fd_sc_hd__min.tlef /home/licit/OpenLane/pdks/sky130A/libs.ref/sky130_fd_sc_hd/lef/sky130_fd_sc_hd.lef |& tee /dev/null"

Wed May 03 23:26:00 UTC 2023 - Executing "/openlane/scripts/mergeLef.py -o /openlane/designs/usb/runs/prueba37/tmp/merged.unpadded.max.lef -i /home/licit/OpenLane/pdks/sky130A/libs.ref/sky130_fd_sc_hd/techlef/sky130_fd_sc_hd__max.tlef /home/licit/OpenLane/pdks/sky130A/libs.ref/sky130_fd_sc_hd/lef/sky130_fd_sc_hd.lef |& tee /dev/null"

Wed May 03 23:26:00 UTC 2023 - Executing "openroad -python /openlane/scripts/mergeLib.py --output /openlane/designs/usb/runs/prueba37/tmp/synthesis/merged.lib --name sky130A_merged /home/licit/OpenLane/pdks/sky130A/libs.ref/sky130_fd_sc_hd/lib/sky130_fd_sc_hd__tt_025C_1v80.lib"

Wed May 03 23:26:01 UTC 2023 - Executing "openroad -python /openlane/scripts/libtrim.py --cell-file /openlane/designs/usb/runs/prueba37/tmp/synthesis/trimmed.lib.exclude.list --output /openlane/designs/usb/runs/prueba37/tmp/synthesis/trimmed.lib /openlane/designs/usb/runs/prueba37/tmp/synthesis/merged.lib"

Wed May 03 23:26:01 UTC 2023 - Executing "openroad -python /openlane/scripts/new_tracks.py -i /home/licit/OpenLane/pdks/sky130A/libs.tech/openlane/sky130_fd_sc_hd/tracks.info -o /openlane/designs/usb/runs/prueba37/tmp/routing/config.tracks"

Wed May 03 23:26:01 UTC 2023 - Executing "echo {openlane ebad315d1def25d9d253eb2ec1c56d7b4e59d7ca} > /openlane/designs/usb/runs/prueba37/OPENLANE_VERSION"

Wed May 03 23:26:01 UTC 2023 - Executing "sed -E {s/^([[:space:]]+)pg_pin(.*)/\1pin\2\n\1    direction : "inout";/g} /home/licit/OpenLane/pdks/sky130A/libs.ref/sky130_fd_sc_hd/lib/sky130_fd_sc_hd__tt_025C_1v80.lib > /openlane/designs/usb/runs/prueba37/tmp/synthesis/1-sky130_fd_sc_hd__tt_025C_1v80.no_pg.lib"

Wed May 03 23:26:02 UTC 2023 - Executing "sed -E {s/^([[:space:]]+)pg_pin(.*)/\1pin\2\n\1    direction : "inout";/g} /openlane/designs/usb/runs/prueba37/tmp/synthesis/trimmed.lib > /openlane/designs/usb/runs/prueba37/tmp/synthesis/1-trimmed.no_pg.lib"

Wed May 03 23:26:02 UTC 2023 - Executing "yosys -c /openlane/scripts/yosys/synth.tcl -l /openlane/designs/usb/runs/prueba37/logs/synthesis/1-synthesis.log |& tee /dev/null"

Wed May 03 23:26:04 UTC 2023 - Executing "sed -i -e {s/\(set ::env(CURRENT_NETLIST)\).*/\1 \/openlane\/designs\/usb\/runs\/prueba37\/results\/synthesis\/usb.v/} /openlane/designs/usb/runs/prueba37/config.tcl"

Wed May 03 23:26:04 UTC 2023 - Executing "sed -i -e {s/\(set ::env(PREV_NETLIST)\).*/\1 0/} /openlane/designs/usb/runs/prueba37/config.tcl"

Wed May 03 23:26:04 UTC 2023 - Executing "sed -i /defparam/d /openlane/designs/usb/runs/prueba37/results/synthesis/usb.v"

Wed May 03 23:26:04 UTC 2023 - Executing "openroad -exit /openlane/scripts/openroad/sta.tcl |& tee /dev/null /openlane/designs/usb/runs/prueba37/logs/synthesis/2-sta.log"

Wed May 03 23:26:05 UTC 2023 - Executing "openroad -exit /openlane/scripts/openroad/floorplan.tcl |& tee /dev/null /openlane/designs/usb/runs/prueba37/logs/floorplan/3-initial_fp.log"

Wed May 03 23:26:05 UTC 2023 - Executing "openroad -python /openlane/scripts/odbpy/defutil.py extract_core_dims --output-data /openlane/designs/usb/runs/prueba37/tmp/dimensions.txt --input-lef /openlane/designs/usb/runs/prueba37/tmp/merged.nom.lef /openlane/designs/usb/runs/prueba37/tmp/floorplan/3-initial_fp.def"

Wed May 03 23:26:05 UTC 2023 - Executing "openroad -exit /openlane/scripts/openroad/ioplacer.tcl |& tee /dev/null /openlane/designs/usb/runs/prueba37/logs/floorplan/4-io.log"

Wed May 03 23:26:06 UTC 2023 - Executing "openroad -exit /openlane/scripts/openroad/tapcell.tcl |& tee /dev/null /openlane/designs/usb/runs/prueba37/logs/floorplan/5-tap.log"

Wed May 03 23:26:06 UTC 2023 - Executing "openroad -exit /openlane/scripts/openroad/pdn.tcl |& tee /dev/null /openlane/designs/usb/runs/prueba37/logs/floorplan/6-pdn.log"

Wed May 03 23:26:07 UTC 2023 - Executing "openroad -exit /openlane/scripts/openroad/replace.tcl |& tee /dev/null /openlane/designs/usb/runs/prueba37/logs/placement/7-global.log"

Wed May 03 23:26:10 UTC 2023 - Executing "openroad -exit /openlane/scripts/openroad/resizer.tcl |& tee /dev/null /openlane/designs/usb/runs/prueba37/logs/placement/8-resizer.log"

Wed May 03 23:26:11 UTC 2023 - Executing "openroad -exit /openlane/scripts/openroad/write_verilog.tcl |& tee /dev/null /openlane/designs/usb/runs/prueba37/logs/placement/9-write_verilog.log"

Wed May 03 23:26:11 UTC 2023 - Executing "sed -i -e {s/\(set ::env(CURRENT_NETLIST)\).*/\1 \/openlane\/designs\/usb\/runs\/prueba37\/results\/placement\/usb.resized.v/} /openlane/designs/usb/runs/prueba37/config.tcl"

Wed May 03 23:26:11 UTC 2023 - Executing "sed -i -e {s/\(set ::env(PREV_NETLIST)\).*/\1 \/openlane\/designs\/usb\/runs\/prueba37\/results\/synthesis\/usb.v/} /openlane/designs/usb/runs/prueba37/config.tcl"

Wed May 03 23:26:11 UTC 2023 - Executing "openroad -exit /openlane/scripts/openroad/opendp.tcl |& tee /dev/null /openlane/designs/usb/runs/prueba37/logs/placement/10-detailed.log"

Wed May 03 23:26:12 UTC 2023 - Executing "openroad -python /openlane/scripts/libtrim.py --cell-file /openlane/designs/usb/runs/prueba37/tmp/cts/cts.lib.exclude.list --output /openlane/designs/usb/runs/prueba37/tmp/cts/cts.lib /home/licit/OpenLane/pdks/sky130A/libs.ref/sky130_fd_sc_hd/lib/sky130_fd_sc_hd__tt_025C_1v80.lib"

Wed May 03 23:26:12 UTC 2023 - Executing "openroad -exit /openlane/scripts/openroad/cts.tcl |& tee /dev/null /openlane/designs/usb/runs/prueba37/logs/cts/11-cts.log"

Wed May 03 23:26:43 UTC 2023 - Executing "openroad -exit /openlane/scripts/openroad/write_verilog.tcl |& tee /dev/null /openlane/designs/usb/runs/prueba37/logs/cts/12-write_verilog.log"

Wed May 03 23:26:44 UTC 2023 - Executing "sed -i -e {s/\(set ::env(CURRENT_NETLIST)\).*/\1 \/openlane\/designs\/usb\/runs\/prueba37\/results\/cts\/usb.v/} /openlane/designs/usb/runs/prueba37/config.tcl"

Wed May 03 23:26:44 UTC 2023 - Executing "sed -i -e {s/\(set ::env(PREV_NETLIST)\).*/\1 \/openlane\/designs\/usb\/runs\/prueba37\/results\/placement\/usb.resized.v/} /openlane/designs/usb/runs/prueba37/config.tcl"

Wed May 03 23:26:44 UTC 2023 - Executing "openroad -exit /openlane/scripts/openroad/resizer_timing.tcl |& tee /dev/null /openlane/designs/usb/runs/prueba37/logs/cts/13-resizer.log"

Wed May 03 23:26:45 UTC 2023 - Executing "openroad -exit /openlane/scripts/openroad/write_verilog.tcl |& tee /dev/null /openlane/designs/usb/runs/prueba37/logs/cts/14-write_verilog.log"

Wed May 03 23:26:45 UTC 2023 - Executing "sed -i -e {s/\(set ::env(CURRENT_NETLIST)\).*/\1 \/openlane\/designs\/usb\/runs\/prueba37\/results\/cts\/usb.resized.v/} /openlane/designs/usb/runs/prueba37/config.tcl"

Wed May 03 23:26:45 UTC 2023 - Executing "sed -i -e {s/\(set ::env(PREV_NETLIST)\).*/\1 \/openlane\/designs\/usb\/runs\/prueba37\/results\/cts\/usb.v/} /openlane/designs/usb/runs/prueba37/config.tcl"

Wed May 03 23:26:45 UTC 2023 - Executing "openroad -exit /openlane/scripts/openroad/resizer_routing_timing.tcl |& tee /dev/null /openlane/designs/usb/runs/prueba37/logs/routing/15-resizer.log"

Wed May 03 23:26:46 UTC 2023 - Executing "openroad -exit /openlane/scripts/openroad/write_verilog.tcl |& tee /dev/null /openlane/designs/usb/runs/prueba37/logs/routing/16-write_verilog.log"

Wed May 03 23:26:46 UTC 2023 - Executing "sed -i -e {s/\(set ::env(CURRENT_NETLIST)\).*/\1 \/openlane\/designs\/usb\/runs\/prueba37\/results\/routing\/usb.resized.v/} /openlane/designs/usb/runs/prueba37/config.tcl"

Wed May 03 23:26:46 UTC 2023 - Executing "sed -i -e {s/\(set ::env(PREV_NETLIST)\).*/\1 \/openlane\/designs\/usb\/runs\/prueba37\/results\/cts\/usb.resized.v/} /openlane/designs/usb/runs/prueba37/config.tcl"

Wed May 03 23:26:46 UTC 2023 - Executing "openroad -exit /openlane/scripts/openroad/opendp.tcl |& tee /dev/null /openlane/designs/usb/runs/prueba37/logs/routing/17-diode_legalization.log"

Wed May 03 23:26:46 UTC 2023 - Executing "openroad -exit /openlane/scripts/openroad/groute.tcl |& tee /dev/null /openlane/designs/usb/runs/prueba37/logs/routing/18-global.log"

Wed May 03 23:26:48 UTC 2023 - Executing "openroad -exit /openlane/scripts/openroad/fill.tcl |& tee /dev/null /openlane/designs/usb/runs/prueba37/logs/routing/19-fill.log"

Wed May 03 23:26:48 UTC 2023 - Executing "openroad -exit /openlane/scripts/openroad/write_verilog.tcl |& tee /dev/null /openlane/designs/usb/runs/prueba37/logs/routing/20-write_verilog_global.log"

Wed May 03 23:26:48 UTC 2023 - Executing "sed -i -e {s/\(set ::env(CURRENT_NETLIST)\).*/\1 \/openlane\/designs\/usb\/runs\/prueba37\/tmp\/routing\/19-global.v/} /openlane/designs/usb/runs/prueba37/config.tcl"

Wed May 03 23:26:48 UTC 2023 - Executing "sed -i -e {s/\(set ::env(PREV_NETLIST)\).*/\1 \/openlane\/designs\/usb\/runs\/prueba37\/results\/routing\/usb.resized.v/} /openlane/designs/usb/runs/prueba37/config.tcl"

Wed May 03 23:26:48 UTC 2023 - Executing "openroad -exit /openlane/scripts/openroad/droute.tcl |& tee /dev/null /openlane/designs/usb/runs/prueba37/logs/routing/21-detailed.log"

Wed May 03 23:27:30 UTC 2023 - Executing "openroad -python /openlane/scripts/drc_rosetta.py tr to_klayout -o /openlane/designs/usb/runs/prueba37/reports/routing/detailed.klayout.xml --design-name usb /openlane/designs/usb/runs/prueba37/reports/routing/detailed.drc"

Wed May 03 23:27:30 UTC 2023 - Executing "openroad -exit /openlane/scripts/openroad/write_verilog.tcl |& tee /dev/null /openlane/designs/usb/runs/prueba37/logs/routing/22-write_verilog_detailed.log"

Wed May 03 23:27:30 UTC 2023 - Executing "sed -i -e {s/\(set ::env(CURRENT_NETLIST)\).*/\1 \/openlane\/designs\/usb\/runs\/prueba37\/tmp\/routing\/21-detailed.v/} /openlane/designs/usb/runs/prueba37/config.tcl"

Wed May 03 23:27:30 UTC 2023 - Executing "sed -i -e {s/\(set ::env(PREV_NETLIST)\).*/\1 \/openlane\/designs\/usb\/runs\/prueba37\/tmp\/routing\/19-global.v/} /openlane/designs/usb/runs/prueba37/config.tcl"

Wed May 03 23:27:30 UTC 2023 - Executing "openroad -exit /openlane/scripts/openroad/rcx.tcl |& tee /dev/null /openlane/designs/usb/runs/prueba37/logs/signoff/23-parasitics_extraction.min.log"

Wed May 03 23:27:31 UTC 2023 - Executing "openroad -exit /openlane/scripts/openroad/sta_multi_corner.tcl |& tee /dev/null /openlane/designs/usb/runs/prueba37/logs/signoff/24-parasitics_multi_corner_sta.min.log"

Wed May 03 23:27:34 UTC 2023 - Executing "openroad -exit /openlane/scripts/openroad/rcx.tcl |& tee /dev/null /openlane/designs/usb/runs/prueba37/logs/signoff/25-parasitics_extraction.max.log"

Wed May 03 23:27:35 UTC 2023 - Executing "openroad -exit /openlane/scripts/openroad/sta_multi_corner.tcl |& tee /dev/null /openlane/designs/usb/runs/prueba37/logs/signoff/26-parasitics_multi_corner_sta.max.log"

Wed May 03 23:27:38 UTC 2023 - Executing "openroad -exit /openlane/scripts/openroad/rcx.tcl |& tee /dev/null /openlane/designs/usb/runs/prueba37/logs/signoff/27-parasitics_extraction.nom.log"

Wed May 03 23:27:39 UTC 2023 - Executing "openroad -exit /openlane/scripts/openroad/sta.tcl |& tee /dev/null /openlane/designs/usb/runs/prueba37/logs/signoff/28-parasitics_sta.log"

Wed May 03 23:27:40 UTC 2023 - Executing "openroad -exit /openlane/scripts/openroad/sta_multi_corner.tcl |& tee /dev/null /openlane/designs/usb/runs/prueba37/logs/signoff/29-parasitics_multi_corner_sta.log"

Wed May 03 23:27:43 UTC 2023 - Executing "magic -noconsole -dnull -rcfile /home/licit/OpenLane/pdks/sky130A/libs.tech/magic/sky130A.magicrc < /openlane/scripts/magic/mag_gds.tcl |& tee /dev/null /openlane/designs/usb/runs/prueba37/logs/signoff/30-gdsii.log"

Wed May 03 23:27:43 UTC 2023 - Executing "magic -noconsole -dnull -rcfile /home/licit/OpenLane/pdks/sky130A/libs.tech/magic/sky130A.magicrc < /openlane/scripts/magic/gds_pointers.tcl |& tee /dev/null /openlane/designs/usb/runs/prueba37/logs/signoff/30-gds_ptrs.log"

