
===========================================================================
 report_check_types -max_slew -max_cap -max_fanout -violators
============================================================================
max slew

Pin                                    Limit    Slew   Slack
------------------------------------------------------------
rst_n                                   1.50    1.56   -0.06 (VIOLATED)
_1433_/RESET_B                          1.50    1.56   -0.06 (VIOLATED)
_1434_/RESET_B                          1.50    1.56   -0.06 (VIOLATED)
_1436_/RESET_B                          1.50    1.56   -0.06 (VIOLATED)
_1437_/RESET_B                          1.50    1.56   -0.06 (VIOLATED)
_1438_/RESET_B                          1.50    1.56   -0.06 (VIOLATED)
_1439_/RESET_B                          1.50    1.56   -0.06 (VIOLATED)
_1440_/RESET_B                          1.50    1.56   -0.06 (VIOLATED)
_1441_/RESET_B                          1.50    1.56   -0.06 (VIOLATED)
_1442_/RESET_B                          1.50    1.56   -0.06 (VIOLATED)
_1459_/RESET_B                          1.50    1.56   -0.06 (VIOLATED)
_1460_/RESET_B                          1.50    1.56   -0.06 (VIOLATED)
_1461_/RESET_B                          1.50    1.56   -0.06 (VIOLATED)
_1462_/RESET_B                          1.50    1.56   -0.06 (VIOLATED)
_1463_/RESET_B                          1.50    1.56   -0.06 (VIOLATED)
_1464_/RESET_B                          1.50    1.56   -0.06 (VIOLATED)
_1465_/RESET_B                          1.50    1.56   -0.06 (VIOLATED)
_1466_/RESET_B                          1.50    1.56   -0.06 (VIOLATED)
_1467_/RESET_B                          1.50    1.56   -0.06 (VIOLATED)
_1476_/RESET_B                          1.50    1.56   -0.06 (VIOLATED)
_1477_/RESET_B                          1.50    1.56   -0.06 (VIOLATED)
_1478_/RESET_B                          1.50    1.56   -0.06 (VIOLATED)
_1479_/RESET_B                          1.50    1.56   -0.06 (VIOLATED)
_1480_/RESET_B                          1.50    1.56   -0.06 (VIOLATED)
_1481_/RESET_B                          1.50    1.56   -0.06 (VIOLATED)
_1482_/RESET_B                          1.50    1.56   -0.06 (VIOLATED)
_1483_/RESET_B                          1.50    1.56   -0.06 (VIOLATED)
_1484_/RESET_B                          1.50    1.56   -0.06 (VIOLATED)
_1512_/RESET_B                          1.50    1.56   -0.06 (VIOLATED)
_1513_/RESET_B                          1.50    1.56   -0.06 (VIOLATED)
_1514_/RESET_B                          1.50    1.56   -0.06 (VIOLATED)
_1515_/RESET_B                          1.50    1.56   -0.06 (VIOLATED)
_1516_/RESET_B                          1.50    1.56   -0.06 (VIOLATED)
_1517_/RESET_B                          1.50    1.56   -0.06 (VIOLATED)
_1518_/RESET_B                          1.50    1.56   -0.06 (VIOLATED)
_1519_/RESET_B                          1.50    1.56   -0.06 (VIOLATED)
_1520_/RESET_B                          1.50    1.56   -0.06 (VIOLATED)
_1521_/RESET_B                          1.50    1.56   -0.06 (VIOLATED)
_1522_/RESET_B                          1.50    1.56   -0.06 (VIOLATED)
_1523_/RESET_B                          1.50    1.56   -0.06 (VIOLATED)
_1524_/RESET_B                          1.50    1.56   -0.06 (VIOLATED)
_1525_/RESET_B                          1.50    1.56   -0.06 (VIOLATED)
_1526_/RESET_B                          1.50    1.56   -0.06 (VIOLATED)
_1527_/RESET_B                          1.50    1.56   -0.06 (VIOLATED)
_1528_/RESET_B                          1.50    1.56   -0.06 (VIOLATED)
_1529_/RESET_B                          1.50    1.56   -0.06 (VIOLATED)
_1530_/RESET_B                          1.50    1.56   -0.06 (VIOLATED)
_1531_/RESET_B                          1.50    1.56   -0.06 (VIOLATED)
_1532_/RESET_B                          1.50    1.56   -0.06 (VIOLATED)
_1533_/RESET_B                          1.50    1.56   -0.06 (VIOLATED)
_1534_/RESET_B                          1.50    1.56   -0.06 (VIOLATED)
_1535_/RESET_B                          1.50    1.56   -0.06 (VIOLATED)
_1536_/RESET_B                          1.50    1.56   -0.06 (VIOLATED)
_1537_/RESET_B                          1.50    1.56   -0.06 (VIOLATED)
_1538_/RESET_B                          1.50    1.56   -0.06 (VIOLATED)
_1539_/RESET_B                          1.50    1.56   -0.06 (VIOLATED)
_1540_/RESET_B                          1.50    1.56   -0.06 (VIOLATED)
_1541_/RESET_B                          1.50    1.56   -0.06 (VIOLATED)
_1542_/RESET_B                          1.50    1.56   -0.06 (VIOLATED)
_1543_/RESET_B                          1.50    1.56   -0.06 (VIOLATED)
_1544_/RESET_B                          1.50    1.56   -0.06 (VIOLATED)
_1545_/RESET_B                          1.50    1.56   -0.06 (VIOLATED)
_1546_/RESET_B                          1.50    1.56   -0.06 (VIOLATED)
_1547_/RESET_B                          1.50    1.56   -0.06 (VIOLATED)
_1548_/RESET_B                          1.50    1.56   -0.06 (VIOLATED)
_1549_/RESET_B                          1.50    1.56   -0.06 (VIOLATED)
_1580_/RESET_B                          1.50    1.56   -0.06 (VIOLATED)
_1581_/RESET_B                          1.50    1.56   -0.06 (VIOLATED)
_1582_/RESET_B                          1.50    1.56   -0.06 (VIOLATED)
_1583_/RESET_B                          1.50    1.56   -0.06 (VIOLATED)
_1584_/RESET_B                          1.50    1.56   -0.06 (VIOLATED)
_1585_/RESET_B                          1.50    1.56   -0.06 (VIOLATED)
_1586_/RESET_B                          1.50    1.56   -0.06 (VIOLATED)
_1587_/RESET_B                          1.50    1.56   -0.06 (VIOLATED)
_1588_/RESET_B                          1.50    1.56   -0.06 (VIOLATED)
_1589_/RESET_B                          1.50    1.56   -0.06 (VIOLATED)
_1601_/RESET_B                          1.50    1.56   -0.06 (VIOLATED)
_1602_/RESET_B                          1.50    1.56   -0.06 (VIOLATED)
_1603_/RESET_B                          1.50    1.56   -0.06 (VIOLATED)
_1604_/RESET_B                          1.50    1.56   -0.06 (VIOLATED)
_1605_/RESET_B                          1.50    1.56   -0.06 (VIOLATED)
_1606_/RESET_B                          1.50    1.56   -0.06 (VIOLATED)
_1607_/RESET_B                          1.50    1.56   -0.06 (VIOLATED)
_1608_/RESET_B                          1.50    1.56   -0.06 (VIOLATED)
_1619_/RESET_B                          1.50    1.56   -0.06 (VIOLATED)
_1620_/RESET_B                          1.50    1.56   -0.06 (VIOLATED)
_1621_/RESET_B                          1.50    1.56   -0.06 (VIOLATED)
_1622_/RESET_B                          1.50    1.56   -0.06 (VIOLATED)
_1623_/RESET_B                          1.50    1.56   -0.06 (VIOLATED)
_1624_/RESET_B                          1.50    1.56   -0.06 (VIOLATED)
_1625_/RESET_B                          1.50    1.56   -0.06 (VIOLATED)
_1435_/SET_B                            1.50    1.56   -0.06 (VIOLATED)
_1511_/SET_B                            1.50    1.56   -0.06 (VIOLATED)
_0932_/B1                               1.50    1.56   -0.06 (VIOLATED)
_1053_/B1                               1.50    1.56   -0.06 (VIOLATED)
_0927_/B                                1.50    1.56   -0.06 (VIOLATED)

max fanout

Pin                                   Limit Fanout  Slack
---------------------------------------------------------
rst_n                                     6     95    -89 (VIOLATED)
_0928_/X                                  6     21    -15 (VIOLATED)
_0932_/X                                  6     16    -10 (VIOLATED)
_1596_/Q                                  6      7        (VIOLATED)

max capacitance

Pin                                    Limit     Cap   Slack
------------------------------------------------------------
rst_n                                   0.33    0.35   -0.02 (VIOLATED)


===========================================================================
max slew violation count 96
max fanout violation count 4
max cap violation count 1
============================================================================
