
24. Printing statistics.

=== blabla ===

   Number of wires:              11898
   Number of wire bits:          13305
   Number of public wires:         599
   Number of public wire bits:    2006
   Number of memories:               0
   Number of memory bits:            0
   Number of processes:              0
   Number of cells:              12399
     sky130_fd_sc_hd__a2111o_2       9
     sky130_fd_sc_hd__a2111oi_2      2
     sky130_fd_sc_hd__a211o_2       48
     sky130_fd_sc_hd__a211oi_2       7
     sky130_fd_sc_hd__a21bo_2       58
     sky130_fd_sc_hd__a21boi_2      83
     sky130_fd_sc_hd__a21o_2       339
     sky130_fd_sc_hd__a21oi_2      298
     sky130_fd_sc_hd__a221o_2      344
     sky130_fd_sc_hd__a221oi_2       4
     sky130_fd_sc_hd__a22o_2       683
     sky130_fd_sc_hd__a22oi_2      170
     sky130_fd_sc_hd__a2bb2o_2      14
     sky130_fd_sc_hd__a311o_2       15
     sky130_fd_sc_hd__a311oi_2       2
     sky130_fd_sc_hd__a31o_2        64
     sky130_fd_sc_hd__a31oi_2       11
     sky130_fd_sc_hd__a32o_2       350
     sky130_fd_sc_hd__a41o_2         4
     sky130_fd_sc_hd__and2_2       579
     sky130_fd_sc_hd__and2b_2      225
     sky130_fd_sc_hd__and3_2       148
     sky130_fd_sc_hd__and3b_2       12
     sky130_fd_sc_hd__and4_2        23
     sky130_fd_sc_hd__and4b_2        4
     sky130_fd_sc_hd__and4bb_2       4
     sky130_fd_sc_hd__buf_1       1704
     sky130_fd_sc_hd__buf_2          1
     sky130_fd_sc_hd__dfxtp_2     1100
     sky130_fd_sc_hd__inv_2        187
     sky130_fd_sc_hd__mux2_2       208
     sky130_fd_sc_hd__nand2_2     1304
     sky130_fd_sc_hd__nand2b_2       3
     sky130_fd_sc_hd__nand3_2       64
     sky130_fd_sc_hd__nand3b_2       4
     sky130_fd_sc_hd__nand4_2        2
     sky130_fd_sc_hd__nor2_2       744
     sky130_fd_sc_hd__nor3_2        19
     sky130_fd_sc_hd__nor3b_2        3
     sky130_fd_sc_hd__nor4_2         5
     sky130_fd_sc_hd__o2111a_2       4
     sky130_fd_sc_hd__o211a_2      122
     sky130_fd_sc_hd__o211ai_2      10
     sky130_fd_sc_hd__o21a_2       188
     sky130_fd_sc_hd__o21ai_2      360
     sky130_fd_sc_hd__o21ba_2       39
     sky130_fd_sc_hd__o21bai_2      23
     sky130_fd_sc_hd__o221a_2      112
     sky130_fd_sc_hd__o221ai_2       2
     sky130_fd_sc_hd__o22a_2        17
     sky130_fd_sc_hd__o22ai_2        1
     sky130_fd_sc_hd__o2bb2a_2      11
     sky130_fd_sc_hd__o311a_2        9
     sky130_fd_sc_hd__o311ai_2       3
     sky130_fd_sc_hd__o31a_2        28
     sky130_fd_sc_hd__o31ai_2        5
     sky130_fd_sc_hd__o32a_2         1
     sky130_fd_sc_hd__o41a_2         1
     sky130_fd_sc_hd__or2_2        747
     sky130_fd_sc_hd__or2b_2       119
     sky130_fd_sc_hd__or3_2         75
     sky130_fd_sc_hd__or3b_2        12
     sky130_fd_sc_hd__or4_2         19
     sky130_fd_sc_hd__or4b_2         5
     sky130_fd_sc_hd__or4bb_2        3
     sky130_fd_sc_hd__xnor2_2     1102
     sky130_fd_sc_hd__xor2_2       533

   Chip area for module '\blabla': 122491.228800

