
===========================================================================
 report_power
============================================================================


======================= Slowest Corner =================================

Group                  Internal  Switching    Leakage      Total
                          Power      Power      Power      Power (Watts)
----------------------------------------------------------------
Sequential             4.26e-04   1.84e-05   2.84e-06   4.47e-04  57.6%
Combinational          1.57e-04   1.68e-04   3.95e-06   3.29e-04  42.4%
Macro                  0.00e+00   0.00e+00   0.00e+00   0.00e+00   0.0%
Pad                    0.00e+00   0.00e+00   0.00e+00   0.00e+00   0.0%
----------------------------------------------------------------
Total                  5.82e-04   1.87e-04   6.79e-06   7.76e-04 100.0%
                          75.0%      24.1%       0.9%

======================= Typical Corner ===================================

Group                  Internal  Switching    Leakage      Total
                          Power      Power      Power      Power (Watts)
----------------------------------------------------------------
Sequential             5.52e-04   2.36e-05   1.62e-09   5.76e-04  58.4%
Combinational          1.91e-04   2.20e-04   6.91e-09   4.11e-04  41.6%
Macro                  0.00e+00   0.00e+00   0.00e+00   0.00e+00   0.0%
Pad                    0.00e+00   0.00e+00   0.00e+00   0.00e+00   0.0%
----------------------------------------------------------------
Total                  7.44e-04   2.43e-04   8.53e-09   9.87e-04 100.0%
                          75.4%      24.6%       0.0%


======================= Fastest Corner =================================

Group                  Internal  Switching    Leakage      Total
                          Power      Power      Power      Power (Watts)
----------------------------------------------------------------
Sequential             6.40e-04   2.82e-05   2.46e-09   6.68e-04  58.4%
Combinational          2.13e-04   2.63e-04   8.87e-09   4.76e-04  41.6%
Macro                  0.00e+00   0.00e+00   0.00e+00   0.00e+00   0.0%
Pad                    0.00e+00   0.00e+00   0.00e+00   0.00e+00   0.0%
----------------------------------------------------------------
Total                  8.53e-04   2.91e-04   1.13e-08   1.14e-03 100.0%
                          74.6%      25.4%       0.0%
