
===========================================================================
report_checks -path_delay min (Hold)
============================================================================
Startpoint: _1601_ (rising edge-triggered flip-flop clocked by clk_48)
Endpoint: _1458_ (removal check against rising-edge clock clk_48)
Path Group: **async_default**
Path Type: min

Fanout     Cap    Slew   Delay    Time   Description
-----------------------------------------------------------------------------
                  0.15    0.00    0.00   clock clk_48 (rise edge)
                          0.00    0.00   clock network delay (ideal)
                  0.15    0.00    0.00 ^ _1601_/CLK (sky130_fd_sc_hd__dfrtp_2)
                  0.13    0.43    0.43 ^ _1601_/Q (sky130_fd_sc_hd__dfrtp_2)
     6    0.02                           tx.state[0] (net)
                  0.13    0.00    0.43 ^ _0870_/A (sky130_fd_sc_hd__buf_1)
                  0.20    0.20    0.63 ^ _0870_/X (sky130_fd_sc_hd__buf_1)
     6    0.02                           _0400_ (net)
                  0.20    0.00    0.63 ^ _0930_/A (sky130_fd_sc_hd__buf_1)
                  0.22    0.23    0.86 ^ _0930_/X (sky130_fd_sc_hd__buf_1)
     6    0.02                           _0452_ (net)
                  0.22    0.00    0.86 ^ _0932_/A2 (sky130_fd_sc_hd__o31a_2)
                  0.38    0.40    1.26 ^ _0932_/X (sky130_fd_sc_hd__o31a_2)
    16    0.07                           tx.tx_crc.rst_n (net)
                  0.38    0.00    1.26 ^ _1458_/SET_B (sky130_fd_sc_hd__dfstp_2)
                                  1.26   data arrival time

                  0.15    0.00    0.00   clock clk_48 (rise edge)
                          0.00    0.00   clock network delay (ideal)
                          0.25    0.25   clock uncertainty
                          0.00    0.25   clock reconvergence pessimism
                                  0.25 ^ _1458_/CLK (sky130_fd_sc_hd__dfstp_2)
                          0.16    0.41   library removal time
                                  0.41   data required time
-----------------------------------------------------------------------------
                                  0.41   data required time
                                 -1.26   data arrival time
-----------------------------------------------------------------------------
                                  0.86   slack (MET)


Startpoint: _1592_ (rising edge-triggered flip-flop clocked by clk_48)
Endpoint: _1593_ (rising edge-triggered flip-flop clocked by clk_48)
Path Group: clk_48
Path Type: min

Fanout     Cap    Slew   Delay    Time   Description
-----------------------------------------------------------------------------
                  0.15    0.00    0.00   clock clk_48 (rise edge)
                          0.00    0.00   clock network delay (ideal)
                  0.15    0.00    0.00 ^ _1592_/CLK (sky130_fd_sc_hd__dfxtp_2)
                  0.03    0.33    0.33 v _1592_/Q (sky130_fd_sc_hd__dfxtp_2)
     2    0.00                           recv.se0_filter.r[2] (net)
                  0.03    0.00    0.33 v _1593_/D (sky130_fd_sc_hd__dfxtp_2)
                                  0.33   data arrival time

                  0.15    0.00    0.00   clock clk_48 (rise edge)
                          0.00    0.00   clock network delay (ideal)
                          0.25    0.25   clock uncertainty
                          0.00    0.25   clock reconvergence pessimism
                                  0.25 ^ _1593_/CLK (sky130_fd_sc_hd__dfxtp_2)
                         -0.02    0.23   library hold time
                                  0.23   data required time
-----------------------------------------------------------------------------
                                  0.23   data required time
                                 -0.33   data arrival time
-----------------------------------------------------------------------------
                                  0.09   slack (MET)


