
===========================================================================
report_checks -path_delay max (Setup)
============================================================================
Startpoint: rst_n (input port clocked by clk_48)
Endpoint: _1449_ (recovery check against rising-edge clock clk_48)
Path Group: **async_default**
Path Type: max

Fanout     Cap    Slew   Delay    Time   Description
-----------------------------------------------------------------------------
                          0.00    0.00   clock clk_48 (rise edge)
                          0.00    0.00   clock network delay (propagated)
                          3.00    3.00 ^ input external delay
                  0.04    0.03    3.03 ^ rst_n (in)
     1    0.01                           rst_n (net)
                  0.04    0.00    3.03 ^ input13/A (sky130_fd_sc_hd__buf_6)
                  0.05    0.11    3.14 ^ input13/X (sky130_fd_sc_hd__buf_6)
     4    0.02                           net13 (net)
                  0.05    0.00    3.14 ^ repeater75/A (sky130_fd_sc_hd__clkbuf_2)
                  0.13    0.18    3.32 ^ repeater75/X (sky130_fd_sc_hd__clkbuf_2)
     5    0.02                           net75 (net)
                  0.13    0.00    3.32 ^ repeater74/A (sky130_fd_sc_hd__clkbuf_2)
                  0.12    0.20    3.52 ^ repeater74/X (sky130_fd_sc_hd__clkbuf_2)
     5    0.02                           net74 (net)
                  0.12    0.00    3.52 ^ repeater73/A (sky130_fd_sc_hd__clkbuf_1)
                  0.16    0.19    3.71 ^ repeater73/X (sky130_fd_sc_hd__clkbuf_1)
     3    0.01                           net73 (net)
                  0.16    0.00    3.71 ^ repeater72/A (sky130_fd_sc_hd__clkbuf_2)
                  0.13    0.21    3.92 ^ repeater72/X (sky130_fd_sc_hd__clkbuf_2)
     5    0.02                           net72 (net)
                  0.13    0.00    3.92 ^ repeater71/A (sky130_fd_sc_hd__clkbuf_2)
                  0.13    0.20    4.12 ^ repeater71/X (sky130_fd_sc_hd__clkbuf_2)
     5    0.02                           net71 (net)
                  0.13    0.00    4.12 ^ repeater70/A (sky130_fd_sc_hd__clkbuf_2)
                  0.14    0.21    4.33 ^ repeater70/X (sky130_fd_sc_hd__clkbuf_2)
     5    0.02                           net70 (net)
                  0.14    0.00    4.33 ^ _0932_/B1 (sky130_fd_sc_hd__o31a_2)
                  0.15    0.26    4.59 ^ _0932_/X (sky130_fd_sc_hd__o31a_2)
     5    0.03                           tx.tx_crc.rst_n (net)
                  0.15    0.00    4.59 ^ repeater50/A (sky130_fd_sc_hd__clkbuf_2)
                  0.11    0.20    4.79 ^ repeater50/X (sky130_fd_sc_hd__clkbuf_2)
     5    0.02                           net50 (net)
                  0.11    0.00    4.79 ^ repeater48/A (sky130_fd_sc_hd__clkbuf_2)
                  0.13    0.20    4.99 ^ repeater48/X (sky130_fd_sc_hd__clkbuf_2)
     5    0.02                           net48 (net)
                  0.13    0.00    4.99 ^ _1449_/SET_B (sky130_fd_sc_hd__dfstp_1)
                                  4.99   data arrival time

                         15.00   15.00   clock clk_48 (rise edge)
                          0.00   15.00   clock source latency
                  0.09    0.06   15.06 ^ clk_48 (in)
     1    0.02                           clk_48 (net)
                  0.09    0.00   15.06 ^ clkbuf_0_clk_48/A (sky130_fd_sc_hd__clkbuf_16)
                  0.12    0.19   15.25 ^ clkbuf_0_clk_48/X (sky130_fd_sc_hd__clkbuf_16)
    16    0.10                           clknet_0_clk_48 (net)
                  0.12    0.00   15.25 ^ clkbuf_4_0_0_clk_48/A (sky130_fd_sc_hd__clkbuf_8)
                  0.10    0.19   15.44 ^ clkbuf_4_0_0_clk_48/X (sky130_fd_sc_hd__clkbuf_8)
    19    0.05                           clknet_4_0_0_clk_48 (net)
                  0.10    0.00   15.44 ^ _1449_/CLK (sky130_fd_sc_hd__dfstp_1)
                         -0.25   15.19   clock uncertainty
                          0.00   15.19   clock reconvergence pessimism
                          0.15   15.34   library recovery time
                                 15.34   data required time
-----------------------------------------------------------------------------
                                 15.34   data required time
                                 -4.99   data arrival time
-----------------------------------------------------------------------------
                                 10.35   slack (MET)


Startpoint: _1515_ (rising edge-triggered flip-flop clocked by clk_48)
Endpoint: usb_rst (output port clocked by clk_48)
Path Group: clk_48
Path Type: max

Fanout     Cap    Slew   Delay    Time   Description
-----------------------------------------------------------------------------
                          0.00    0.00   clock clk_48 (rise edge)
                          0.00    0.00   clock source latency
                  0.09    0.06    0.06 ^ clk_48 (in)
     1    0.02                           clk_48 (net)
                  0.09    0.00    0.06 ^ clkbuf_0_clk_48/A (sky130_fd_sc_hd__clkbuf_16)
                  0.12    0.21    0.27 ^ clkbuf_0_clk_48/X (sky130_fd_sc_hd__clkbuf_16)
    16    0.10                           clknet_0_clk_48 (net)
                  0.12    0.00    0.27 ^ clkbuf_4_15_0_clk_48/A (sky130_fd_sc_hd__clkbuf_8)
                  0.10    0.21    0.48 ^ clkbuf_4_15_0_clk_48/X (sky130_fd_sc_hd__clkbuf_8)
    18    0.05                           clknet_4_15_0_clk_48 (net)
                  0.10    0.00    0.48 ^ _1515_/CLK (sky130_fd_sc_hd__dfrtp_1)
                  0.07    0.43    0.92 v _1515_/Q (sky130_fd_sc_hd__dfrtp_1)
     3    0.01                           recv.reset_detect.cntr[0] (net)
                  0.07    0.00    0.92 v _0905_/A (sky130_fd_sc_hd__nor4_2)
                  0.38    0.44    1.35 ^ _0905_/Y (sky130_fd_sc_hd__nor4_2)
     4    0.01                           _0431_ (net)
                  0.38    0.00    1.35 ^ _0909_/A (sky130_fd_sc_hd__nand4_1)
                  0.17    0.21    1.57 v _0909_/Y (sky130_fd_sc_hd__nand4_1)
     2    0.01                           _0435_ (net)
                  0.17    0.00    1.57 v _0911_/A (sky130_fd_sc_hd__nor2_2)
                  0.23    0.28    1.84 ^ _0911_/Y (sky130_fd_sc_hd__nor2_2)
     4    0.02                           _0437_ (net)
                  0.23    0.00    1.84 ^ _0914_/B (sky130_fd_sc_hd__nand4b_4)
                  0.13    0.17    2.02 v _0914_/Y (sky130_fd_sc_hd__nand4b_4)
     5    0.02                           _0440_ (net)
                  0.13    0.00    2.02 v _0915_/A (sky130_fd_sc_hd__inv_2)
                  0.05    0.09    2.11 ^ _0915_/Y (sky130_fd_sc_hd__inv_2)
     2    0.01                           net43 (net)
                  0.05    0.00    2.11 ^ output43/A (sky130_fd_sc_hd__buf_2)
                  0.18    0.22    2.32 ^ output43/X (sky130_fd_sc_hd__buf_2)
     1    0.03                           usb_rst (net)
                  0.18    0.00    2.33 ^ usb_rst (out)
                                  2.33   data arrival time

                         15.00   15.00   clock clk_48 (rise edge)
                          0.00   15.00   clock network delay (propagated)
                         -0.25   14.75   clock uncertainty
                          0.00   14.75   clock reconvergence pessimism
                         -3.00   11.75   output external delay
                                 11.75   data required time
-----------------------------------------------------------------------------
                                 11.75   data required time
                                 -2.33   data arrival time
-----------------------------------------------------------------------------
                                  9.42   slack (MET)


