
===========================================================================
 report_clock_skew
============================================================================

======================== Slowest Corner ==================================

Clock clk_48
Latency      CRPR       Skew
_1478_/CLK ^
   0.82
_1433_/CLK ^
   0.67     -0.04       0.10


======================= Typical Corner ===================================

Clock clk_48
Latency      CRPR       Skew
_1478_/CLK ^
   0.48
_1433_/CLK ^
   0.39     -0.03       0.07


======================= Fastest Corner ===================================

Clock clk_48
Latency      CRPR       Skew
_1478_/CLK ^
   0.33
_1433_/CLK ^
   0.27     -0.02       0.05

