First Layout: /openlane/designs/usb/runs/prueba23/results/signoff/usb.gds
Second Layout: /openlane/designs/usb/runs/prueba23/results/signoff/usb.klayout.gds
Design Name: usb
Output GDS will be: /openlane/designs/usb/runs/prueba23/reports/signoff/usb.xor.xml
Reading /openlane/designs/usb/runs/prueba23/results/signoff/usb.gds ..
Reading /openlane/designs/usb/runs/prueba23/results/signoff/usb.klayout.gds ..
--- Running XOR for 122/16 ---
"input" in: xor.drc:38
    Polygons (raw): 3295 (flat)  121 (hierarchical)
    Elapsed: 0.000s  Memory: 355.00M
"input" in: xor.drc:38
    Polygons (raw): 3295 (flat)  121 (hierarchical)
    Elapsed: 0.000s  Memory: 355.00M
"^" in: xor.drc:38
    Polygons (raw): 0 (flat)  0 (hierarchical)
    Elapsed: 0.030s  Memory: 355.00M
XOR differences: 0
"output" in: xor.drc:40
    Polygons (raw): 0 (flat)  0 (hierarchical)
    Elapsed: 0.000s  Memory: 355.00M
--- Running XOR for 235/4 ---
"input" in: xor.drc:38
    Polygons (raw): 1 (flat)  1 (hierarchical)
    Elapsed: 0.010s  Memory: 355.00M
"input" in: xor.drc:38
    Polygons (raw): 1 (flat)  1 (hierarchical)
    Elapsed: 0.000s  Memory: 355.00M
"^" in: xor.drc:38
    Polygons (raw): 0 (flat)  0 (hierarchical)
    Elapsed: 0.000s  Memory: 355.00M
XOR differences: 0
"output" in: xor.drc:40
    Polygons (raw): 0 (flat)  0 (hierarchical)
    Elapsed: 0.000s  Memory: 355.00M
--- Running XOR for 236/0 ---
"input" in: xor.drc:38
    Polygons (raw): 2754 (flat)  113 (hierarchical)
    Elapsed: 0.010s  Memory: 355.00M
"input" in: xor.drc:38
    Polygons (raw): 2754 (flat)  113 (hierarchical)
    Elapsed: 0.000s  Memory: 355.00M
"^" in: xor.drc:38
    Polygons (raw): 0 (flat)  0 (hierarchical)
    Elapsed: 0.020s  Memory: 355.00M
XOR differences: 0
"output" in: xor.drc:40
    Polygons (raw): 0 (flat)  0 (hierarchical)
    Elapsed: 0.000s  Memory: 355.00M
--- Running XOR for 64/16 ---
"input" in: xor.drc:38
    Polygons (raw): 3292 (flat)  119 (hierarchical)
    Elapsed: 0.000s  Memory: 355.00M
"input" in: xor.drc:38
    Polygons (raw): 3292 (flat)  119 (hierarchical)
    Elapsed: 0.010s  Memory: 355.00M
"^" in: xor.drc:38
    Polygons (raw): 0 (flat)  0 (hierarchical)
    Elapsed: 0.020s  Memory: 356.00M
XOR differences: 0
"output" in: xor.drc:40
    Polygons (raw): 0 (flat)  0 (hierarchical)
    Elapsed: 0.000s  Memory: 356.00M
--- Running XOR for 64/20 ---
"input" in: xor.drc:38
    Polygons (raw): 3559 (flat)  116 (hierarchical)
    Elapsed: 0.000s  Memory: 356.00M
"input" in: xor.drc:38
    Polygons (raw): 3559 (flat)  116 (hierarchical)
    Elapsed: 0.000s  Memory: 356.00M
"^" in: xor.drc:38
    Polygons (raw): 0 (flat)  0 (hierarchical)
    Elapsed: 0.030s  Memory: 358.00M
XOR differences: 0
"output" in: xor.drc:40
    Polygons (raw): 0 (flat)  0 (hierarchical)
    Elapsed: 0.010s  Memory: 358.00M
--- Running XOR for 64/5 ---
"input" in: xor.drc:38
    Polygons (raw): 0 (flat)  0 (hierarchical)
    Elapsed: 0.000s  Memory: 358.00M
"input" in: xor.drc:38
    Polygons (raw): 0 (flat)  0 (hierarchical)
    Elapsed: 0.000s  Memory: 358.00M
"^" in: xor.drc:38
    Polygons (raw): 0 (flat)  0 (hierarchical)
    Elapsed: 0.010s  Memory: 358.00M
XOR differences: 0
"output" in: xor.drc:40
    Polygons (raw): 0 (flat)  0 (hierarchical)
    Elapsed: 0.000s  Memory: 358.00M
--- Running XOR for 64/59 ---
"input" in: xor.drc:38
    Polygons (raw): 0 (flat)  0 (hierarchical)
    Elapsed: 0.000s  Memory: 358.00M
"input" in: xor.drc:38
    Polygons (raw): 0 (flat)  0 (hierarchical)
    Elapsed: 0.000s  Memory: 358.00M
"^" in: xor.drc:38
    Polygons (raw): 0 (flat)  0 (hierarchical)
    Elapsed: 0.010s  Memory: 358.00M
XOR differences: 0
"output" in: xor.drc:40
    Polygons (raw): 0 (flat)  0 (hierarchical)
    Elapsed: 0.000s  Memory: 358.00M
--- Running XOR for 65/20 ---
"input" in: xor.drc:38
    Polygons (raw): 6942 (flat)  334 (hierarchical)
    Elapsed: 0.000s  Memory: 358.00M
"input" in: xor.drc:38
    Polygons (raw): 6942 (flat)  334 (hierarchical)
    Elapsed: 0.010s  Memory: 358.00M
"^" in: xor.drc:38
    Polygons (raw): 0 (flat)  0 (hierarchical)
    Elapsed: 0.040s  Memory: 358.00M
XOR differences: 0
"output" in: xor.drc:40
    Polygons (raw): 0 (flat)  0 (hierarchical)
    Elapsed: 0.010s  Memory: 358.00M
--- Running XOR for 65/44 ---
"input" in: xor.drc:38
    Polygons (raw): 744 (flat)  2 (hierarchical)
    Elapsed: 0.000s  Memory: 358.00M
"input" in: xor.drc:38
    Polygons (raw): 744 (flat)  2 (hierarchical)
    Elapsed: 0.000s  Memory: 358.00M
"^" in: xor.drc:38
    Polygons (raw): 0 (flat)  0 (hierarchical)
    Elapsed: 0.010s  Memory: 358.00M
XOR differences: 0
"output" in: xor.drc:40
    Polygons (raw): 0 (flat)  0 (hierarchical)
    Elapsed: 0.000s  Memory: 358.00M
--- Running XOR for 66/20 ---
"input" in: xor.drc:38
    Polygons (raw): 10098 (flat)  588 (hierarchical)
    Elapsed: 0.000s  Memory: 358.00M
"input" in: xor.drc:38
    Polygons (raw): 10098 (flat)  588 (hierarchical)
    Elapsed: 0.000s  Memory: 358.00M
"^" in: xor.drc:38
    Polygons (raw): 0 (flat)  0 (hierarchical)
    Elapsed: 0.130s  Memory: 358.00M
XOR differences: 0
"output" in: xor.drc:40
    Polygons (raw): 0 (flat)  0 (hierarchical)
    Elapsed: 0.000s  Memory: 358.00M
--- Running XOR for 66/44 ---
"input" in: xor.drc:38
    Polygons (raw): 41606 (flat)  3043 (hierarchical)
    Elapsed: 0.000s  Memory: 358.00M
"input" in: xor.drc:38
    Polygons (raw): 41606 (flat)  3043 (hierarchical)
    Elapsed: 0.000s  Memory: 358.00M
"^" in: xor.drc:38
    Polygons (raw): 0 (flat)  0 (hierarchical)
    Elapsed: 0.220s  Memory: 358.00M
XOR differences: 0
"output" in: xor.drc:40
    Polygons (raw): 0 (flat)  0 (hierarchical)
    Elapsed: 0.000s  Memory: 358.00M
--- Running XOR for 67/16 ---
"input" in: xor.drc:38
    Polygons (raw): 7319 (flat)  935 (hierarchical)
    Elapsed: 0.010s  Memory: 358.00M
"input" in: xor.drc:38
    Polygons (raw): 7319 (flat)  935 (hierarchical)
    Elapsed: 0.000s  Memory: 358.00M
"^" in: xor.drc:38
    Polygons (raw): 0 (flat)  0 (hierarchical)
    Elapsed: 0.030s  Memory: 358.00M
XOR differences: 0
"output" in: xor.drc:40
    Polygons (raw): 0 (flat)  0 (hierarchical)
    Elapsed: 0.000s  Memory: 358.00M
--- Running XOR for 67/20 ---
"input" in: xor.drc:38
    Polygons (raw): 22138 (flat)  4401 (hierarchical)
    Elapsed: 0.000s  Memory: 358.00M
"input" in: xor.drc:38
    Polygons (raw): 22138 (flat)  1009 (hierarchical)
    Elapsed: 0.000s  Memory: 358.00M
"^" in: xor.drc:38
    Polygons (raw): 0 (flat)  0 (hierarchical)
    Elapsed: 0.270s  Memory: 372.00M
XOR differences: 0
"output" in: xor.drc:40
    Polygons (raw): 0 (flat)  0 (hierarchical)
    Elapsed: 0.000s  Memory: 372.00M
--- Running XOR for 67/44 ---
"input" in: xor.drc:38
    Polygons (raw): 47717 (flat)  5293 (hierarchical)
    Elapsed: 0.000s  Memory: 372.00M
"input" in: xor.drc:38
    Polygons (raw): 47717 (flat)  1901 (hierarchical)
    Elapsed: 0.000s  Memory: 372.00M
"^" in: xor.drc:38
    Polygons (raw): 0 (flat)  0 (hierarchical)
    Elapsed: 0.210s  Memory: 372.00M
XOR differences: 0
"output" in: xor.drc:40
    Polygons (raw): 0 (flat)  0 (hierarchical)
    Elapsed: 0.000s  Memory: 372.00M
--- Running XOR for 67/5 ---
"input" in: xor.drc:38
    Polygons (raw): 0 (flat)  0 (hierarchical)
    Elapsed: 0.000s  Memory: 372.00M
"input" in: xor.drc:38
    Polygons (raw): 0 (flat)  0 (hierarchical)
    Elapsed: 0.000s  Memory: 372.00M
"^" in: xor.drc:38
    Polygons (raw): 0 (flat)  0 (hierarchical)
    Elapsed: 0.010s  Memory: 372.00M
XOR differences: 0
"output" in: xor.drc:40
    Polygons (raw): 0 (flat)  0 (hierarchical)
    Elapsed: 0.000s  Memory: 372.00M
--- Running XOR for 68/16 ---
"input" in: xor.drc:38
    Polygons (raw): 7264 (flat)  234 (hierarchical)
    Elapsed: 0.000s  Memory: 372.00M
"input" in: xor.drc:38
    Polygons (raw): 7264 (flat)  234 (hierarchical)
    Elapsed: 0.010s  Memory: 372.00M
"^" in: xor.drc:38
    Polygons (raw): 0 (flat)  0 (hierarchical)
    Elapsed: 0.040s  Memory: 372.00M
XOR differences: 0
"output" in: xor.drc:40
    Polygons (raw): 0 (flat)  0 (hierarchical)
    Elapsed: 0.010s  Memory: 372.00M
--- Running XOR for 68/20 ---
"input" in: xor.drc:38
    Polygons (raw): 24923 (flat)  17081 (hierarchical)
    Elapsed: 0.000s  Memory: 372.00M
"input" in: xor.drc:38
    Polygons (raw): 21133 (flat)  5789 (hierarchical)
    Elapsed: 0.000s  Memory: 372.00M
"^" in: xor.drc:38
    Polygons (raw): 0 (flat)  0 (hierarchical)
    Elapsed: 0.170s  Memory: 372.00M
XOR differences: 0
"output" in: xor.drc:40
    Polygons (raw): 0 (flat)  0 (hierarchical)
    Elapsed: 0.000s  Memory: 372.00M
--- Running XOR for 68/44 ---
"input" in: xor.drc:38
    Polygons (raw): 5088 (flat)  5088 (hierarchical)
    Elapsed: 0.010s  Memory: 372.00M
"input" in: xor.drc:38
    Polygons (raw): 5088 (flat)  6 (hierarchical)
    Elapsed: 0.000s  Memory: 372.00M
"^" in: xor.drc:38
    Polygons (raw): 0 (flat)  0 (hierarchical)
    Elapsed: 0.030s  Memory: 372.00M
XOR differences: 0
"output" in: xor.drc:40
    Polygons (raw): 0 (flat)  0 (hierarchical)
    Elapsed: 0.000s  Memory: 372.00M
--- Running XOR for 68/5 ---
"input" in: xor.drc:38
    Polygons (raw): 0 (flat)  0 (hierarchical)
    Elapsed: 0.000s  Memory: 372.00M
"input" in: xor.drc:38
    Polygons (raw): 0 (flat)  0 (hierarchical)
    Elapsed: 0.000s  Memory: 372.00M
"^" in: xor.drc:38
    Polygons (raw): 0 (flat)  0 (hierarchical)
    Elapsed: 0.010s  Memory: 372.00M
XOR differences: 0
"output" in: xor.drc:40
    Polygons (raw): 0 (flat)  0 (hierarchical)
    Elapsed: 0.000s  Memory: 372.00M
--- Running XOR for 69/16 ---
"input" in: xor.drc:38
    Polygons (raw): 22 (flat)  22 (hierarchical)
    Elapsed: 0.010s  Memory: 372.00M
"input" in: xor.drc:38
    Polygons (raw): 22 (flat)  22 (hierarchical)
    Elapsed: 0.000s  Memory: 372.00M
"^" in: xor.drc:38
    Polygons (raw): 0 (flat)  0 (hierarchical)
    Elapsed: 0.000s  Memory: 372.00M
XOR differences: 0
"output" in: xor.drc:40
    Polygons (raw): 0 (flat)  0 (hierarchical)
    Elapsed: 0.000s  Memory: 372.00M
--- Running XOR for 69/20 ---
"input" in: xor.drc:38
    Polygons (raw): 7082 (flat)  7082 (hierarchical)
    Elapsed: 0.010s  Memory: 372.00M
"input" in: xor.drc:38
    Polygons (raw): 7517 (flat)  3036 (hierarchical)
    Elapsed: 0.000s  Memory: 372.00M
"^" in: xor.drc:38
    Polygons (raw): 22 (flat)  22 (hierarchical)
    Elapsed: 0.070s  Memory: 372.00M
XOR differences: 22
"output" in: xor.drc:40
    Polygons (raw): 22 (flat)  22 (hierarchical)
    Elapsed: 0.000s  Memory: 372.00M
--- Running XOR for 69/44 ---
"input" in: xor.drc:38
    Polygons (raw): 1105 (flat)  1105 (hierarchical)
    Elapsed: 0.000s  Memory: 372.00M
"input" in: xor.drc:38
    Polygons (raw): 1105 (flat)  5 (hierarchical)
    Elapsed: 0.000s  Memory: 372.00M
"^" in: xor.drc:38
    Polygons (raw): 0 (flat)  0 (hierarchical)
    Elapsed: 0.010s  Memory: 372.00M
XOR differences: 0
"output" in: xor.drc:40
    Polygons (raw): 0 (flat)  0 (hierarchical)
    Elapsed: 0.010s  Memory: 372.00M
--- Running XOR for 69/5 ---
"input" in: xor.drc:38
    Polygons (raw): 0 (flat)  0 (hierarchical)
    Elapsed: 0.000s  Memory: 372.00M
"input" in: xor.drc:38
    Polygons (raw): 0 (flat)  0 (hierarchical)
    Elapsed: 0.000s  Memory: 372.00M
"^" in: xor.drc:38
    Polygons (raw): 0 (flat)  0 (hierarchical)
    Elapsed: 0.000s  Memory: 372.00M
XOR differences: 0
"output" in: xor.drc:40
    Polygons (raw): 0 (flat)  0 (hierarchical)
    Elapsed: 0.000s  Memory: 372.00M
--- Running XOR for 70/16 ---
"input" in: xor.drc:38
    Polygons (raw): 22 (flat)  22 (hierarchical)
    Elapsed: 0.000s  Memory: 372.00M
"input" in: xor.drc:38
    Polygons (raw): 22 (flat)  22 (hierarchical)
    Elapsed: 0.010s  Memory: 372.00M
"^" in: xor.drc:38
    Polygons (raw): 0 (flat)  0 (hierarchical)
    Elapsed: 0.000s  Memory: 372.00M
XOR differences: 0
"output" in: xor.drc:40
    Polygons (raw): 0 (flat)  0 (hierarchical)
    Elapsed: 0.000s  Memory: 372.00M
--- Running XOR for 70/20 ---
"input" in: xor.drc:38
    Polygons (raw): 635 (flat)  635 (hierarchical)
    Elapsed: 0.000s  Memory: 372.00M
"input" in: xor.drc:38
    Polygons (raw): 959 (flat)  340 (hierarchical)
    Elapsed: 0.010s  Memory: 372.00M
"^" in: xor.drc:38
    Polygons (raw): 22 (flat)  22 (hierarchical)
    Elapsed: 0.010s  Memory: 372.00M
XOR differences: 22
"output" in: xor.drc:40
    Polygons (raw): 22 (flat)  22 (hierarchical)
    Elapsed: 0.000s  Memory: 372.00M
--- Running XOR for 70/44 ---
"input" in: xor.drc:38
    Polygons (raw): 982 (flat)  982 (hierarchical)
    Elapsed: 0.000s  Memory: 372.00M
"input" in: xor.drc:38
    Polygons (raw): 982 (flat)  5 (hierarchical)
    Elapsed: 0.000s  Memory: 372.00M
"^" in: xor.drc:38
    Polygons (raw): 0 (flat)  0 (hierarchical)
    Elapsed: 0.010s  Memory: 372.00M
XOR differences: 0
"output" in: xor.drc:40
    Polygons (raw): 0 (flat)  0 (hierarchical)
    Elapsed: 0.000s  Memory: 372.00M
--- Running XOR for 70/5 ---
"input" in: xor.drc:38
    Polygons (raw): 0 (flat)  0 (hierarchical)
    Elapsed: 0.000s  Memory: 372.00M
"input" in: xor.drc:38
    Polygons (raw): 0 (flat)  0 (hierarchical)
    Elapsed: 0.000s  Memory: 372.00M
"^" in: xor.drc:38
    Polygons (raw): 0 (flat)  0 (hierarchical)
    Elapsed: 0.010s  Memory: 372.00M
XOR differences: 0
"output" in: xor.drc:40
    Polygons (raw): 0 (flat)  0 (hierarchical)
    Elapsed: 0.000s  Memory: 372.00M
--- Running XOR for 71/16 ---
"input" in: xor.drc:38
    Polygons (raw): 8 (flat)  8 (hierarchical)
    Elapsed: 0.000s  Memory: 372.00M
"input" in: xor.drc:38
    Polygons (raw): 8 (flat)  8 (hierarchical)
    Elapsed: 0.000s  Memory: 372.00M
"^" in: xor.drc:38
    Polygons (raw): 0 (flat)  0 (hierarchical)
    Elapsed: 0.010s  Memory: 372.00M
XOR differences: 0
"output" in: xor.drc:40
    Polygons (raw): 0 (flat)  0 (hierarchical)
    Elapsed: 0.000s  Memory: 372.00M
--- Running XOR for 71/20 ---
"input" in: xor.drc:38
    Polygons (raw): 17 (flat)  17 (hierarchical)
    Elapsed: 0.000s  Memory: 372.00M
"input" in: xor.drc:38
    Polygons (raw): 293 (flat)  14 (hierarchical)
    Elapsed: 0.000s  Memory: 372.00M
"^" in: xor.drc:38
    Polygons (raw): 0 (flat)  0 (hierarchical)
    Elapsed: 0.010s  Memory: 372.00M
XOR differences: 0
"output" in: xor.drc:40
    Polygons (raw): 0 (flat)  0 (hierarchical)
    Elapsed: 0.000s  Memory: 372.00M
--- Running XOR for 71/44 ---
"input" in: xor.drc:38
    Polygons (raw): 32 (flat)  32 (hierarchical)
    Elapsed: 0.000s  Memory: 372.00M
"input" in: xor.drc:38
    Polygons (raw): 32 (flat)  1 (hierarchical)
    Elapsed: 0.000s  Memory: 372.00M
"^" in: xor.drc:38
    Polygons (raw): 0 (flat)  0 (hierarchical)
    Elapsed: 0.010s  Memory: 372.00M
XOR differences: 0
"output" in: xor.drc:40
    Polygons (raw): 0 (flat)  0 (hierarchical)
    Elapsed: 0.000s  Memory: 372.00M
--- Running XOR for 71/5 ---
"input" in: xor.drc:38
    Polygons (raw): 0 (flat)  0 (hierarchical)
    Elapsed: 0.000s  Memory: 372.00M
"input" in: xor.drc:38
    Polygons (raw): 0 (flat)  0 (hierarchical)
    Elapsed: 0.000s  Memory: 372.00M
"^" in: xor.drc:38
    Polygons (raw): 0 (flat)  0 (hierarchical)
    Elapsed: 0.000s  Memory: 372.00M
XOR differences: 0
"output" in: xor.drc:40
    Polygons (raw): 0 (flat)  0 (hierarchical)
    Elapsed: 0.010s  Memory: 372.00M
--- Running XOR for 72/16 ---
"input" in: xor.drc:38
    Polygons (raw): 8 (flat)  8 (hierarchical)
    Elapsed: 0.000s  Memory: 372.00M
"input" in: xor.drc:38
    Polygons (raw): 8 (flat)  8 (hierarchical)
    Elapsed: 0.000s  Memory: 372.00M
"^" in: xor.drc:38
    Polygons (raw): 0 (flat)  0 (hierarchical)
    Elapsed: 0.010s  Memory: 372.00M
XOR differences: 0
"output" in: xor.drc:40
    Polygons (raw): 0 (flat)  0 (hierarchical)
    Elapsed: 0.000s  Memory: 372.00M
--- Running XOR for 72/20 ---
"input" in: xor.drc:38
    Polygons (raw): 8 (flat)  8 (hierarchical)
    Elapsed: 0.000s  Memory: 372.00M
"input" in: xor.drc:38
    Polygons (raw): 40 (flat)  9 (hierarchical)
    Elapsed: 0.000s  Memory: 372.00M
"^" in: xor.drc:38
    Polygons (raw): 0 (flat)  0 (hierarchical)
    Elapsed: 0.010s  Memory: 372.00M
XOR differences: 0
"output" in: xor.drc:40
    Polygons (raw): 0 (flat)  0 (hierarchical)
    Elapsed: 0.000s  Memory: 372.00M
--- Running XOR for 72/5 ---
"input" in: xor.drc:38
    Polygons (raw): 0 (flat)  0 (hierarchical)
    Elapsed: 0.000s  Memory: 372.00M
"input" in: xor.drc:38
    Polygons (raw): 0 (flat)  0 (hierarchical)
    Elapsed: 0.000s  Memory: 372.00M
"^" in: xor.drc:38
    Polygons (raw): 0 (flat)  0 (hierarchical)
    Elapsed: 0.000s  Memory: 372.00M
XOR differences: 0
"output" in: xor.drc:40
    Polygons (raw): 0 (flat)  0 (hierarchical)
    Elapsed: 0.000s  Memory: 372.00M
--- Running XOR for 78/44 ---
"input" in: xor.drc:38
    Polygons (raw): 3713 (flat)  120 (hierarchical)
    Elapsed: 0.010s  Memory: 372.00M
"input" in: xor.drc:38
    Polygons (raw): 3713 (flat)  120 (hierarchical)
    Elapsed: 0.000s  Memory: 372.00M
"^" in: xor.drc:38
    Polygons (raw): 0 (flat)  0 (hierarchical)
    Elapsed: 0.030s  Memory: 372.00M
XOR differences: 0
"output" in: xor.drc:40
    Polygons (raw): 0 (flat)  0 (hierarchical)
    Elapsed: 0.000s  Memory: 372.00M
--- Running XOR for 81/23 ---
"input" in: xor.drc:38
    Polygons (raw): 2 (flat)  1 (hierarchical)
    Elapsed: 0.000s  Memory: 372.00M
"input" in: xor.drc:38
    Polygons (raw): 2 (flat)  1 (hierarchical)
    Elapsed: 0.000s  Memory: 372.00M
"^" in: xor.drc:38
    Polygons (raw): 0 (flat)  0 (hierarchical)
    Elapsed: 0.000s  Memory: 372.00M
XOR differences: 0
"output" in: xor.drc:40
    Polygons (raw): 0 (flat)  0 (hierarchical)
    Elapsed: 0.010s  Memory: 372.00M
--- Running XOR for 81/4 ---
"input" in: xor.drc:38
    Polygons (raw): 3559 (flat)  116 (hierarchical)
    Elapsed: 0.000s  Memory: 372.00M
"input" in: xor.drc:38
    Polygons (raw): 3559 (flat)  116 (hierarchical)
    Elapsed: 0.000s  Memory: 372.00M
"^" in: xor.drc:38
    Polygons (raw): 0 (flat)  0 (hierarchical)
    Elapsed: 0.030s  Memory: 372.00M
XOR differences: 0
"output" in: xor.drc:40
    Polygons (raw): 0 (flat)  0 (hierarchical)
    Elapsed: 0.000s  Memory: 372.00M
--- Running XOR for 83/44 ---
"input" in: xor.drc:38
    Polygons (raw): 0 (flat)  0 (hierarchical)
    Elapsed: 0.000s  Memory: 372.00M
"input" in: xor.drc:38
    Polygons (raw): 0 (flat)  0 (hierarchical)
    Elapsed: 0.000s  Memory: 372.00M
"^" in: xor.drc:38
    Polygons (raw): 0 (flat)  0 (hierarchical)
    Elapsed: 0.010s  Memory: 372.00M
XOR differences: 0
"output" in: xor.drc:40
    Polygons (raw): 0 (flat)  0 (hierarchical)
    Elapsed: 0.000s  Memory: 372.00M
--- Running XOR for 93/44 ---
"input" in: xor.drc:38
    Polygons (raw): 3931 (flat)  117 (hierarchical)
    Elapsed: 0.000s  Memory: 372.00M
"input" in: xor.drc:38
    Polygons (raw): 3931 (flat)  117 (hierarchical)
    Elapsed: 0.010s  Memory: 372.00M
"^" in: xor.drc:38
    Polygons (raw): 0 (flat)  0 (hierarchical)
    Elapsed: 0.030s  Memory: 372.00M
XOR differences: 0
"output" in: xor.drc:40
    Polygons (raw): 0 (flat)  0 (hierarchical)
    Elapsed: 0.000s  Memory: 372.00M
--- Running XOR for 94/20 ---
"input" in: xor.drc:38
    Polygons (raw): 3931 (flat)  117 (hierarchical)
    Elapsed: 0.000s  Memory: 372.00M
"input" in: xor.drc:38
    Polygons (raw): 3931 (flat)  117 (hierarchical)
    Elapsed: 0.010s  Memory: 372.00M
"^" in: xor.drc:38
    Polygons (raw): 0 (flat)  0 (hierarchical)
    Elapsed: 0.040s  Memory: 372.00M
XOR differences: 0
"output" in: xor.drc:40
    Polygons (raw): 0 (flat)  0 (hierarchical)
    Elapsed: 0.000s  Memory: 372.00M
--- Running XOR for 95/20 ---
"input" in: xor.drc:38
    Polygons (raw): 2920 (flat)  125 (hierarchical)
    Elapsed: 0.000s  Memory: 372.00M
"input" in: xor.drc:38
    Polygons (raw): 2920 (flat)  125 (hierarchical)
    Elapsed: 0.000s  Memory: 372.00M
"^" in: xor.drc:38
    Polygons (raw): 0 (flat)  0 (hierarchical)
    Elapsed: 0.040s  Memory: 372.00M
XOR differences: 0
"output" in: xor.drc:40
    Polygons (raw): 0 (flat)  0 (hierarchical)
    Elapsed: 0.010s  Memory: 372.00M
Writing report database: /openlane/designs/usb/runs/prueba23/reports/signoff/usb.xor.xml ..
Total elapsed: 1.930s  Memory: 372.00M
