
===========================================================================
report_checks -unconstrained
============================================================================

======================= Slowest Corner ===================================

Startpoint: rst_n (input port clocked by clk_48)
Endpoint: _1451_ (recovery check against rising-edge clock clk_48)
Path Group: **async_default**
Path Type: max
Corner: ss

Fanout     Cap    Slew   Delay    Time   Description
-----------------------------------------------------------------------------
                          0.00    0.00   clock clk_48 (rise edge)
                          0.00    0.00   clock network delay (propagated)
                          3.00    3.00 ^ input external delay
                  0.05    0.03    3.03 ^ rst_n (in)
     1    0.01                           rst_n (net)
                  0.05    0.00    3.03 ^ input13/A (sky130_fd_sc_hd__buf_6)
                  0.08    0.19    3.22 ^ input13/X (sky130_fd_sc_hd__buf_6)
     4    0.02                           net13 (net)
                  0.08    0.00    3.22 ^ repeater75/A (sky130_fd_sc_hd__clkbuf_2)
                  0.19    0.30    3.52 ^ repeater75/X (sky130_fd_sc_hd__clkbuf_2)
     5    0.02                           net75 (net)
                  0.19    0.00    3.52 ^ repeater74/A (sky130_fd_sc_hd__clkbuf_2)
                  0.16    0.33    3.85 ^ repeater74/X (sky130_fd_sc_hd__clkbuf_2)
     5    0.02                           net74 (net)
                  0.16    0.00    3.85 ^ repeater73/A (sky130_fd_sc_hd__clkbuf_1)
                  0.23    0.32    4.16 ^ repeater73/X (sky130_fd_sc_hd__clkbuf_1)
     3    0.01                           net73 (net)
                  0.23    0.00    4.16 ^ repeater72/A (sky130_fd_sc_hd__clkbuf_2)
                  0.17    0.36    4.52 ^ repeater72/X (sky130_fd_sc_hd__clkbuf_2)
     5    0.02                           net72 (net)
                  0.17    0.00    4.52 ^ repeater71/A (sky130_fd_sc_hd__clkbuf_2)
                  0.17    0.33    4.85 ^ repeater71/X (sky130_fd_sc_hd__clkbuf_2)
     5    0.02                           net71 (net)
                  0.17    0.00    4.85 ^ repeater70/A (sky130_fd_sc_hd__clkbuf_2)
                  0.19    0.34    5.20 ^ repeater70/X (sky130_fd_sc_hd__clkbuf_2)
     5    0.02                           net70 (net)
                  0.19    0.00    5.20 ^ _0932_/B1 (sky130_fd_sc_hd__o31a_2)
                  0.22    0.47    5.66 ^ _0932_/X (sky130_fd_sc_hd__o31a_2)
     5    0.02                           tx.tx_crc.rst_n (net)
                  0.22    0.00    5.67 ^ repeater50/A (sky130_fd_sc_hd__clkbuf_2)
                  0.16    0.34    6.01 ^ repeater50/X (sky130_fd_sc_hd__clkbuf_2)
     5    0.02                           net50 (net)
                  0.16    0.00    6.01 ^ repeater48/A (sky130_fd_sc_hd__clkbuf_2)
                  0.17    0.32    6.33 ^ repeater48/X (sky130_fd_sc_hd__clkbuf_2)
     5    0.02                           net48 (net)
                  0.17    0.00    6.33 ^ _1451_/SET_B (sky130_fd_sc_hd__dfstp_1)
                                  6.33   data arrival time

                         15.00   15.00   clock clk_48 (rise edge)
                          0.00   15.00   clock source latency
                  0.13    0.08   15.08 ^ clk_48 (in)
     1    0.02                           clk_48 (net)
                  0.13    0.00   15.08 ^ clkbuf_0_clk_48/A (sky130_fd_sc_hd__clkbuf_16)
                  0.17    0.32   15.41 ^ clkbuf_0_clk_48/X (sky130_fd_sc_hd__clkbuf_16)
    16    0.10                           clknet_0_clk_48 (net)
                  0.17    0.01   15.41 ^ clkbuf_4_0_0_clk_48/A (sky130_fd_sc_hd__clkbuf_8)
                  0.15    0.32   15.74 ^ clkbuf_4_0_0_clk_48/X (sky130_fd_sc_hd__clkbuf_8)
    19    0.05                           clknet_4_0_0_clk_48 (net)
                  0.15    0.00   15.74 ^ _1451_/CLK (sky130_fd_sc_hd__dfstp_1)
                         -0.25   15.49   clock uncertainty
                          0.00   15.49   clock reconvergence pessimism
                          0.28   15.77   library recovery time
                                 15.77   data required time
-----------------------------------------------------------------------------
                                 15.77   data required time
                                 -6.33   data arrival time
-----------------------------------------------------------------------------
                                  9.44   slack (MET)


Startpoint: _1518_ (rising edge-triggered flip-flop clocked by clk_48)
Endpoint: usb_rst (output port clocked by clk_48)
Path Group: clk_48
Path Type: max
Corner: ss

Fanout     Cap    Slew   Delay    Time   Description
-----------------------------------------------------------------------------
                          0.00    0.00   clock clk_48 (rise edge)
                          0.00    0.00   clock source latency
                  0.13    0.09    0.09 ^ clk_48 (in)
     1    0.02                           clk_48 (net)
                  0.13    0.00    0.09 ^ clkbuf_0_clk_48/A (sky130_fd_sc_hd__clkbuf_16)
                  0.17    0.36    0.45 ^ clkbuf_0_clk_48/X (sky130_fd_sc_hd__clkbuf_16)
    16    0.10                           clknet_0_clk_48 (net)
                  0.17    0.00    0.45 ^ clkbuf_4_15_0_clk_48/A (sky130_fd_sc_hd__clkbuf_8)
                  0.15    0.36    0.81 ^ clkbuf_4_15_0_clk_48/X (sky130_fd_sc_hd__clkbuf_8)
    18    0.05                           clknet_4_15_0_clk_48 (net)
                  0.15    0.00    0.81 ^ _1518_/CLK (sky130_fd_sc_hd__dfrtp_2)
                  0.15    0.97    1.78 v _1518_/Q (sky130_fd_sc_hd__dfrtp_2)
     5    0.02                           recv.reset_detect.cntr[3] (net)
                  0.15    0.00    1.79 v _0905_/C (sky130_fd_sc_hd__nor4_2)
                  0.62    0.66    2.45 ^ _0905_/Y (sky130_fd_sc_hd__nor4_2)
     4    0.01                           _0431_ (net)
                  0.62    0.00    2.45 ^ _0909_/A (sky130_fd_sc_hd__nand4_1)
                  0.31    0.47    2.92 v _0909_/Y (sky130_fd_sc_hd__nand4_1)
     2    0.01                           _0435_ (net)
                  0.31    0.00    2.92 v _0911_/A (sky130_fd_sc_hd__nor2_2)
                  0.34    0.46    3.38 ^ _0911_/Y (sky130_fd_sc_hd__nor2_2)
     4    0.02                           _0437_ (net)
                  0.34    0.00    3.38 ^ _0914_/B (sky130_fd_sc_hd__nand4b_4)
                  0.24    0.37    3.75 v _0914_/Y (sky130_fd_sc_hd__nand4b_4)
     5    0.02                           _0440_ (net)
                  0.24    0.00    3.75 v _0915_/A (sky130_fd_sc_hd__inv_2)
                  0.09    0.16    3.91 ^ _0915_/Y (sky130_fd_sc_hd__inv_2)
     2    0.01                           net43 (net)
                  0.09    0.00    3.91 ^ output43/A (sky130_fd_sc_hd__buf_2)
                  0.27    0.37    4.28 ^ output43/X (sky130_fd_sc_hd__buf_2)
     1    0.03                           usb_rst (net)
                  0.27    0.00    4.28 ^ usb_rst (out)
                                  4.28   data arrival time

                         15.00   15.00   clock clk_48 (rise edge)
                          0.00   15.00   clock network delay (propagated)
                         -0.25   14.75   clock uncertainty
                          0.00   14.75   clock reconvergence pessimism
                         -3.00   11.75   output external delay
                                 11.75   data required time
-----------------------------------------------------------------------------
                                 11.75   data required time
                                 -4.28   data arrival time
-----------------------------------------------------------------------------
                                  7.47   slack (MET)



======================= Typical Corner ===================================

Startpoint: rst_n (input port clocked by clk_48)
Endpoint: _1451_ (recovery check against rising-edge clock clk_48)
Path Group: **async_default**
Path Type: max
Corner: tt

Fanout     Cap    Slew   Delay    Time   Description
-----------------------------------------------------------------------------
                          0.00    0.00   clock clk_48 (rise edge)
                          0.00    0.00   clock network delay (propagated)
                          3.00    3.00 ^ input external delay
                  0.03    0.02    3.02 ^ rst_n (in)
     1    0.01                           rst_n (net)
                  0.03    0.00    3.02 ^ input13/A (sky130_fd_sc_hd__buf_6)
                  0.05    0.10    3.12 ^ input13/X (sky130_fd_sc_hd__buf_6)
     4    0.02                           net13 (net)
                  0.05    0.00    3.13 ^ repeater75/A (sky130_fd_sc_hd__clkbuf_2)
                  0.13    0.18    3.30 ^ repeater75/X (sky130_fd_sc_hd__clkbuf_2)
     5    0.02                           net75 (net)
                  0.13    0.00    3.30 ^ repeater74/A (sky130_fd_sc_hd__clkbuf_2)
                  0.11    0.19    3.49 ^ repeater74/X (sky130_fd_sc_hd__clkbuf_2)
     5    0.02                           net74 (net)
                  0.11    0.00    3.49 ^ repeater73/A (sky130_fd_sc_hd__clkbuf_1)
                  0.15    0.18    3.67 ^ repeater73/X (sky130_fd_sc_hd__clkbuf_1)
     3    0.01                           net73 (net)
                  0.15    0.00    3.67 ^ repeater72/A (sky130_fd_sc_hd__clkbuf_2)
                  0.12    0.20    3.88 ^ repeater72/X (sky130_fd_sc_hd__clkbuf_2)
     5    0.02                           net72 (net)
                  0.12    0.00    3.88 ^ repeater71/A (sky130_fd_sc_hd__clkbuf_2)
                  0.12    0.19    4.07 ^ repeater71/X (sky130_fd_sc_hd__clkbuf_2)
     5    0.02                           net71 (net)
                  0.12    0.00    4.07 ^ repeater70/A (sky130_fd_sc_hd__clkbuf_2)
                  0.13    0.20    4.28 ^ repeater70/X (sky130_fd_sc_hd__clkbuf_2)
     5    0.02                           net70 (net)
                  0.13    0.00    4.28 ^ _0932_/B1 (sky130_fd_sc_hd__o31a_2)
                  0.14    0.25    4.53 ^ _0932_/X (sky130_fd_sc_hd__o31a_2)
     5    0.02                           tx.tx_crc.rst_n (net)
                  0.14    0.00    4.53 ^ repeater50/A (sky130_fd_sc_hd__clkbuf_2)
                  0.10    0.19    4.72 ^ repeater50/X (sky130_fd_sc_hd__clkbuf_2)
     5    0.02                           net50 (net)
                  0.10    0.00    4.72 ^ repeater48/A (sky130_fd_sc_hd__clkbuf_2)
                  0.12    0.19    4.91 ^ repeater48/X (sky130_fd_sc_hd__clkbuf_2)
     5    0.02                           net48 (net)
                  0.12    0.00    4.91 ^ _1451_/SET_B (sky130_fd_sc_hd__dfstp_1)
                                  4.91   data arrival time

                         15.00   15.00   clock clk_48 (rise edge)
                          0.00   15.00   clock source latency
                  0.08    0.05   15.05 ^ clk_48 (in)
     1    0.02                           clk_48 (net)
                  0.08    0.00   15.05 ^ clkbuf_0_clk_48/A (sky130_fd_sc_hd__clkbuf_16)
                  0.11    0.19   15.24 ^ clkbuf_0_clk_48/X (sky130_fd_sc_hd__clkbuf_16)
    16    0.10                           clknet_0_clk_48 (net)
                  0.12    0.01   15.25 ^ clkbuf_4_0_0_clk_48/A (sky130_fd_sc_hd__clkbuf_8)
                  0.10    0.18   15.43 ^ clkbuf_4_0_0_clk_48/X (sky130_fd_sc_hd__clkbuf_8)
    19    0.05                           clknet_4_0_0_clk_48 (net)
                  0.10    0.00   15.44 ^ _1451_/CLK (sky130_fd_sc_hd__dfstp_1)
                         -0.25   15.19   clock uncertainty
                          0.00   15.19   clock reconvergence pessimism
                          0.15   15.33   library recovery time
                                 15.33   data required time
-----------------------------------------------------------------------------
                                 15.33   data required time
                                 -4.91   data arrival time
-----------------------------------------------------------------------------
                                 10.42   slack (MET)


Startpoint: _1515_ (rising edge-triggered flip-flop clocked by clk_48)
Endpoint: usb_rst (output port clocked by clk_48)
Path Group: clk_48
Path Type: max
Corner: tt

Fanout     Cap    Slew   Delay    Time   Description
-----------------------------------------------------------------------------
                          0.00    0.00   clock clk_48 (rise edge)
                          0.00    0.00   clock source latency
                  0.08    0.06    0.06 ^ clk_48 (in)
     1    0.02                           clk_48 (net)
                  0.08    0.00    0.06 ^ clkbuf_0_clk_48/A (sky130_fd_sc_hd__clkbuf_16)
                  0.11    0.21    0.27 ^ clkbuf_0_clk_48/X (sky130_fd_sc_hd__clkbuf_16)
    16    0.10                           clknet_0_clk_48 (net)
                  0.11    0.00    0.27 ^ clkbuf_4_15_0_clk_48/A (sky130_fd_sc_hd__clkbuf_8)
                  0.10    0.20    0.47 ^ clkbuf_4_15_0_clk_48/X (sky130_fd_sc_hd__clkbuf_8)
    18    0.05                           clknet_4_15_0_clk_48 (net)
                  0.10    0.00    0.48 ^ _1515_/CLK (sky130_fd_sc_hd__dfrtp_1)
                  0.07    0.43    0.91 v _1515_/Q (sky130_fd_sc_hd__dfrtp_1)
     3    0.01                           recv.reset_detect.cntr[0] (net)
                  0.07    0.00    0.91 v _0905_/A (sky130_fd_sc_hd__nor4_2)
                  0.38    0.43    1.34 ^ _0905_/Y (sky130_fd_sc_hd__nor4_2)
     4    0.01                           _0431_ (net)
                  0.38    0.00    1.34 ^ _0909_/A (sky130_fd_sc_hd__nand4_1)
                  0.15    0.19    1.53 v _0909_/Y (sky130_fd_sc_hd__nand4_1)
     2    0.01                           _0435_ (net)
                  0.15    0.00    1.53 v _0911_/A (sky130_fd_sc_hd__nor2_2)
                  0.21    0.26    1.79 ^ _0911_/Y (sky130_fd_sc_hd__nor2_2)
     4    0.02                           _0437_ (net)
                  0.21    0.00    1.79 ^ _0914_/B (sky130_fd_sc_hd__nand4b_4)
                  0.12    0.16    1.95 v _0914_/Y (sky130_fd_sc_hd__nand4b_4)
     5    0.02                           _0440_ (net)
                  0.12    0.00    1.95 v _0915_/A (sky130_fd_sc_hd__inv_2)
                  0.05    0.09    2.04 ^ _0915_/Y (sky130_fd_sc_hd__inv_2)
     2    0.01                           net43 (net)
                  0.05    0.00    2.04 ^ output43/A (sky130_fd_sc_hd__buf_2)
                  0.17    0.21    2.25 ^ output43/X (sky130_fd_sc_hd__buf_2)
     1    0.03                           usb_rst (net)
                  0.17    0.00    2.25 ^ usb_rst (out)
                                  2.25   data arrival time

                         15.00   15.00   clock clk_48 (rise edge)
                          0.00   15.00   clock network delay (propagated)
                         -0.25   14.75   clock uncertainty
                          0.00   14.75   clock reconvergence pessimism
                         -3.00   11.75   output external delay
                                 11.75   data required time
-----------------------------------------------------------------------------
                                 11.75   data required time
                                 -2.25   data arrival time
-----------------------------------------------------------------------------
                                  9.50   slack (MET)



======================= Fastest Corner ===================================

Startpoint: rst_n (input port clocked by clk_48)
Endpoint: _1451_ (recovery check against rising-edge clock clk_48)
Path Group: **async_default**
Path Type: max
Corner: ff

Fanout     Cap    Slew   Delay    Time   Description
-----------------------------------------------------------------------------
                          0.00    0.00   clock clk_48 (rise edge)
                          0.00    0.00   clock network delay (propagated)
                          3.00    3.00 ^ input external delay
                  0.02    0.01    3.01 ^ rst_n (in)
     1    0.01                           rst_n (net)
                  0.02    0.00    3.01 ^ input13/A (sky130_fd_sc_hd__buf_6)
                  0.04    0.07    3.09 ^ input13/X (sky130_fd_sc_hd__buf_6)
     4    0.02                           net13 (net)
                  0.04    0.00    3.09 ^ repeater75/A (sky130_fd_sc_hd__clkbuf_2)
                  0.10    0.12    3.21 ^ repeater75/X (sky130_fd_sc_hd__clkbuf_2)
     5    0.02                           net75 (net)
                  0.10    0.00    3.21 ^ repeater74/A (sky130_fd_sc_hd__clkbuf_2)
                  0.08    0.13    3.34 ^ repeater74/X (sky130_fd_sc_hd__clkbuf_2)
     5    0.02                           net74 (net)
                  0.08    0.00    3.34 ^ repeater73/A (sky130_fd_sc_hd__clkbuf_1)
                  0.11    0.12    3.46 ^ repeater73/X (sky130_fd_sc_hd__clkbuf_1)
     3    0.01                           net73 (net)
                  0.11    0.00    3.46 ^ repeater72/A (sky130_fd_sc_hd__clkbuf_2)
                  0.09    0.13    3.59 ^ repeater72/X (sky130_fd_sc_hd__clkbuf_2)
     5    0.02                           net72 (net)
                  0.09    0.00    3.59 ^ repeater71/A (sky130_fd_sc_hd__clkbuf_2)
                  0.09    0.13    3.72 ^ repeater71/X (sky130_fd_sc_hd__clkbuf_2)
     5    0.02                           net71 (net)
                  0.09    0.00    3.72 ^ repeater70/A (sky130_fd_sc_hd__clkbuf_2)
                  0.10    0.14    3.86 ^ repeater70/X (sky130_fd_sc_hd__clkbuf_2)
     5    0.02                           net70 (net)
                  0.10    0.00    3.86 ^ _0932_/B1 (sky130_fd_sc_hd__o31a_2)
                  0.11    0.14    4.00 ^ _0932_/X (sky130_fd_sc_hd__o31a_2)
     5    0.02                           tx.tx_crc.rst_n (net)
                  0.11    0.00    4.00 ^ repeater50/A (sky130_fd_sc_hd__clkbuf_2)
                  0.08    0.13    4.13 ^ repeater50/X (sky130_fd_sc_hd__clkbuf_2)
     5    0.02                           net50 (net)
                  0.08    0.00    4.13 ^ repeater48/A (sky130_fd_sc_hd__clkbuf_2)
                  0.09    0.13    4.25 ^ repeater48/X (sky130_fd_sc_hd__clkbuf_2)
     5    0.02                           net48 (net)
                  0.09    0.00    4.26 ^ _1451_/SET_B (sky130_fd_sc_hd__dfstp_1)
                                  4.26   data arrival time

                         15.00   15.00   clock clk_48 (rise edge)
                          0.00   15.00   clock source latency
                  0.06    0.04   15.04 ^ clk_48 (in)
     1    0.02                           clk_48 (net)
                  0.06    0.00   15.04 ^ clkbuf_0_clk_48/A (sky130_fd_sc_hd__clkbuf_16)
                  0.09    0.13   15.17 ^ clkbuf_0_clk_48/X (sky130_fd_sc_hd__clkbuf_16)
    16    0.10                           clknet_0_clk_48 (net)
                  0.09    0.01   15.18 ^ clkbuf_4_0_0_clk_48/A (sky130_fd_sc_hd__clkbuf_8)
                  0.08    0.13   15.30 ^ clkbuf_4_0_0_clk_48/X (sky130_fd_sc_hd__clkbuf_8)
    19    0.05                           clknet_4_0_0_clk_48 (net)
                  0.08    0.00   15.31 ^ _1451_/CLK (sky130_fd_sc_hd__dfstp_1)
                         -0.25   15.06   clock uncertainty
                          0.00   15.06   clock reconvergence pessimism
                          0.09   15.15   library recovery time
                                 15.15   data required time
-----------------------------------------------------------------------------
                                 15.15   data required time
                                 -4.26   data arrival time
-----------------------------------------------------------------------------
                                 10.89   slack (MET)


Startpoint: _1515_ (rising edge-triggered flip-flop clocked by clk_48)
Endpoint: usb_rst (output port clocked by clk_48)
Path Group: clk_48
Path Type: max
Corner: ff

Fanout     Cap    Slew   Delay    Time   Description
-----------------------------------------------------------------------------
                          0.00    0.00   clock clk_48 (rise edge)
                          0.00    0.00   clock source latency
                  0.06    0.05    0.05 ^ clk_48 (in)
     1    0.02                           clk_48 (net)
                  0.06    0.00    0.05 ^ clkbuf_0_clk_48/A (sky130_fd_sc_hd__clkbuf_16)
                  0.09    0.14    0.19 ^ clkbuf_0_clk_48/X (sky130_fd_sc_hd__clkbuf_16)
    16    0.10                           clknet_0_clk_48 (net)
                  0.09    0.00    0.19 ^ clkbuf_4_15_0_clk_48/A (sky130_fd_sc_hd__clkbuf_8)
                  0.07    0.14    0.33 ^ clkbuf_4_15_0_clk_48/X (sky130_fd_sc_hd__clkbuf_8)
    18    0.05                           clknet_4_15_0_clk_48 (net)
                  0.07    0.00    0.33 ^ _1515_/CLK (sky130_fd_sc_hd__dfrtp_1)
                  0.05    0.27    0.60 v _1515_/Q (sky130_fd_sc_hd__dfrtp_1)
     3    0.01                           recv.reset_detect.cntr[0] (net)
                  0.05    0.00    0.60 v _0905_/A (sky130_fd_sc_hd__nor4_2)
                  0.27    0.30    0.90 ^ _0905_/Y (sky130_fd_sc_hd__nor4_2)
     4    0.01                           _0431_ (net)
                  0.27    0.00    0.90 ^ _0909_/A (sky130_fd_sc_hd__nand4_1)
                  0.10    0.09    0.99 v _0909_/Y (sky130_fd_sc_hd__nand4_1)
     2    0.01                           _0435_ (net)
                  0.10    0.00    0.99 v _0911_/A (sky130_fd_sc_hd__nor2_2)
                  0.15    0.17    1.16 ^ _0911_/Y (sky130_fd_sc_hd__nor2_2)
     4    0.02                           _0437_ (net)
                  0.15    0.00    1.16 ^ _0914_/B (sky130_fd_sc_hd__nand4b_4)
                  0.08    0.09    1.26 v _0914_/Y (sky130_fd_sc_hd__nand4b_4)
     5    0.02                           _0440_ (net)
                  0.08    0.00    1.26 v _0915_/A (sky130_fd_sc_hd__inv_2)
                  0.04    0.06    1.31 ^ _0915_/Y (sky130_fd_sc_hd__inv_2)
     2    0.01                           net43 (net)
                  0.04    0.00    1.31 ^ output43/A (sky130_fd_sc_hd__buf_2)
                  0.13    0.14    1.46 ^ output43/X (sky130_fd_sc_hd__buf_2)
     1    0.03                           usb_rst (net)
                  0.13    0.00    1.46 ^ usb_rst (out)
                                  1.46   data arrival time

                         15.00   15.00   clock clk_48 (rise edge)
                          0.00   15.00   clock network delay (propagated)
                         -0.25   14.75   clock uncertainty
                          0.00   14.75   clock reconvergence pessimism
                         -3.00   11.75   output external delay
                                 11.75   data required time
-----------------------------------------------------------------------------
                                 11.75   data required time
                                 -1.46   data arrival time
-----------------------------------------------------------------------------
                                 10.29   slack (MET)



===========================================================================
report_checks --slack_max -0.01
============================================================================

======================= Slowest Corner ===================================

No paths found.

======================= Typical Corner ===================================

No paths found.

======================= Fastest Corner ===================================

No paths found.
