OpenROAD 0b8b7ae255f8fbbbefa57d443949b84e73eed757 
This program is licensed under the BSD-3 license. See the LICENSE file for details.
Components of this program may be licensed under more restrictive licenses which must be honored.
[INFO ODB-0222] Reading LEF file: /openlane/designs/usb/runs/prueba110/tmp/merged.min.lef
[INFO ODB-0223]     Created 13 technology layers
[INFO ODB-0224]     Created 25 technology vias
[INFO ODB-0225]     Created 441 library cells
[INFO ODB-0226] Finished LEF file:  /openlane/designs/usb/runs/prueba110/tmp/merged.min.lef
[INFO ODB-0127] Reading DEF file: /openlane/designs/usb/runs/prueba110/results/routing/usb.def
[INFO ODB-0128] Design: usb
[INFO ODB-0130]     Created 46 pins.
[INFO ODB-0131]     Created 3559 components and 17014 component-terminals.
[INFO ODB-0132]     Created 2 special nets and 13492 connections.
[INFO ODB-0133]     Created 1032 nets and 3522 connections.
[INFO ODB-0134] Finished DEF file: /openlane/designs/usb/runs/prueba110/results/routing/usb.def
Using RCX ruleset '/home/licit/OpenLane/pdks/sky130A/libs.tech/openlane/rules.openrcx.sky130A.min.spef_extractor'...
[INFO RCX-0431] Defined process_corner X with ext_model_index 0
[INFO RCX-0029] Defined extraction corner X
[INFO RCX-0008] extracting parasitics of usb ...
Notice 0: Split top of 341 T shapes.
[INFO RCX-0435] Reading extraction model file /home/licit/OpenLane/pdks/sky130A/libs.tech/openlane/rules.openrcx.sky130A.min.spef_extractor ...
[INFO RCX-0436] RC segment generation usb (max_merge_res 50.0) ...
[INFO RCX-0040] Final 4093 rc segments
[INFO RCX-0439] Coupling Cap extraction usb ...
[INFO RCX-0440] Coupling threshhold is 0.1000 fF, coupling capacitance less than 0.1000 fF will be grounded.
[INFO RCX-0043] 7881 wires to be extracted
[INFO RCX-0442] 54% completion -- 4259 wires have been extracted
[INFO RCX-0442] 100% completion -- 7881 wires have been extracted
[INFO RCX-0045] Extract 1032 nets, 5124 rsegs, 5124 caps, 6446 ccs
[INFO RCX-0015] Finished extracting usb.
Writing result to /openlane/designs/usb/runs/prueba110/results/routing/usb.min.spef...
[INFO RCX-0016] Writing SPEF ...
[INFO RCX-0443] 1032 nets finished
[INFO RCX-0017] Finished writing SPEF ...
