Thu Jul 20 20:24:48 UTC 2023 - Executing "openroad -python /openlane/scripts/odbpy/lefutil.py get_metal_layers -o /openlane/designs/blabla/runs/mod4/tmp/layers.list /home/licit/OpenLane/pdks/sky130A/libs.ref/sky130_fd_sc_hd/techlef/sky130_fd_sc_hd__nom.tlef"

Thu Jul 20 20:24:49 UTC 2023 - Executing "/openlane/scripts/mergeLef.py -o /openlane/designs/blabla/runs/mod4/tmp/merged.unpadded.nom.lef -i /home/licit/OpenLane/pdks/sky130A/libs.ref/sky130_fd_sc_hd/techlef/sky130_fd_sc_hd__nom.tlef /home/licit/OpenLane/pdks/sky130A/libs.ref/sky130_fd_sc_hd/lef/sky130_fd_sc_hd.lef |& tee /dev/null"

Thu Jul 20 20:24:49 UTC 2023 - Executing "/openlane/scripts/mergeLef.py -o /openlane/designs/blabla/runs/mod4/tmp/merged.unpadded.min.lef -i /home/licit/OpenLane/pdks/sky130A/libs.ref/sky130_fd_sc_hd/techlef/sky130_fd_sc_hd__min.tlef /home/licit/OpenLane/pdks/sky130A/libs.ref/sky130_fd_sc_hd/lef/sky130_fd_sc_hd.lef |& tee /dev/null"

Thu Jul 20 20:24:49 UTC 2023 - Executing "/openlane/scripts/mergeLef.py -o /openlane/designs/blabla/runs/mod4/tmp/merged.unpadded.max.lef -i /home/licit/OpenLane/pdks/sky130A/libs.ref/sky130_fd_sc_hd/techlef/sky130_fd_sc_hd__max.tlef /home/licit/OpenLane/pdks/sky130A/libs.ref/sky130_fd_sc_hd/lef/sky130_fd_sc_hd.lef |& tee /dev/null"

Thu Jul 20 20:24:49 UTC 2023 - Executing "openroad -python /openlane/scripts/mergeLib.py --output /openlane/designs/blabla/runs/mod4/tmp/synthesis/merged.lib --name sky130A_merged /home/licit/OpenLane/pdks/sky130A/libs.ref/sky130_fd_sc_hd/lib/sky130_fd_sc_hd__tt_025C_1v80.lib"

Thu Jul 20 20:24:49 UTC 2023 - Executing "openroad -python /openlane/scripts/libtrim.py --cell-file /openlane/designs/blabla/runs/mod4/tmp/synthesis/trimmed.lib.exclude.list --output /openlane/designs/blabla/runs/mod4/tmp/synthesis/trimmed.lib /openlane/designs/blabla/runs/mod4/tmp/synthesis/merged.lib"

Thu Jul 20 20:24:50 UTC 2023 - Executing "openroad -python /openlane/scripts/new_tracks.py -i /home/licit/OpenLane/pdks/sky130A/libs.tech/openlane/sky130_fd_sc_hd/tracks.info -o /openlane/designs/blabla/runs/mod4/tmp/routing/config.tracks"

Thu Jul 20 20:24:50 UTC 2023 - Executing "echo {openlane 5a767e7fd208359f89d6784c8bc7533843013962} > /openlane/designs/blabla/runs/mod4/OPENLANE_VERSION"

Thu Jul 20 20:25:01 UTC 2023 - Executing "sed -E {s/^([[:space:]]+)pg_pin(.*)/\1pin\2\n\1    direction : "inout";/g} /home/licit/OpenLane/pdks/sky130A/libs.ref/sky130_fd_sc_hd/lib/sky130_fd_sc_hd__tt_025C_1v80.lib > /openlane/designs/blabla/runs/mod4/tmp/synthesis/1-sky130_fd_sc_hd__tt_025C_1v80.no_pg.lib"

Thu Jul 20 20:25:01 UTC 2023 - Executing "sed -E {s/^([[:space:]]+)pg_pin(.*)/\1pin\2\n\1    direction : "inout";/g} /openlane/designs/blabla/runs/mod4/tmp/synthesis/trimmed.lib > /openlane/designs/blabla/runs/mod4/tmp/synthesis/1-trimmed.no_pg.lib"

Thu Jul 20 20:25:01 UTC 2023 - Executing "yosys -c /openlane/scripts/yosys/synth.tcl -l /openlane/designs/blabla/runs/mod4/logs/synthesis/1-synthesis.log |& tee /dev/null"

Thu Jul 20 20:25:30 UTC 2023 - Executing "sed -i -e {s/\(set ::env(CURRENT_NETLIST)\).*/\1 \/openlane\/designs\/blabla\/runs\/mod4\/results\/synthesis\/blabla.v/} /openlane/designs/blabla/runs/mod4/config.tcl"

Thu Jul 20 20:25:30 UTC 2023 - Executing "sed -i -e {s/\(set ::env(PREV_NETLIST)\).*/\1 0/} /openlane/designs/blabla/runs/mod4/config.tcl"

Thu Jul 20 20:25:30 UTC 2023 - Executing "sed -i /defparam/d /openlane/designs/blabla/runs/mod4/results/synthesis/blabla.v"

Thu Jul 20 20:25:30 UTC 2023 - Executing "openroad -exit /openlane/scripts/openroad/sta.tcl |& tee /dev/null /openlane/designs/blabla/runs/mod4/logs/synthesis/2-sta.log"

Thu Jul 20 20:25:33 UTC 2023 - Executing "openroad -exit /openlane/scripts/openroad/sta_ana.tcl |& tee /dev/null /openlane/designs/blabla/runs/mod4/logs/synthesis/3-sta_ana.log"

Thu Jul 20 20:25:55 UTC 2023 - Executing "openroad -exit /openlane/scripts/openroad/floorplan.tcl |& tee /dev/null /openlane/designs/blabla/runs/mod4/logs/floorplan/4-initial_fp.log"

Thu Jul 20 20:25:56 UTC 2023 - Executing "openroad -python /openlane/scripts/odbpy/defutil.py extract_core_dims --output-data /openlane/designs/blabla/runs/mod4/tmp/dimensions.txt --input-lef /openlane/designs/blabla/runs/mod4/tmp/merged.nom.lef /openlane/designs/blabla/runs/mod4/tmp/floorplan/4-initial_fp.def"

Thu Jul 20 20:25:56 UTC 2023 - Executing "openroad -exit /openlane/scripts/openroad/ioplacer.tcl |& tee /dev/null /openlane/designs/blabla/runs/mod4/logs/floorplan/5-io.log"

Thu Jul 20 20:25:57 UTC 2023 - Executing "openroad -exit /openlane/scripts/openroad/tapcell.tcl |& tee /dev/null /openlane/designs/blabla/runs/mod4/logs/floorplan/6-tap.log"

Thu Jul 20 20:25:57 UTC 2023 - Executing "openroad -exit /openlane/scripts/openroad/pdn.tcl |& tee /dev/null /openlane/designs/blabla/runs/mod4/logs/floorplan/7-pdn.log"

Thu Jul 20 20:26:20 UTC 2023 - Executing "openroad -exit /openlane/scripts/openroad/replace.tcl |& tee /dev/null /openlane/designs/blabla/runs/mod4/logs/placement/8-global.log"

Thu Jul 20 20:27:14 UTC 2023 - Executing "openroad -exit /openlane/scripts/openroad/replace_ana.tcl |& tee /dev/null /openlane/designs/blabla/runs/mod4/logs/placement/8-global_ana.log"

Thu Jul 20 20:28:08 UTC 2023 - Executing "openroad -exit /openlane/scripts/openroad/resizer.tcl |& tee /dev/null /openlane/designs/blabla/runs/mod4/logs/placement/9-resizer.log"

Thu Jul 20 20:28:19 UTC 2023 - Executing "openroad -exit /openlane/scripts/openroad/write_verilog.tcl |& tee /dev/null /openlane/designs/blabla/runs/mod4/logs/placement/10-write_verilog.log"

Thu Jul 20 20:28:20 UTC 2023 - Executing "sed -i -e {s/\(set ::env(CURRENT_NETLIST)\).*/\1 \/openlane\/designs\/blabla\/runs\/mod4\/results\/placement\/blabla.resized.v/} /openlane/designs/blabla/runs/mod4/config.tcl"

Thu Jul 20 20:28:20 UTC 2023 - Executing "sed -i -e {s/\(set ::env(PREV_NETLIST)\).*/\1 \/openlane\/designs\/blabla\/runs\/mod4\/results\/synthesis\/blabla.v/} /openlane/designs/blabla/runs/mod4/config.tcl"

Thu Jul 20 20:28:20 UTC 2023 - Executing "openroad -exit /openlane/scripts/openroad/opendp.tcl |& tee /dev/null /openlane/designs/blabla/runs/mod4/logs/placement/11-detailed.log"

Thu Jul 20 20:28:33 UTC 2023 - Executing "openroad -python /openlane/scripts/libtrim.py --cell-file /openlane/designs/blabla/runs/mod4/tmp/cts/cts.lib.exclude.list --output /openlane/designs/blabla/runs/mod4/tmp/cts/cts.lib /home/licit/OpenLane/pdks/sky130A/libs.ref/sky130_fd_sc_hd/lib/sky130_fd_sc_hd__tt_025C_1v80.lib"

Thu Jul 20 20:28:34 UTC 2023 - Executing "openroad -exit /openlane/scripts/openroad/cts.tcl |& tee /dev/null /openlane/designs/blabla/runs/mod4/logs/cts/12-cts.log"

Thu Jul 20 20:29:22 UTC 2023 - Executing "openroad -exit /openlane/scripts/openroad/cts_ana.tcl |& tee /dev/null /openlane/designs/blabla/runs/mod4/logs/cts/12-cts_ana.log"

Thu Jul 20 20:30:11 UTC 2023 - Executing "openroad -exit /openlane/scripts/openroad/write_verilog.tcl |& tee /dev/null /openlane/designs/blabla/runs/mod4/logs/cts/13-write_verilog.log"

Thu Jul 20 20:30:12 UTC 2023 - Executing "sed -i -e {s/\(set ::env(CURRENT_NETLIST)\).*/\1 \/openlane\/designs\/blabla\/runs\/mod4\/results\/cts\/blabla.v/} /openlane/designs/blabla/runs/mod4/config.tcl"

Thu Jul 20 20:30:12 UTC 2023 - Executing "sed -i -e {s/\(set ::env(PREV_NETLIST)\).*/\1 \/openlane\/designs\/blabla\/runs\/mod4\/results\/placement\/blabla.resized.v/} /openlane/designs/blabla/runs/mod4/config.tcl"

Thu Jul 20 20:30:30 UTC 2023 - Executing "openroad -exit /openlane/scripts/openroad/resizer_routing_timing.tcl |& tee /dev/null /openlane/designs/blabla/runs/mod4/logs/routing/14-resizer.log"

Thu Jul 20 20:30:41 UTC 2023 - Executing "openroad -exit /openlane/scripts/openroad/resizer_routing_timing_ana.tcl |& tee /dev/null /openlane/designs/blabla/runs/mod4/logs/routing/14-resizer_ana.log"

Thu Jul 20 20:30:52 UTC 2023 - Executing "openroad -exit /openlane/scripts/openroad/write_verilog.tcl |& tee /dev/null /openlane/designs/blabla/runs/mod4/logs/routing/15-write_verilog.log"

Thu Jul 20 20:30:53 UTC 2023 - Executing "sed -i -e {s/\(set ::env(CURRENT_NETLIST)\).*/\1 \/openlane\/designs\/blabla\/runs\/mod4\/results\/routing\/blabla.resized.v/} /openlane/designs/blabla/runs/mod4/config.tcl"

Thu Jul 20 20:30:53 UTC 2023 - Executing "sed -i -e {s/\(set ::env(PREV_NETLIST)\).*/\1 \/openlane\/designs\/blabla\/runs\/mod4\/results\/cts\/blabla.v/} /openlane/designs/blabla/runs/mod4/config.tcl"

Thu Jul 20 20:30:53 UTC 2023 - Executing "openroad -exit /openlane/scripts/openroad/opendp.tcl |& tee /dev/null /openlane/designs/blabla/runs/mod4/logs/routing/16-diode_legalization.log"

Thu Jul 20 20:30:54 UTC 2023 - Executing "openroad -exit /openlane/scripts/openroad/groute.tcl |& tee /dev/null /openlane/designs/blabla/runs/mod4/logs/routing/17-global.log"

Thu Jul 20 20:31:12 UTC 2023 - Executing "openroad -exit /openlane/scripts/openroad/groute_ana.tcl |& tee /dev/null /openlane/designs/blabla/runs/mod4/logs/routing/17-global_ana.log"

Thu Jul 20 20:31:29 UTC 2023 - Executing "openroad -exit /openlane/scripts/openroad/fill.tcl |& tee /dev/null /openlane/designs/blabla/runs/mod4/logs/routing/18-fill.log"

Thu Jul 20 20:31:31 UTC 2023 - Executing "openroad -exit /openlane/scripts/openroad/write_verilog.tcl |& tee /dev/null /openlane/designs/blabla/runs/mod4/logs/routing/19-write_verilog_global.log"

Thu Jul 20 20:31:32 UTC 2023 - Executing "sed -i -e {s/\(set ::env(CURRENT_NETLIST)\).*/\1 \/openlane\/designs\/blabla\/runs\/mod4\/tmp\/routing\/18-global.v/} /openlane/designs/blabla/runs/mod4/config.tcl"

Thu Jul 20 20:31:32 UTC 2023 - Executing "sed -i -e {s/\(set ::env(PREV_NETLIST)\).*/\1 \/openlane\/designs\/blabla\/runs\/mod4\/results\/routing\/blabla.resized.v/} /openlane/designs/blabla/runs/mod4/config.tcl"

Thu Jul 20 20:31:32 UTC 2023 - Executing "openroad -exit /openlane/scripts/openroad/droute.tcl |& tee /dev/null /openlane/designs/blabla/runs/mod4/logs/routing/20-detailed.log"

Thu Jul 20 20:51:01 UTC 2023 - Executing "openroad -python /openlane/scripts/drc_rosetta.py tr to_klayout -o /openlane/designs/blabla/runs/mod4/reports/routing/detailed.klayout.xml --design-name blabla /openlane/designs/blabla/runs/mod4/reports/routing/detailed.drc"

Thu Jul 20 20:51:02 UTC 2023 - Executing "openroad -exit /openlane/scripts/openroad/write_verilog.tcl |& tee /dev/null /openlane/designs/blabla/runs/mod4/logs/routing/21-write_verilog_detailed.log"

Thu Jul 20 20:51:04 UTC 2023 - Executing "sed -i -e {s/\(set ::env(CURRENT_NETLIST)\).*/\1 \/openlane\/designs\/blabla\/runs\/mod4\/tmp\/routing\/20-detailed.v/} /openlane/designs/blabla/runs/mod4/config.tcl"

Thu Jul 20 20:51:04 UTC 2023 - Executing "sed -i -e {s/\(set ::env(PREV_NETLIST)\).*/\1 \/openlane\/designs\/blabla\/runs\/mod4\/tmp\/routing\/18-global.v/} /openlane/designs/blabla/runs/mod4/config.tcl"

