
62. Printing statistics.

=== adder_8b_pipeline ===

   Number of wires:                 76
   Number of wire bits:             97
   Number of public wires:          16
   Number of public wire bits:      37
   Number of memories:               0
   Number of memory bits:            0
   Number of processes:              0
   Number of cells:                 78
     sky130_fd_sc_hd__a21bo_2        1
     sky130_fd_sc_hd__a21boi_2       3
     sky130_fd_sc_hd__a21o_2         1
     sky130_fd_sc_hd__a21oi_2        1
     sky130_fd_sc_hd__a2bb2o_2       1
     sky130_fd_sc_hd__and2_2         9
     sky130_fd_sc_hd__and2b_2        3
     sky130_fd_sc_hd__and3_2         2
     sky130_fd_sc_hd__buf_1         11
     sky130_fd_sc_hd__dfxtp_2       13
     sky130_fd_sc_hd__nand2_2       11
     sky130_fd_sc_hd__nand3_2        1
     sky130_fd_sc_hd__nor2_2         4
     sky130_fd_sc_hd__o211a_2        2
     sky130_fd_sc_hd__o21a_2         2
     sky130_fd_sc_hd__o21ai_2        3
     sky130_fd_sc_hd__or2_2          5
     sky130_fd_sc_hd__or4b_2         1
     sky130_fd_sc_hd__xnor2_2        4

   Chip area for module '\adder_8b_pipeline': 773.241600

