[INFO]: Preparing LEF files for the nom corner...
[INFO]: Preparing LEF files for the min corner...
[INFO]: Preparing LEF files for the max corner...
[INFO]: Running Synthesis...
[INFO]: Running Single-Corner Static Timing Analysis...
[ERROR]: during executing openroad script /openlane/scripts/openroad/sta.tcl
[ERROR]: Exit code: 1
[ERROR]: full log: designs/usb/runs/prueba33/logs/synthesis/2-sta.log
[ERROR]: Last 10 lines:

min_report_end
REPORTE_ANA
sky130_fd_sc_hd__dfbbn_1 sky130_fd_sc_hd__dfbbn_2 sky130_fd_sc_hd__dfbbp_1 sky130_fd_sc_hd__dfbbp_2 sky130_fd_sc_hd__dfrbp_1 sky130_fd_sc_hd__dfrbp_2 sky130_fd_sc_hd__dfrtn_1 sky130_fd_sc_hd__dfrtp_1 sky130_fd_sc_hd__dfrtp_2 sky130_fd_sc_hd__dfrtp_4 sky130_fd_sc_hd__dfsbp_1 sky130_fd_sc_hd__dfsbp_2 sky130_fd_sc_hd__dfstp_1 sky130_fd_sc_hd__dfstp_2 sky130_fd_sc_hd__dfstp_4 sky130_fd_sc_hd__dfxbp_1 sky130_fd_sc_hd__dfxbp_2 sky130_fd_sc_hd__dfxtp_1 sky130_fd_sc_hd__dfxtp_2 sky130_fd_sc_hd__dfxtp_4 {}

===========================================================================
report_checks -path_delay FF MIN (Hold)
============================================================================
Error: sta.tcl, 89 invalid command name "Iterar"
child process exited abnormally

[INFO]: Saving runtime environment...
[INFO]: Creating reproducible...
[ERROR]: Failed to package reproducible.
[INFO]: Saving current set of views in 'designs/usb/runs/prueba33/results/final'...
[INFO]: Generating final set of reports...
[INFO]: Created manufacturability report at 'designs/usb/runs/prueba33/reports/manufacturability.rpt'.
[INFO]: Created metrics report at 'designs/usb/runs/prueba33/reports/metrics.csv'.
[INFO]: Saving runtime environment...
[ERROR]: Flow failed.
[INFO]: Resuming flow from synthesis...
[INFO]: Running Synthesis...
[WARNING]: A netlist at /openlane/designs/usb/runs/prueba33/results/synthesis/usb.v already exists. Synthesis will be skipped.
[INFO]: Running Single-Corner Static Timing Analysis...
