[INFO]: Preparing LEF files for the nom corner...
[INFO]: Preparing LEF files for the min corner...
[INFO]: Preparing LEF files for the max corner...
[INFO]: Running Synthesis...
[INFO]: Running Single-Corner Static Timing Analysis...
[ERROR]: during executing openroad script /openlane/scripts/openroad/sta.tcl
[ERROR]: Exit code: 1
[ERROR]: full log: designs/usb/runs/prueba5/logs/synthesis/2-sta.log
[ERROR]: Last 10 lines:
-----------------------------------------------------------------------------
                                  0.23   data required time
                                 -0.33   data arrival time
-----------------------------------------------------------------------------
                                  0.09   slack (MET)


min_report_end
Error: sta.tcl, 73 couldn't open "tipos_ff.txt": no such file or directory
child process exited abnormally

[INFO]: Saving runtime environment...
[INFO]: Creating reproducible...
[ERROR]: Failed to package reproducible.
[INFO]: Saving current set of views in 'designs/usb/runs/prueba5/results/final'...
[INFO]: Generating final set of reports...
[INFO]: Created manufacturability report at 'designs/usb/runs/prueba5/reports/manufacturability.rpt'.
[INFO]: Created metrics report at 'designs/usb/runs/prueba5/reports/metrics.csv'.
[INFO]: Saving runtime environment...
[ERROR]: Flow failed.
